{"D:\\WorkSpace\\Clinic-System-Backend\\src\\controllers\\accountController.js": {"path":"D:\\WorkSpace\\Clinic-System-Backend\\src\\controllers\\accountController.js","statementMap":{"0":{"start":{"line":1,"column":16},"end":{"line":1,"column":44}},"1":{"start":{"line":2,"column":13},"end":{"line":2,"column":38}},"2":{"start":{"line":3,"column":16},"end":{"line":3,"column":44}},"3":{"start":{"line":4,"column":23},"end":{"line":4,"column":58}},"4":{"start":{"line":5,"column":23},"end":{"line":5,"column":53}},"5":{"start":{"line":6,"column":23},"end":{"line":6,"column":53}},"6":{"start":{"line":7,"column":15},"end":{"line":7,"column":32}},"7":{"start":{"line":8,"column":12},"end":{"line":8,"column":35}},"8":{"start":{"line":11,"column":0},"end":{"line":77,"column":2}},"9":{"start":{"line":12,"column":2},"end":{"line":76,"column":3}},"10":{"start":{"line":13,"column":71},"end":{"line":13,"column":79}},"11":{"start":{"line":16,"column":25},"end":{"line":16,"column":57}},"12":{"start":{"line":17,"column":4},"end":{"line":19,"column":5}},"13":{"start":{"line":18,"column":6},"end":{"line":18,"column":68}},"14":{"start":{"line":22,"column":24},"end":{"line":22,"column":63}},"15":{"start":{"line":23,"column":4},"end":{"line":25,"column":5}},"16":{"start":{"line":24,"column":6},"end":{"line":24,"column":98}},"17":{"start":{"line":28,"column":27},"end":{"line":28,"column":58}},"18":{"start":{"line":29,"column":23},"end":{"line":33,"column":6}},"19":{"start":{"line":34,"column":4},"end":{"line":34,"column":28}},"20":{"start":{"line":37,"column":23},"end":{"line":44,"column":6}},"21":{"start":{"line":45,"column":4},"end":{"line":64,"column":5}},"22":{"start":{"line":46,"column":6},"end":{"line":46,"column":30}},"23":{"start":{"line":49,"column":6},"end":{"line":49,"column":55}},"24":{"start":{"line":52,"column":6},"end":{"line":61,"column":7}},"25":{"start":{"line":53,"column":20},"end":{"line":53,"column":54}},"26":{"start":{"line":54,"column":8},"end":{"line":56,"column":9}},"27":{"start":{"line":55,"column":10},"end":{"line":55,"column":85}},"28":{"start":{"line":57,"column":8},"end":{"line":59,"column":9}},"29":{"start":{"line":58,"column":10},"end":{"line":58,"column":74}},"30":{"start":{"line":60,"column":8},"end":{"line":60,"column":83}},"31":{"start":{"line":63,"column":6},"end":{"line":63,"column":16}},"32":{"start":{"line":67,"column":22},"end":{"line":67,"column":65}},"33":{"start":{"line":68,"column":4},"end":{"line":72,"column":7}},"34":{"start":{"line":73,"column":4},"end":{"line":73,"column":95}},"35":{"start":{"line":75,"column":4},"end":{"line":75,"column":75}},"36":{"start":{"line":81,"column":0},"end":{"line":121,"column":2}},"37":{"start":{"line":82,"column":2},"end":{"line":120,"column":3}},"38":{"start":{"line":83,"column":32},"end":{"line":83,"column":40}},"39":{"start":{"line":84,"column":4},"end":{"line":86,"column":5}},"40":{"start":{"line":85,"column":6},"end":{"line":85,"column":69}},"41":{"start":{"line":87,"column":4},"end":{"line":89,"column":5}},"42":{"start":{"line":88,"column":6},"end":{"line":88,"column":83}},"43":{"start":{"line":90,"column":20},"end":{"line":90,"column":87}},"44":{"start":{"line":91,"column":4},"end":{"line":93,"column":5}},"45":{"start":{"line":92,"column":6},"end":{"line":92,"column":71}},"46":{"start":{"line":95,"column":28},"end":{"line":95,"column":76}},"47":{"start":{"line":96,"column":4},"end":{"line":98,"column":5}},"48":{"start":{"line":97,"column":6},"end":{"line":97,"column":64}},"49":{"start":{"line":100,"column":4},"end":{"line":102,"column":5}},"50":{"start":{"line":101,"column":6},"end":{"line":101,"column":74}},"51":{"start":{"line":104,"column":22},"end":{"line":104,"column":62}},"52":{"start":{"line":105,"column":4},"end":{"line":109,"column":7}},"53":{"start":{"line":110,"column":4},"end":{"line":117,"column":7}},"54":{"start":{"line":119,"column":4},"end":{"line":119,"column":67}},"55":{"start":{"line":124,"column":0},"end":{"line":131,"column":2}},"56":{"start":{"line":125,"column":2},"end":{"line":130,"column":3}},"57":{"start":{"line":126,"column":4},"end":{"line":126,"column":33}},"58":{"start":{"line":127,"column":4},"end":{"line":127,"column":70}},"59":{"start":{"line":129,"column":4},"end":{"line":129,"column":68}},"60":{"start":{"line":134,"column":0},"end":{"line":156,"column":2}},"61":{"start":{"line":135,"column":2},"end":{"line":155,"column":3}},"62":{"start":{"line":136,"column":22},"end":{"line":136,"column":30}},"63":{"start":{"line":137,"column":20},"end":{"line":137,"column":68}},"64":{"start":{"line":138,"column":4},"end":{"line":140,"column":5}},"65":{"start":{"line":139,"column":6},"end":{"line":139,"column":71}},"66":{"start":{"line":142,"column":16},"end":{"line":142,"column":54}},"67":{"start":{"line":143,"column":4},"end":{"line":143,"column":47}},"68":{"start":{"line":145,"column":27},"end":{"line":145,"column":61}},"69":{"start":{"line":146,"column":4},"end":{"line":146,"column":32}},"70":{"start":{"line":148,"column":20},"end":{"line":148,"column":54}},"71":{"start":{"line":149,"column":17},"end":{"line":149,"column":92}},"72":{"start":{"line":150,"column":4},"end":{"line":150,"column":56}},"73":{"start":{"line":152,"column":4},"end":{"line":152,"column":80}},"74":{"start":{"line":154,"column":4},"end":{"line":154,"column":67}},"75":{"start":{"line":160,"column":0},"end":{"line":190,"column":2}},"76":{"start":{"line":161,"column":2},"end":{"line":189,"column":3}},"77":{"start":{"line":162,"column":27},"end":{"line":162,"column":35}},"78":{"start":{"line":164,"column":19},"end":{"line":164,"column":63}},"79":{"start":{"line":165,"column":4},"end":{"line":167,"column":5}},"80":{"start":{"line":166,"column":6},"end":{"line":166,"column":84}},"81":{"start":{"line":170,"column":4},"end":{"line":173,"column":5}},"82":{"start":{"line":171,"column":6},"end":{"line":171,"column":58}},"83":{"start":{"line":172,"column":6},"end":{"line":172,"column":66}},"84":{"start":{"line":175,"column":20},"end":{"line":175,"column":86}},"85":{"start":{"line":176,"column":4},"end":{"line":178,"column":5}},"86":{"start":{"line":177,"column":6},"end":{"line":177,"column":74}},"87":{"start":{"line":180,"column":22},"end":{"line":180,"column":92}},"88":{"start":{"line":181,"column":4},"end":{"line":185,"column":7}},"89":{"start":{"line":186,"column":4},"end":{"line":186,"column":73}},"90":{"start":{"line":188,"column":4},"end":{"line":188,"column":66}},"91":{"start":{"line":193,"column":0},"end":{"line":228,"column":2}},"92":{"start":{"line":194,"column":2},"end":{"line":227,"column":3}},"93":{"start":{"line":195,"column":45},"end":{"line":195,"column":53}},"94":{"start":{"line":196,"column":18},"end":{"line":196,"column":39}},"95":{"start":{"line":197,"column":4},"end":{"line":197,"column":82}},"96":{"start":{"line":197,"column":16},"end":{"line":197,"column":82}},"97":{"start":{"line":200,"column":4},"end":{"line":207,"column":5}},"98":{"start":{"line":201,"column":6},"end":{"line":201,"column":58}},"99":{"start":{"line":203,"column":6},"end":{"line":205,"column":7}},"100":{"start":{"line":204,"column":8},"end":{"line":204,"column":70}},"101":{"start":{"line":206,"column":6},"end":{"line":206,"column":70}},"102":{"start":{"line":210,"column":4},"end":{"line":212,"column":5}},"103":{"start":{"line":211,"column":6},"end":{"line":211,"column":88}},"104":{"start":{"line":214,"column":4},"end":{"line":216,"column":5}},"105":{"start":{"line":215,"column":6},"end":{"line":215,"column":81}},"106":{"start":{"line":218,"column":19},"end":{"line":218,"column":53}},"107":{"start":{"line":219,"column":4},"end":{"line":219,"column":71}},"108":{"start":{"line":222,"column":4},"end":{"line":222,"column":33}},"109":{"start":{"line":224,"column":4},"end":{"line":224,"column":101}},"110":{"start":{"line":226,"column":4},"end":{"line":226,"column":76}},"111":{"start":{"line":231,"column":0},"end":{"line":251,"column":2}},"112":{"start":{"line":232,"column":2},"end":{"line":250,"column":3}},"113":{"start":{"line":233,"column":19},"end":{"line":236,"column":13}},"114":{"start":{"line":239,"column":4},"end":{"line":244,"column":7}},"115":{"start":{"line":240,"column":6},"end":{"line":242,"column":7}},"116":{"start":{"line":241,"column":8},"end":{"line":241,"column":43}},"117":{"start":{"line":243,"column":6},"end":{"line":243,"column":17}},"118":{"start":{"line":246,"column":4},"end":{"line":246,"column":46}},"119":{"start":{"line":248,"column":4},"end":{"line":248,"column":25}},"120":{"start":{"line":249,"column":4},"end":{"line":249,"column":83}},"121":{"start":{"line":254,"column":0},"end":{"line":274,"column":2}},"122":{"start":{"line":255,"column":2},"end":{"line":273,"column":3}},"123":{"start":{"line":256,"column":19},"end":{"line":256,"column":29}},"124":{"start":{"line":257,"column":18},"end":{"line":260,"column":13}},"125":{"start":{"line":261,"column":4},"end":{"line":263,"column":5}},"126":{"start":{"line":262,"column":6},"end":{"line":262,"column":75}},"127":{"start":{"line":265,"column":4},"end":{"line":267,"column":5}},"128":{"start":{"line":266,"column":6},"end":{"line":266,"column":49}},"129":{"start":{"line":269,"column":4},"end":{"line":269,"column":45}},"130":{"start":{"line":271,"column":4},"end":{"line":271,"column":25}},"131":{"start":{"line":272,"column":4},"end":{"line":272,"column":83}},"132":{"start":{"line":277,"column":0},"end":{"line":291,"column":2}},"133":{"start":{"line":278,"column":2},"end":{"line":290,"column":3}},"134":{"start":{"line":279,"column":19},"end":{"line":279,"column":29}},"135":{"start":{"line":280,"column":38},"end":{"line":280,"column":46}},"136":{"start":{"line":281,"column":27},"end":{"line":285,"column":5}},"137":{"start":{"line":286,"column":4},"end":{"line":286,"column":94}},"138":{"start":{"line":286,"column":25},"end":{"line":286,"column":94}},"139":{"start":{"line":287,"column":4},"end":{"line":287,"column":104}},"140":{"start":{"line":289,"column":4},"end":{"line":289,"column":78}},"141":{"start":{"line":293,"column":0},"end":{"line":324,"column":2}},"142":{"start":{"line":294,"column":2},"end":{"line":323,"column":3}},"143":{"start":{"line":295,"column":19},"end":{"line":295,"column":29}},"144":{"start":{"line":297,"column":17},"end":{"line":297,"column":42}},"145":{"start":{"line":298,"column":19},"end":{"line":298,"column":77}},"146":{"start":{"line":299,"column":21},"end":{"line":299,"column":55}},"147":{"start":{"line":301,"column":4},"end":{"line":317,"column":5}},"148":{"start":{"line":303,"column":6},"end":{"line":303,"column":49}},"149":{"start":{"line":305,"column":9},"end":{"line":317,"column":5}},"150":{"start":{"line":307,"column":21},"end":{"line":307,"column":48}},"151":{"start":{"line":308,"column":6},"end":{"line":308,"column":48}},"152":{"start":{"line":310,"column":9},"end":{"line":317,"column":5}},"153":{"start":{"line":311,"column":27},"end":{"line":311,"column":60}},"154":{"start":{"line":312,"column":6},"end":{"line":312,"column":54}},"155":{"start":{"line":314,"column":9},"end":{"line":317,"column":5}},"156":{"start":{"line":315,"column":20},"end":{"line":315,"column":46}},"157":{"start":{"line":316,"column":6},"end":{"line":316,"column":47}},"158":{"start":{"line":318,"column":27},"end":{"line":318,"column":70}},"159":{"start":{"line":319,"column":4},"end":{"line":319,"column":94}},"160":{"start":{"line":319,"column":25},"end":{"line":319,"column":94}},"161":{"start":{"line":320,"column":4},"end":{"line":320,"column":99}},"162":{"start":{"line":322,"column":4},"end":{"line":322,"column":73}},"163":{"start":{"line":327,"column":0},"end":{"line":336,"column":2}},"164":{"start":{"line":328,"column":2},"end":{"line":335,"column":3}},"165":{"start":{"line":329,"column":24},"end":{"line":329,"column":34}},"166":{"start":{"line":330,"column":17},"end":{"line":330,"column":45}},"167":{"start":{"line":331,"column":4},"end":{"line":331,"column":82}},"168":{"start":{"line":331,"column":15},"end":{"line":331,"column":82}},"169":{"start":{"line":332,"column":4},"end":{"line":332,"column":42}},"170":{"start":{"line":334,"column":4},"end":{"line":334,"column":81}}},"fnMap":{"0":{"name":"(anonymous_0)","decl":{"start":{"line":11,"column":26},"end":{"line":11,"column":27}},"loc":{"start":{"line":11,"column":46},"end":{"line":77,"column":1}},"line":11},"1":{"name":"(anonymous_1)","decl":{"start":{"line":81,"column":23},"end":{"line":81,"column":24}},"loc":{"start":{"line":81,"column":43},"end":{"line":121,"column":1}},"line":81},"2":{"name":"(anonymous_2)","decl":{"start":{"line":124,"column":24},"end":{"line":124,"column":25}},"loc":{"start":{"line":124,"column":44},"end":{"line":131,"column":1}},"line":124},"3":{"name":"(anonymous_3)","decl":{"start":{"line":134,"column":36},"end":{"line":134,"column":37}},"loc":{"start":{"line":134,"column":56},"end":{"line":156,"column":1}},"line":134},"4":{"name":"(anonymous_4)","decl":{"start":{"line":160,"column":33},"end":{"line":160,"column":34}},"loc":{"start":{"line":160,"column":53},"end":{"line":190,"column":1}},"line":160},"5":{"name":"(anonymous_5)","decl":{"start":{"line":193,"column":35},"end":{"line":193,"column":36}},"loc":{"start":{"line":193,"column":55},"end":{"line":228,"column":1}},"line":193},"6":{"name":"(anonymous_6)","decl":{"start":{"line":231,"column":29},"end":{"line":231,"column":30}},"loc":{"start":{"line":231,"column":49},"end":{"line":251,"column":1}},"line":231},"7":{"name":"(anonymous_7)","decl":{"start":{"line":239,"column":28},"end":{"line":239,"column":29}},"loc":{"start":{"line":239,"column":35},"end":{"line":244,"column":5}},"line":239},"8":{"name":"(anonymous_8)","decl":{"start":{"line":254,"column":32},"end":{"line":254,"column":33}},"loc":{"start":{"line":254,"column":52},"end":{"line":274,"column":1}},"line":254},"9":{"name":"(anonymous_9)","decl":{"start":{"line":277,"column":31},"end":{"line":277,"column":32}},"loc":{"start":{"line":277,"column":51},"end":{"line":291,"column":1}},"line":277},"10":{"name":"(anonymous_10)","decl":{"start":{"line":293,"column":31},"end":{"line":293,"column":32}},"loc":{"start":{"line":293,"column":51},"end":{"line":324,"column":1}},"line":293},"11":{"name":"(anonymous_11)","decl":{"start":{"line":327,"column":25},"end":{"line":327,"column":26}},"loc":{"start":{"line":327,"column":45},"end":{"line":336,"column":1}},"line":327}},"branchMap":{"0":{"loc":{"start":{"line":17,"column":4},"end":{"line":19,"column":5}},"type":"if","locations":[{"start":{"line":17,"column":4},"end":{"line":19,"column":5}},{"start":{},"end":{}}],"line":17},"1":{"loc":{"start":{"line":23,"column":4},"end":{"line":25,"column":5}},"type":"if","locations":[{"start":{"line":23,"column":4},"end":{"line":25,"column":5}},{"start":{},"end":{}}],"line":23},"2":{"loc":{"start":{"line":52,"column":6},"end":{"line":61,"column":7}},"type":"if","locations":[{"start":{"line":52,"column":6},"end":{"line":61,"column":7}},{"start":{},"end":{}}],"line":52},"3":{"loc":{"start":{"line":52,"column":10},"end":{"line":52,"column":35}},"type":"binary-expr","locations":[{"start":{"line":52,"column":10},"end":{"line":52,"column":13}},{"start":{"line":52,"column":17},"end":{"line":52,"column":35}}],"line":52},"4":{"loc":{"start":{"line":53,"column":32},"end":{"line":53,"column":50}},"type":"binary-expr","locations":[{"start":{"line":53,"column":32},"end":{"line":53,"column":44}},{"start":{"line":53,"column":48},"end":{"line":53,"column":50}}],"line":53},"5":{"loc":{"start":{"line":54,"column":8},"end":{"line":56,"column":9}},"type":"if","locations":[{"start":{"line":54,"column":8},"end":{"line":56,"column":9}},{"start":{},"end":{}}],"line":54},"6":{"loc":{"start":{"line":57,"column":8},"end":{"line":59,"column":9}},"type":"if","locations":[{"start":{"line":57,"column":8},"end":{"line":59,"column":9}},{"start":{},"end":{}}],"line":57},"7":{"loc":{"start":{"line":60,"column":50},"end":{"line":60,"column":65}},"type":"binary-expr","locations":[{"start":{"line":60,"column":50},"end":{"line":60,"column":53}},{"start":{"line":60,"column":57},"end":{"line":60,"column":65}}],"line":60},"8":{"loc":{"start":{"line":84,"column":4},"end":{"line":86,"column":5}},"type":"if","locations":[{"start":{"line":84,"column":4},"end":{"line":86,"column":5}},{"start":{},"end":{}}],"line":84},"9":{"loc":{"start":{"line":84,"column":8},"end":{"line":84,"column":38}},"type":"binary-expr","locations":[{"start":{"line":84,"column":8},"end":{"line":84,"column":14}},{"start":{"line":84,"column":18},"end":{"line":84,"column":38}}],"line":84},"10":{"loc":{"start":{"line":87,"column":4},"end":{"line":89,"column":5}},"type":"if","locations":[{"start":{"line":87,"column":4},"end":{"line":89,"column":5}},{"start":{},"end":{}}],"line":87},"11":{"loc":{"start":{"line":87,"column":8},"end":{"line":87,"column":40}},"type":"binary-expr","locations":[{"start":{"line":87,"column":8},"end":{"line":87,"column":17}},{"start":{"line":87,"column":21},"end":{"line":87,"column":40}}],"line":87},"12":{"loc":{"start":{"line":91,"column":4},"end":{"line":93,"column":5}},"type":"if","locations":[{"start":{"line":91,"column":4},"end":{"line":93,"column":5}},{"start":{},"end":{}}],"line":91},"13":{"loc":{"start":{"line":96,"column":4},"end":{"line":98,"column":5}},"type":"if","locations":[{"start":{"line":96,"column":4},"end":{"line":98,"column":5}},{"start":{},"end":{}}],"line":96},"14":{"loc":{"start":{"line":100,"column":4},"end":{"line":102,"column":5}},"type":"if","locations":[{"start":{"line":100,"column":4},"end":{"line":102,"column":5}},{"start":{},"end":{}}],"line":100},"15":{"loc":{"start":{"line":138,"column":4},"end":{"line":140,"column":5}},"type":"if","locations":[{"start":{"line":138,"column":4},"end":{"line":140,"column":5}},{"start":{},"end":{}}],"line":138},"16":{"loc":{"start":{"line":165,"column":4},"end":{"line":167,"column":5}},"type":"if","locations":[{"start":{"line":165,"column":4},"end":{"line":167,"column":5}},{"start":{},"end":{}}],"line":165},"17":{"loc":{"start":{"line":170,"column":4},"end":{"line":173,"column":5}},"type":"if","locations":[{"start":{"line":170,"column":4},"end":{"line":173,"column":5}},{"start":{},"end":{}}],"line":170},"18":{"loc":{"start":{"line":176,"column":4},"end":{"line":178,"column":5}},"type":"if","locations":[{"start":{"line":176,"column":4},"end":{"line":178,"column":5}},{"start":{},"end":{}}],"line":176},"19":{"loc":{"start":{"line":197,"column":4},"end":{"line":197,"column":82}},"type":"if","locations":[{"start":{"line":197,"column":4},"end":{"line":197,"column":82}},{"start":{},"end":{}}],"line":197},"20":{"loc":{"start":{"line":203,"column":6},"end":{"line":205,"column":7}},"type":"if","locations":[{"start":{"line":203,"column":6},"end":{"line":205,"column":7}},{"start":{},"end":{}}],"line":203},"21":{"loc":{"start":{"line":210,"column":4},"end":{"line":212,"column":5}},"type":"if","locations":[{"start":{"line":210,"column":4},"end":{"line":212,"column":5}},{"start":{},"end":{}}],"line":210},"22":{"loc":{"start":{"line":210,"column":8},"end":{"line":210,"column":62}},"type":"binary-expr","locations":[{"start":{"line":210,"column":8},"end":{"line":210,"column":23}},{"start":{"line":210,"column":27},"end":{"line":210,"column":62}}],"line":210},"23":{"loc":{"start":{"line":214,"column":4},"end":{"line":216,"column":5}},"type":"if","locations":[{"start":{"line":214,"column":4},"end":{"line":216,"column":5}},{"start":{},"end":{}}],"line":214},"24":{"loc":{"start":{"line":214,"column":8},"end":{"line":214,"column":46}},"type":"binary-expr","locations":[{"start":{"line":214,"column":8},"end":{"line":214,"column":20}},{"start":{"line":214,"column":24},"end":{"line":214,"column":46}}],"line":214},"25":{"loc":{"start":{"line":240,"column":6},"end":{"line":242,"column":7}},"type":"if","locations":[{"start":{"line":240,"column":6},"end":{"line":242,"column":7}},{"start":{},"end":{}}],"line":240},"26":{"loc":{"start":{"line":241,"column":21},"end":{"line":241,"column":42}},"type":"binary-expr","locations":[{"start":{"line":241,"column":21},"end":{"line":241,"column":34}},{"start":{"line":241,"column":38},"end":{"line":241,"column":42}}],"line":241},"27":{"loc":{"start":{"line":261,"column":4},"end":{"line":263,"column":5}},"type":"if","locations":[{"start":{"line":261,"column":4},"end":{"line":263,"column":5}},{"start":{},"end":{}}],"line":261},"28":{"loc":{"start":{"line":265,"column":4},"end":{"line":267,"column":5}},"type":"if","locations":[{"start":{"line":265,"column":4},"end":{"line":267,"column":5}},{"start":{},"end":{}}],"line":265},"29":{"loc":{"start":{"line":266,"column":23},"end":{"line":266,"column":48}},"type":"binary-expr","locations":[{"start":{"line":266,"column":23},"end":{"line":266,"column":40}},{"start":{"line":266,"column":44},"end":{"line":266,"column":48}}],"line":266},"30":{"loc":{"start":{"line":286,"column":4},"end":{"line":286,"column":94}},"type":"if","locations":[{"start":{"line":286,"column":4},"end":{"line":286,"column":94}},{"start":{},"end":{}}],"line":286},"31":{"loc":{"start":{"line":301,"column":4},"end":{"line":317,"column":5}},"type":"if","locations":[{"start":{"line":301,"column":4},"end":{"line":317,"column":5}},{"start":{"line":305,"column":9},"end":{"line":317,"column":5}}],"line":301},"32":{"loc":{"start":{"line":305,"column":9},"end":{"line":317,"column":5}},"type":"if","locations":[{"start":{"line":305,"column":9},"end":{"line":317,"column":5}},{"start":{"line":310,"column":9},"end":{"line":317,"column":5}}],"line":305},"33":{"loc":{"start":{"line":310,"column":9},"end":{"line":317,"column":5}},"type":"if","locations":[{"start":{"line":310,"column":9},"end":{"line":317,"column":5}},{"start":{"line":314,"column":9},"end":{"line":317,"column":5}}],"line":310},"34":{"loc":{"start":{"line":314,"column":9},"end":{"line":317,"column":5}},"type":"if","locations":[{"start":{"line":314,"column":9},"end":{"line":317,"column":5}},{"start":{},"end":{}}],"line":314},"35":{"loc":{"start":{"line":319,"column":4},"end":{"line":319,"column":94}},"type":"if","locations":[{"start":{"line":319,"column":4},"end":{"line":319,"column":94}},{"start":{},"end":{}}],"line":319},"36":{"loc":{"start":{"line":331,"column":4},"end":{"line":331,"column":82}},"type":"if","locations":[{"start":{"line":331,"column":4},"end":{"line":331,"column":82}},{"start":{},"end":{}}],"line":331}},"s":{"0":2,"1":2,"2":2,"3":2,"4":2,"5":2,"6":2,"7":2,"8":2,"9":2,"10":2,"11":2,"12":2,"13":1,"14":1,"15":1,"16":0,"17":1,"18":1,"19":1,"20":1,"21":1,"22":1,"23":0,"24":0,"25":0,"26":0,"27":0,"28":0,"29":0,"30":0,"31":0,"32":1,"33":1,"34":1,"35":0,"36":2,"37":4,"38":4,"39":4,"40":0,"41":4,"42":1,"43":3,"44":3,"45":1,"46":2,"47":2,"48":1,"49":1,"50":0,"51":1,"52":1,"53":1,"54":0,"55":2,"56":0,"57":0,"58":0,"59":0,"60":2,"61":0,"62":0,"63":0,"64":0,"65":0,"66":0,"67":0,"68":0,"69":0,"70":0,"71":0,"72":0,"73":0,"74":0,"75":2,"76":0,"77":0,"78":0,"79":0,"80":0,"81":0,"82":0,"83":0,"84":0,"85":0,"86":0,"87":0,"88":0,"89":0,"90":0,"91":2,"92":0,"93":0,"94":0,"95":0,"96":0,"97":0,"98":0,"99":0,"100":0,"101":0,"102":0,"103":0,"104":0,"105":0,"106":0,"107":0,"108":0,"109":0,"110":0,"111":2,"112":0,"113":0,"114":0,"115":0,"116":0,"117":0,"118":0,"119":0,"120":0,"121":2,"122":0,"123":0,"124":0,"125":0,"126":0,"127":0,"128":0,"129":0,"130":0,"131":0,"132":2,"133":0,"134":0,"135":0,"136":0,"137":0,"138":0,"139":0,"140":0,"141":2,"142":0,"143":0,"144":0,"145":0,"146":0,"147":0,"148":0,"149":0,"150":0,"151":0,"152":0,"153":0,"154":0,"155":0,"156":0,"157":0,"158":0,"159":0,"160":0,"161":0,"162":0,"163":2,"164":0,"165":0,"166":0,"167":0,"168":0,"169":0,"170":0},"f":{"0":2,"1":4,"2":0,"3":0,"4":0,"5":0,"6":0,"7":0,"8":0,"9":0,"10":0,"11":0},"b":{"0":[1,1],"1":[0,1],"2":[0,0],"3":[0,0],"4":[0,0],"5":[0,0],"6":[0,0],"7":[0,0],"8":[0,4],"9":[4,4],"10":[1,3],"11":[4,4],"12":[1,2],"13":[1,1],"14":[0,1],"15":[0,0],"16":[0,0],"17":[0,0],"18":[0,0],"19":[0,0],"20":[0,0],"21":[0,0],"22":[0,0],"23":[0,0],"24":[0,0],"25":[0,0],"26":[0,0],"27":[0,0],"28":[0,0],"29":[0,0],"30":[0,0],"31":[0,0],"32":[0,0],"33":[0,0],"34":[0,0],"35":[0,0],"36":[0,0]},"_coverageSchema":"1a1c01bbd47fc00a2c39e90264f33305004495a9","hash":"1f459fc20bb6f926a9ec774b279a4e2445a3c8a6"}
,"D:\\WorkSpace\\Clinic-System-Backend\\src\\controllers\\adminController.js": {"path":"D:\\WorkSpace\\Clinic-System-Backend\\src\\controllers\\adminController.js","statementMap":{"0":{"start":{"line":1,"column":17},"end":{"line":1,"column":36}},"1":{"start":{"line":2,"column":15},"end":{"line":2,"column":34}},"2":{"start":{"line":3,"column":14},"end":{"line":3,"column":40}},"3":{"start":{"line":4,"column":16},"end":{"line":4,"column":44}},"4":{"start":{"line":5,"column":13},"end":{"line":5,"column":38}},"5":{"start":{"line":7,"column":0},"end":{"line":134,"column":2}},"6":{"start":{"line":10,"column":8},"end":{"line":19,"column":9}},"7":{"start":{"line":11,"column":27},"end":{"line":11,"column":76}},"8":{"start":{"line":12,"column":12},"end":{"line":12,"column":48}},"9":{"start":{"line":14,"column":12},"end":{"line":14,"column":59}},"10":{"start":{"line":15,"column":12},"end":{"line":18,"column":15}},"11":{"start":{"line":24,"column":8},"end":{"line":40,"column":9}},"12":{"start":{"line":25,"column":27},"end":{"line":25,"column":37}},"13":{"start":{"line":27,"column":12},"end":{"line":29,"column":13}},"14":{"start":{"line":28,"column":16},"end":{"line":28,"column":84}},"15":{"start":{"line":31,"column":26},"end":{"line":31,"column":79}},"16":{"start":{"line":33,"column":12},"end":{"line":35,"column":13}},"17":{"start":{"line":34,"column":16},"end":{"line":34,"column":76}},"18":{"start":{"line":37,"column":12},"end":{"line":37,"column":35}},"19":{"start":{"line":39,"column":12},"end":{"line":39,"column":68}},"20":{"start":{"line":44,"column":8},"end":{"line":56,"column":9}},"21":{"start":{"line":45,"column":34},"end":{"line":45,"column":44}},"22":{"start":{"line":46,"column":12},"end":{"line":48,"column":13}},"23":{"start":{"line":47,"column":16},"end":{"line":47,"column":86}},"24":{"start":{"line":49,"column":26},"end":{"line":49,"column":89}},"25":{"start":{"line":50,"column":12},"end":{"line":52,"column":13}},"26":{"start":{"line":51,"column":16},"end":{"line":51,"column":76}},"27":{"start":{"line":53,"column":12},"end":{"line":53,"column":35}},"28":{"start":{"line":55,"column":12},"end":{"line":55,"column":68}},"29":{"start":{"line":60,"column":8},"end":{"line":86,"column":9}},"30":{"start":{"line":61,"column":53},"end":{"line":61,"column":61}},"31":{"start":{"line":62,"column":12},"end":{"line":64,"column":13}},"32":{"start":{"line":63,"column":16},"end":{"line":63,"column":107}},"33":{"start":{"line":66,"column":28},"end":{"line":66,"column":60}},"34":{"start":{"line":67,"column":12},"end":{"line":69,"column":13}},"35":{"start":{"line":68,"column":16},"end":{"line":68,"column":99}},"36":{"start":{"line":70,"column":31},"end":{"line":74,"column":14}},"37":{"start":{"line":75,"column":34},"end":{"line":75,"column":57}},"38":{"start":{"line":76,"column":29},"end":{"line":80,"column":14}},"39":{"start":{"line":81,"column":31},"end":{"line":81,"column":52}},"40":{"start":{"line":83,"column":12},"end":{"line":83,"column":52}},"41":{"start":{"line":85,"column":12},"end":{"line":85,"column":68}},"42":{"start":{"line":91,"column":8},"end":{"line":111,"column":9}},"43":{"start":{"line":92,"column":27},"end":{"line":92,"column":37}},"44":{"start":{"line":94,"column":12},"end":{"line":96,"column":13}},"45":{"start":{"line":95,"column":16},"end":{"line":95,"column":84}},"46":{"start":{"line":98,"column":33},"end":{"line":102,"column":13}},"47":{"start":{"line":104,"column":12},"end":{"line":106,"column":13}},"48":{"start":{"line":105,"column":16},"end":{"line":105,"column":76}},"49":{"start":{"line":108,"column":12},"end":{"line":108,"column":42}},"50":{"start":{"line":110,"column":12},"end":{"line":110,"column":68}},"51":{"start":{"line":116,"column":8},"end":{"line":132,"column":9}},"52":{"start":{"line":117,"column":27},"end":{"line":117,"column":37}},"53":{"start":{"line":119,"column":12},"end":{"line":121,"column":13}},"54":{"start":{"line":120,"column":16},"end":{"line":120,"column":84}},"55":{"start":{"line":123,"column":33},"end":{"line":123,"column":66}},"56":{"start":{"line":125,"column":12},"end":{"line":127,"column":13}},"57":{"start":{"line":126,"column":16},"end":{"line":126,"column":76}},"58":{"start":{"line":129,"column":12},"end":{"line":129,"column":71}},"59":{"start":{"line":131,"column":12},"end":{"line":131,"column":68}}},"fnMap":{"0":{"name":"(anonymous_0)","decl":{"start":{"line":9,"column":15},"end":{"line":9,"column":16}},"loc":{"start":{"line":9,"column":35},"end":{"line":20,"column":5}},"line":9},"1":{"name":"(anonymous_1)","decl":{"start":{"line":23,"column":14},"end":{"line":23,"column":15}},"loc":{"start":{"line":23,"column":34},"end":{"line":41,"column":5}},"line":23},"2":{"name":"(anonymous_2)","decl":{"start":{"line":43,"column":25},"end":{"line":43,"column":26}},"loc":{"start":{"line":43,"column":45},"end":{"line":57,"column":5}},"line":43},"3":{"name":"(anonymous_3)","decl":{"start":{"line":59,"column":17},"end":{"line":59,"column":18}},"loc":{"start":{"line":59,"column":37},"end":{"line":87,"column":5}},"line":59},"4":{"name":"(anonymous_4)","decl":{"start":{"line":90,"column":18},"end":{"line":90,"column":19}},"loc":{"start":{"line":90,"column":38},"end":{"line":112,"column":5}},"line":90},"5":{"name":"(anonymous_5)","decl":{"start":{"line":115,"column":17},"end":{"line":115,"column":18}},"loc":{"start":{"line":115,"column":37},"end":{"line":133,"column":5}},"line":115}},"branchMap":{"0":{"loc":{"start":{"line":27,"column":12},"end":{"line":29,"column":13}},"type":"if","locations":[{"start":{"line":27,"column":12},"end":{"line":29,"column":13}},{"start":{},"end":{}}],"line":27},"1":{"loc":{"start":{"line":33,"column":12},"end":{"line":35,"column":13}},"type":"if","locations":[{"start":{"line":33,"column":12},"end":{"line":35,"column":13}},{"start":{},"end":{}}],"line":33},"2":{"loc":{"start":{"line":46,"column":12},"end":{"line":48,"column":13}},"type":"if","locations":[{"start":{"line":46,"column":12},"end":{"line":48,"column":13}},{"start":{},"end":{}}],"line":46},"3":{"loc":{"start":{"line":50,"column":12},"end":{"line":52,"column":13}},"type":"if","locations":[{"start":{"line":50,"column":12},"end":{"line":52,"column":13}},{"start":{},"end":{}}],"line":50},"4":{"loc":{"start":{"line":62,"column":12},"end":{"line":64,"column":13}},"type":"if","locations":[{"start":{"line":62,"column":12},"end":{"line":64,"column":13}},{"start":{},"end":{}}],"line":62},"5":{"loc":{"start":{"line":62,"column":16},"end":{"line":62,"column":44}},"type":"binary-expr","locations":[{"start":{"line":62,"column":16},"end":{"line":62,"column":21}},{"start":{"line":62,"column":25},"end":{"line":62,"column":31}},{"start":{"line":62,"column":35},"end":{"line":62,"column":44}}],"line":62},"6":{"loc":{"start":{"line":67,"column":12},"end":{"line":69,"column":13}},"type":"if","locations":[{"start":{"line":67,"column":12},"end":{"line":69,"column":13}},{"start":{},"end":{}}],"line":67},"7":{"loc":{"start":{"line":94,"column":12},"end":{"line":96,"column":13}},"type":"if","locations":[{"start":{"line":94,"column":12},"end":{"line":96,"column":13}},{"start":{},"end":{}}],"line":94},"8":{"loc":{"start":{"line":104,"column":12},"end":{"line":106,"column":13}},"type":"if","locations":[{"start":{"line":104,"column":12},"end":{"line":106,"column":13}},{"start":{},"end":{}}],"line":104},"9":{"loc":{"start":{"line":119,"column":12},"end":{"line":121,"column":13}},"type":"if","locations":[{"start":{"line":119,"column":12},"end":{"line":121,"column":13}},{"start":{},"end":{}}],"line":119},"10":{"loc":{"start":{"line":125,"column":12},"end":{"line":127,"column":13}},"type":"if","locations":[{"start":{"line":125,"column":12},"end":{"line":127,"column":13}},{"start":{},"end":{}}],"line":125}},"s":{"0":0,"1":0,"2":0,"3":0,"4":0,"5":0,"6":0,"7":0,"8":0,"9":0,"10":0,"11":0,"12":0,"13":0,"14":0,"15":0,"16":0,"17":0,"18":0,"19":0,"20":0,"21":0,"22":0,"23":0,"24":0,"25":0,"26":0,"27":0,"28":0,"29":0,"30":0,"31":0,"32":0,"33":0,"34":0,"35":0,"36":0,"37":0,"38":0,"39":0,"40":0,"41":0,"42":0,"43":0,"44":0,"45":0,"46":0,"47":0,"48":0,"49":0,"50":0,"51":0,"52":0,"53":0,"54":0,"55":0,"56":0,"57":0,"58":0,"59":0},"f":{"0":0,"1":0,"2":0,"3":0,"4":0,"5":0},"b":{"0":[0,0],"1":[0,0],"2":[0,0],"3":[0,0],"4":[0,0],"5":[0,0,0],"6":[0,0],"7":[0,0],"8":[0,0],"9":[0,0],"10":[0,0]}}
,"D:\\WorkSpace\\Clinic-System-Backend\\src\\controllers\\appointmentController.js": {"path":"D:\\WorkSpace\\Clinic-System-Backend\\src\\controllers\\appointmentController.js","statementMap":{"0":{"start":{"line":1,"column":20},"end":{"line":1,"column":52}},"1":{"start":{"line":2,"column":16},"end":{"line":2,"column":44}},"2":{"start":{"line":3,"column":15},"end":{"line":3,"column":42}},"3":{"start":{"line":4,"column":17},"end":{"line":4,"column":46}},"4":{"start":{"line":5,"column":18},"end":{"line":5,"column":48}},"5":{"start":{"line":6,"column":22},"end":{"line":6,"column":56}},"6":{"start":{"line":7,"column":21},"end":{"line":7,"column":54}},"7":{"start":{"line":8,"column":16},"end":{"line":8,"column":44}},"8":{"start":{"line":9,"column":21},"end":{"line":9,"column":51}},"9":{"start":{"line":12,"column":0},"end":{"line":114,"column":2}},"10":{"start":{"line":13,"column":2},"end":{"line":113,"column":3}},"11":{"start":{"line":14,"column":104},"end":{"line":14,"column":112}},"12":{"start":{"line":17,"column":4},"end":{"line":19,"column":5}},"13":{"start":{"line":18,"column":6},"end":{"line":18,"column":74}},"14":{"start":{"line":22,"column":19},"end":{"line":22,"column":52}},"15":{"start":{"line":23,"column":4},"end":{"line":23,"column":102}},"16":{"start":{"line":23,"column":17},"end":{"line":23,"column":102}},"17":{"start":{"line":26,"column":20},"end":{"line":26,"column":66}},"18":{"start":{"line":27,"column":4},"end":{"line":29,"column":5}},"19":{"start":{"line":28,"column":6},"end":{"line":28,"column":75}},"20":{"start":{"line":33,"column":4},"end":{"line":108,"column":5}},"21":{"start":{"line":34,"column":6},"end":{"line":34,"column":48}},"22":{"start":{"line":35,"column":6},"end":{"line":35,"column":80}},"23":{"start":{"line":35,"column":19},"end":{"line":35,"column":80}},"24":{"start":{"line":38,"column":6},"end":{"line":38,"column":37}},"25":{"start":{"line":41,"column":23},"end":{"line":41,"column":48}},"26":{"start":{"line":43,"column":25},"end":{"line":43,"column":43}},"27":{"start":{"line":44,"column":6},"end":{"line":44,"column":38}},"28":{"start":{"line":46,"column":23},"end":{"line":46,"column":41}},"29":{"start":{"line":47,"column":6},"end":{"line":47,"column":41}},"30":{"start":{"line":49,"column":23},"end":{"line":52,"column":8}},"31":{"start":{"line":54,"column":6},"end":{"line":56,"column":7}},"32":{"start":{"line":55,"column":8},"end":{"line":55,"column":89}},"33":{"start":{"line":59,"column":24},"end":{"line":59,"column":79}},"34":{"start":{"line":59,"column":31},"end":{"line":59,"column":79}},"35":{"start":{"line":60,"column":30},"end":{"line":60,"column":49}},"36":{"start":{"line":62,"column":19},"end":{"line":64,"column":7}},"37":{"start":{"line":63,"column":15},"end":{"line":63,"column":57}},"38":{"start":{"line":65,"column":6},"end":{"line":66,"column":70}},"39":{"start":{"line":66,"column":8},"end":{"line":66,"column":70}},"40":{"start":{"line":68,"column":6},"end":{"line":69,"column":77}},"41":{"start":{"line":69,"column":8},"end":{"line":69,"column":77}},"42":{"start":{"line":72,"column":29},"end":{"line":81,"column":8}},"43":{"start":{"line":83,"column":6},"end":{"line":83,"column":34}},"44":{"start":{"line":86,"column":27},"end":{"line":90,"column":7}},"45":{"start":{"line":93,"column":6},"end":{"line":102,"column":7}},"46":{"start":{"line":94,"column":25},"end":{"line":98,"column":9}},"47":{"start":{"line":99,"column":8},"end":{"line":99,"column":68}},"48":{"start":{"line":101,"column":8},"end":{"line":101,"column":78}},"49":{"start":{"line":104,"column":6},"end":{"line":107,"column":9}},"50":{"start":{"line":111,"column":4},"end":{"line":111,"column":56}},"51":{"start":{"line":112,"column":4},"end":{"line":112,"column":70}},"52":{"start":{"line":117,"column":0},"end":{"line":189,"column":2}},"53":{"start":{"line":118,"column":2},"end":{"line":188,"column":3}},"54":{"start":{"line":119,"column":19},"end":{"line":119,"column":29}},"55":{"start":{"line":120,"column":26},"end":{"line":120,"column":34}},"56":{"start":{"line":121,"column":4},"end":{"line":123,"column":5}},"57":{"start":{"line":122,"column":6},"end":{"line":122,"column":72}},"58":{"start":{"line":125,"column":24},"end":{"line":125,"column":54}},"59":{"start":{"line":126,"column":4},"end":{"line":128,"column":5}},"60":{"start":{"line":127,"column":6},"end":{"line":127,"column":72}},"61":{"start":{"line":130,"column":4},"end":{"line":132,"column":5}},"62":{"start":{"line":131,"column":6},"end":{"line":131,"column":115}},"63":{"start":{"line":134,"column":19},"end":{"line":134,"column":51}},"64":{"start":{"line":135,"column":4},"end":{"line":137,"column":5}},"65":{"start":{"line":136,"column":6},"end":{"line":136,"column":67}},"66":{"start":{"line":140,"column":4},"end":{"line":142,"column":42}},"67":{"start":{"line":141,"column":6},"end":{"line":141,"column":104}},"68":{"start":{"line":142,"column":11},"end":{"line":142,"column":42}},"69":{"start":{"line":145,"column":21},"end":{"line":145,"column":58}},"70":{"start":{"line":146,"column":4},"end":{"line":146,"column":34}},"71":{"start":{"line":148,"column":20},"end":{"line":148,"column":38}},"72":{"start":{"line":149,"column":4},"end":{"line":149,"column":43}},"73":{"start":{"line":151,"column":21},"end":{"line":154,"column":6}},"74":{"start":{"line":156,"column":4},"end":{"line":158,"column":5}},"75":{"start":{"line":157,"column":6},"end":{"line":157,"column":87}},"76":{"start":{"line":159,"column":22},"end":{"line":159,"column":75}},"77":{"start":{"line":159,"column":27},"end":{"line":159,"column":75}},"78":{"start":{"line":160,"column":38},"end":{"line":160,"column":69}},"79":{"start":{"line":163,"column":22},"end":{"line":165,"column":5}},"80":{"start":{"line":164,"column":14},"end":{"line":164,"column":69}},"81":{"start":{"line":167,"column":4},"end":{"line":167,"column":51}},"82":{"start":{"line":168,"column":4},"end":{"line":170,"column":5}},"83":{"start":{"line":169,"column":6},"end":{"line":169,"column":102}},"84":{"start":{"line":173,"column":4},"end":{"line":173,"column":39}},"85":{"start":{"line":174,"column":4},"end":{"line":174,"column":35}},"86":{"start":{"line":175,"column":4},"end":{"line":175,"column":29}},"87":{"start":{"line":177,"column":4},"end":{"line":177,"column":50}},"88":{"start":{"line":178,"column":4},"end":{"line":178,"column":67}},"89":{"start":{"line":179,"column":4},"end":{"line":179,"column":26}},"90":{"start":{"line":181,"column":4},"end":{"line":184,"column":7}},"91":{"start":{"line":186,"column":4},"end":{"line":186,"column":52}},"92":{"start":{"line":187,"column":4},"end":{"line":187,"column":70}},"93":{"start":{"line":193,"column":0},"end":{"line":210,"column":2}},"94":{"start":{"line":194,"column":2},"end":{"line":209,"column":3}},"95":{"start":{"line":195,"column":19},"end":{"line":195,"column":29}},"96":{"start":{"line":196,"column":23},"end":{"line":196,"column":31}},"97":{"start":{"line":198,"column":26},"end":{"line":198,"column":76}},"98":{"start":{"line":199,"column":4},"end":{"line":200,"column":71}},"99":{"start":{"line":200,"column":6},"end":{"line":200,"column":71}},"100":{"start":{"line":202,"column":24},"end":{"line":202,"column":90}},"101":{"start":{"line":203,"column":4},"end":{"line":203,"column":88}},"102":{"start":{"line":203,"column":22},"end":{"line":203,"column":88}},"103":{"start":{"line":205,"column":4},"end":{"line":205,"column":81}},"104":{"start":{"line":207,"column":4},"end":{"line":207,"column":51}},"105":{"start":{"line":208,"column":4},"end":{"line":208,"column":63}},"106":{"start":{"line":213,"column":0},"end":{"line":224,"column":2}},"107":{"start":{"line":214,"column":2},"end":{"line":223,"column":3}},"108":{"start":{"line":215,"column":19},"end":{"line":215,"column":29}},"109":{"start":{"line":216,"column":23},"end":{"line":216,"column":31}},"110":{"start":{"line":217,"column":31},"end":{"line":217,"column":97}},"111":{"start":{"line":218,"column":4},"end":{"line":218,"column":95}},"112":{"start":{"line":218,"column":29},"end":{"line":218,"column":95}},"113":{"start":{"line":219,"column":4},"end":{"line":219,"column":107}},"114":{"start":{"line":221,"column":4},"end":{"line":221,"column":56}},"115":{"start":{"line":222,"column":4},"end":{"line":222,"column":63}},"116":{"start":{"line":226,"column":0},"end":{"line":261,"column":2}},"117":{"start":{"line":227,"column":2},"end":{"line":260,"column":3}},"118":{"start":{"line":228,"column":78},"end":{"line":228,"column":87}},"119":{"start":{"line":229,"column":23},"end":{"line":229,"column":42}},"120":{"start":{"line":230,"column":24},"end":{"line":230,"column":45}},"121":{"start":{"line":232,"column":19},"end":{"line":232,"column":21}},"122":{"start":{"line":233,"column":4},"end":{"line":233,"column":48}},"123":{"start":{"line":233,"column":19},"end":{"line":233,"column":48}},"124":{"start":{"line":234,"column":4},"end":{"line":234,"column":48}},"125":{"start":{"line":234,"column":19},"end":{"line":234,"column":48}},"126":{"start":{"line":235,"column":4},"end":{"line":235,"column":57}},"127":{"start":{"line":235,"column":22},"end":{"line":235,"column":57}},"128":{"start":{"line":236,"column":4},"end":{"line":236,"column":39}},"129":{"start":{"line":236,"column":16},"end":{"line":236,"column":39}},"130":{"start":{"line":237,"column":4},"end":{"line":237,"column":54}},"131":{"start":{"line":237,"column":14},"end":{"line":237,"column":54}},"132":{"start":{"line":239,"column":34},"end":{"line":246,"column":6}},"133":{"start":{"line":248,"column":4},"end":{"line":256,"column":7}},"134":{"start":{"line":258,"column":4},"end":{"line":258,"column":57}},"135":{"start":{"line":259,"column":4},"end":{"line":259,"column":63}},"136":{"start":{"line":264,"column":0},"end":{"line":318,"column":2}},"137":{"start":{"line":265,"column":2},"end":{"line":317,"column":3}},"138":{"start":{"line":266,"column":26},"end":{"line":266,"column":36}},"139":{"start":{"line":267,"column":29},"end":{"line":267,"column":38}},"140":{"start":{"line":270,"column":19},"end":{"line":270,"column":65}},"141":{"start":{"line":271,"column":4},"end":{"line":273,"column":5}},"142":{"start":{"line":272,"column":6},"end":{"line":272,"column":84}},"143":{"start":{"line":275,"column":19},"end":{"line":275,"column":44}},"144":{"start":{"line":276,"column":4},"end":{"line":276,"column":54}},"145":{"start":{"line":276,"column":14},"end":{"line":276,"column":54}},"146":{"start":{"line":277,"column":4},"end":{"line":277,"column":39}},"147":{"start":{"line":277,"column":16},"end":{"line":277,"column":39}},"148":{"start":{"line":279,"column":23},"end":{"line":281,"column":35}},"149":{"start":{"line":283,"column":4},"end":{"line":284,"column":88}},"150":{"start":{"line":284,"column":6},"end":{"line":284,"column":88}},"151":{"start":{"line":287,"column":18},"end":{"line":310,"column":5}},"152":{"start":{"line":289,"column":19},"end":{"line":289,"column":39}},"153":{"start":{"line":291,"column":8},"end":{"line":291,"column":61}},"154":{"start":{"line":291,"column":50},"end":{"line":291,"column":61}},"155":{"start":{"line":294,"column":8},"end":{"line":300,"column":9}},"156":{"start":{"line":295,"column":10},"end":{"line":296,"column":45}},"157":{"start":{"line":297,"column":15},"end":{"line":300,"column":9}},"158":{"start":{"line":298,"column":10},"end":{"line":299,"column":45}},"159":{"start":{"line":302,"column":8},"end":{"line":308,"column":10}},"160":{"start":{"line":312,"column":4},"end":{"line":312,"column":71}},"161":{"start":{"line":315,"column":4},"end":{"line":315,"column":64}},"162":{"start":{"line":316,"column":4},"end":{"line":316,"column":63}},"163":{"start":{"line":322,"column":0},"end":{"line":376,"column":2}},"164":{"start":{"line":323,"column":2},"end":{"line":375,"column":3}},"165":{"start":{"line":324,"column":26},"end":{"line":324,"column":36}},"166":{"start":{"line":325,"column":29},"end":{"line":325,"column":38}},"167":{"start":{"line":328,"column":20},"end":{"line":328,"column":67}},"168":{"start":{"line":329,"column":4},"end":{"line":331,"column":5}},"169":{"start":{"line":330,"column":6},"end":{"line":330,"column":85}},"170":{"start":{"line":333,"column":19},"end":{"line":333,"column":45}},"171":{"start":{"line":334,"column":4},"end":{"line":334,"column":54}},"172":{"start":{"line":334,"column":14},"end":{"line":334,"column":54}},"173":{"start":{"line":335,"column":4},"end":{"line":335,"column":39}},"174":{"start":{"line":335,"column":16},"end":{"line":335,"column":39}},"175":{"start":{"line":337,"column":23},"end":{"line":339,"column":36}},"176":{"start":{"line":341,"column":4},"end":{"line":342,"column":89}},"177":{"start":{"line":342,"column":6},"end":{"line":342,"column":89}},"178":{"start":{"line":344,"column":18},"end":{"line":369,"column":5}},"179":{"start":{"line":346,"column":19},"end":{"line":346,"column":39}},"180":{"start":{"line":348,"column":8},"end":{"line":350,"column":9}},"181":{"start":{"line":349,"column":10},"end":{"line":349,"column":32}},"182":{"start":{"line":353,"column":8},"end":{"line":359,"column":9}},"183":{"start":{"line":354,"column":10},"end":{"line":355,"column":45}},"184":{"start":{"line":356,"column":15},"end":{"line":359,"column":9}},"185":{"start":{"line":357,"column":10},"end":{"line":358,"column":45}},"186":{"start":{"line":361,"column":8},"end":{"line":367,"column":10}},"187":{"start":{"line":371,"column":4},"end":{"line":371,"column":71}},"188":{"start":{"line":373,"column":4},"end":{"line":373,"column":65}},"189":{"start":{"line":374,"column":4},"end":{"line":374,"column":63}},"190":{"start":{"line":379,"column":0},"end":{"line":392,"column":2}},"191":{"start":{"line":380,"column":2},"end":{"line":391,"column":3}},"192":{"start":{"line":381,"column":24},"end":{"line":382,"column":51}},"193":{"start":{"line":384,"column":4},"end":{"line":385,"column":72}},"194":{"start":{"line":385,"column":6},"end":{"line":385,"column":72}},"195":{"start":{"line":387,"column":4},"end":{"line":387,"column":38}},"196":{"start":{"line":389,"column":4},"end":{"line":389,"column":56}},"197":{"start":{"line":390,"column":4},"end":{"line":390,"column":63}},"198":{"start":{"line":395,"column":0},"end":{"line":441,"column":2}},"199":{"start":{"line":396,"column":2},"end":{"line":440,"column":3}},"200":{"start":{"line":397,"column":93},"end":{"line":397,"column":101}},"201":{"start":{"line":400,"column":4},"end":{"line":402,"column":5}},"202":{"start":{"line":401,"column":6},"end":{"line":401,"column":74}},"203":{"start":{"line":405,"column":19},"end":{"line":405,"column":52}},"204":{"start":{"line":406,"column":4},"end":{"line":408,"column":5}},"205":{"start":{"line":407,"column":6},"end":{"line":407,"column":67}},"206":{"start":{"line":411,"column":20},"end":{"line":411,"column":66}},"207":{"start":{"line":412,"column":4},"end":{"line":412,"column":87}},"208":{"start":{"line":412,"column":18},"end":{"line":412,"column":87}},"209":{"start":{"line":415,"column":22},"end":{"line":415,"column":60}},"210":{"start":{"line":416,"column":4},"end":{"line":416,"column":84}},"211":{"start":{"line":416,"column":20},"end":{"line":416,"column":84}},"212":{"start":{"line":419,"column":27},"end":{"line":428,"column":6}},"213":{"start":{"line":430,"column":4},"end":{"line":430,"column":32}},"214":{"start":{"line":432,"column":4},"end":{"line":435,"column":7}},"215":{"start":{"line":438,"column":4},"end":{"line":438,"column":69}},"216":{"start":{"line":439,"column":4},"end":{"line":439,"column":70}},"217":{"start":{"line":443,"column":0},"end":{"line":456,"column":2}},"218":{"start":{"line":444,"column":2},"end":{"line":455,"column":3}},"219":{"start":{"line":445,"column":19},"end":{"line":445,"column":29}},"220":{"start":{"line":446,"column":24},"end":{"line":446,"column":63}},"221":{"start":{"line":447,"column":4},"end":{"line":449,"column":5}},"222":{"start":{"line":448,"column":6},"end":{"line":448,"column":72}},"223":{"start":{"line":451,"column":4},"end":{"line":451,"column":74}},"224":{"start":{"line":453,"column":4},"end":{"line":453,"column":56}},"225":{"start":{"line":454,"column":4},"end":{"line":454,"column":63}},"226":{"start":{"line":459,"column":0},"end":{"line":473,"column":2}},"227":{"start":{"line":460,"column":2},"end":{"line":472,"column":3}},"228":{"start":{"line":461,"column":19},"end":{"line":461,"column":29}},"229":{"start":{"line":462,"column":24},"end":{"line":462,"column":54}},"230":{"start":{"line":463,"column":4},"end":{"line":465,"column":5}},"231":{"start":{"line":464,"column":6},"end":{"line":464,"column":72}},"232":{"start":{"line":466,"column":4},"end":{"line":466,"column":37}},"233":{"start":{"line":467,"column":4},"end":{"line":467,"column":29}},"234":{"start":{"line":468,"column":4},"end":{"line":468,"column":89}},"235":{"start":{"line":470,"column":4},"end":{"line":470,"column":58}},"236":{"start":{"line":471,"column":4},"end":{"line":471,"column":63}},"237":{"start":{"line":476,"column":0},"end":{"line":543,"column":2}},"238":{"start":{"line":477,"column":2},"end":{"line":542,"column":3}},"239":{"start":{"line":478,"column":19},"end":{"line":478,"column":29}},"240":{"start":{"line":479,"column":24},"end":{"line":481,"column":39}},"241":{"start":{"line":482,"column":4},"end":{"line":484,"column":5}},"242":{"start":{"line":483,"column":6},"end":{"line":483,"column":72}},"243":{"start":{"line":485,"column":4},"end":{"line":485,"column":37}},"244":{"start":{"line":486,"column":4},"end":{"line":486,"column":29}},"245":{"start":{"line":489,"column":20},"end":{"line":489,"column":65}},"246":{"start":{"line":490,"column":4},"end":{"line":493,"column":5}},"247":{"start":{"line":491,"column":6},"end":{"line":491,"column":60}},"248":{"start":{"line":492,"column":6},"end":{"line":492,"column":85}},"249":{"start":{"line":495,"column":20},"end":{"line":495,"column":61}},"250":{"start":{"line":496,"column":18},"end":{"line":496,"column":32}},"251":{"start":{"line":497,"column":4},"end":{"line":500,"column":5}},"252":{"start":{"line":498,"column":6},"end":{"line":498,"column":66}},"253":{"start":{"line":499,"column":6},"end":{"line":499,"column":85}},"254":{"start":{"line":503,"column":26},"end":{"line":503,"column":84}},"255":{"start":{"line":505,"column":22},"end":{"line":505,"column":33}},"256":{"start":{"line":506,"column":4},"end":{"line":514,"column":5}},"257":{"start":{"line":507,"column":6},"end":{"line":513,"column":7}},"258":{"start":{"line":508,"column":28},"end":{"line":508,"column":73}},"259":{"start":{"line":509,"column":8},"end":{"line":509,"column":55}},"260":{"start":{"line":510,"column":13},"end":{"line":513,"column":7}},"261":{"start":{"line":511,"column":20},"end":{"line":511,"column":70}},"262":{"start":{"line":512,"column":8},"end":{"line":512,"column":47}},"263":{"start":{"line":517,"column":20},"end":{"line":518,"column":34}},"264":{"start":{"line":521,"column":20},"end":{"line":521,"column":49}},"265":{"start":{"line":522,"column":17},"end":{"line":534,"column":5}},"266":{"start":{"line":536,"column":4},"end":{"line":536,"column":41}},"267":{"start":{"line":538,"column":4},"end":{"line":538,"column":89}},"268":{"start":{"line":540,"column":4},"end":{"line":540,"column":58}},"269":{"start":{"line":541,"column":4},"end":{"line":541,"column":63}},"270":{"start":{"line":546,"column":0},"end":{"line":613,"column":2}},"271":{"start":{"line":547,"column":2},"end":{"line":612,"column":3}},"272":{"start":{"line":548,"column":26},"end":{"line":548,"column":36}},"273":{"start":{"line":549,"column":23},"end":{"line":549,"column":32}},"274":{"start":{"line":552,"column":19},"end":{"line":552,"column":65}},"275":{"start":{"line":553,"column":4},"end":{"line":555,"column":5}},"276":{"start":{"line":554,"column":6},"end":{"line":554,"column":84}},"277":{"start":{"line":558,"column":18},"end":{"line":558,"column":28}},"278":{"start":{"line":559,"column":4},"end":{"line":559,"column":31}},"279":{"start":{"line":560,"column":21},"end":{"line":560,"column":36}},"280":{"start":{"line":561,"column":4},"end":{"line":561,"column":45}},"281":{"start":{"line":563,"column":19},"end":{"line":566,"column":5}},"282":{"start":{"line":567,"column":4},"end":{"line":567,"column":39}},"283":{"start":{"line":567,"column":16},"end":{"line":567,"column":39}},"284":{"start":{"line":569,"column":23},"end":{"line":571,"column":28}},"285":{"start":{"line":573,"column":4},"end":{"line":579,"column":5}},"286":{"start":{"line":574,"column":6},"end":{"line":578,"column":9}},"287":{"start":{"line":582,"column":18},"end":{"line":605,"column":5}},"288":{"start":{"line":584,"column":19},"end":{"line":584,"column":39}},"289":{"start":{"line":586,"column":8},"end":{"line":586,"column":72}},"290":{"start":{"line":586,"column":50},"end":{"line":586,"column":72}},"291":{"start":{"line":589,"column":8},"end":{"line":595,"column":9}},"292":{"start":{"line":590,"column":10},"end":{"line":591,"column":45}},"293":{"start":{"line":592,"column":15},"end":{"line":595,"column":9}},"294":{"start":{"line":593,"column":10},"end":{"line":594,"column":45}},"295":{"start":{"line":597,"column":8},"end":{"line":603,"column":10}},"296":{"start":{"line":607,"column":4},"end":{"line":607,"column":71}},"297":{"start":{"line":610,"column":4},"end":{"line":610,"column":74}},"298":{"start":{"line":611,"column":4},"end":{"line":611,"column":63}}},"fnMap":{"0":{"name":"(anonymous_0)","decl":{"start":{"line":12,"column":32},"end":{"line":12,"column":33}},"loc":{"start":{"line":12,"column":52},"end":{"line":114,"column":1}},"line":12},"1":{"name":"(anonymous_1)","decl":{"start":{"line":59,"column":24},"end":{"line":59,"column":25}},"loc":{"start":{"line":59,"column":31},"end":{"line":59,"column":79}},"line":59},"2":{"name":"(anonymous_2)","decl":{"start":{"line":63,"column":8},"end":{"line":63,"column":9}},"loc":{"start":{"line":63,"column":15},"end":{"line":63,"column":57}},"line":63},"3":{"name":"(anonymous_3)","decl":{"start":{"line":117,"column":30},"end":{"line":117,"column":31}},"loc":{"start":{"line":117,"column":50},"end":{"line":189,"column":1}},"line":117},"4":{"name":"(anonymous_4)","decl":{"start":{"line":159,"column":22},"end":{"line":159,"column":23}},"loc":{"start":{"line":159,"column":27},"end":{"line":159,"column":75}},"line":159},"5":{"name":"(anonymous_5)","decl":{"start":{"line":164,"column":6},"end":{"line":164,"column":7}},"loc":{"start":{"line":164,"column":14},"end":{"line":164,"column":69}},"line":164},"6":{"name":"(anonymous_6)","decl":{"start":{"line":193,"column":30},"end":{"line":193,"column":31}},"loc":{"start":{"line":193,"column":50},"end":{"line":210,"column":1}},"line":193},"7":{"name":"(anonymous_7)","decl":{"start":{"line":213,"column":35},"end":{"line":213,"column":36}},"loc":{"start":{"line":213,"column":55},"end":{"line":224,"column":1}},"line":213},"8":{"name":"(anonymous_8)","decl":{"start":{"line":226,"column":36},"end":{"line":226,"column":37}},"loc":{"start":{"line":226,"column":56},"end":{"line":261,"column":1}},"line":226},"9":{"name":"(anonymous_9)","decl":{"start":{"line":264,"column":41},"end":{"line":264,"column":42}},"loc":{"start":{"line":264,"column":61},"end":{"line":318,"column":1}},"line":264},"10":{"name":"(anonymous_10)","decl":{"start":{"line":288,"column":23},"end":{"line":288,"column":24}},"loc":{"start":{"line":288,"column":38},"end":{"line":309,"column":7}},"line":288},"11":{"name":"(anonymous_11)","decl":{"start":{"line":322,"column":41},"end":{"line":322,"column":42}},"loc":{"start":{"line":322,"column":61},"end":{"line":376,"column":1}},"line":322},"12":{"name":"(anonymous_12)","decl":{"start":{"line":345,"column":23},"end":{"line":345,"column":24}},"loc":{"start":{"line":345,"column":38},"end":{"line":368,"column":7}},"line":345},"13":{"name":"(anonymous_13)","decl":{"start":{"line":379,"column":36},"end":{"line":379,"column":37}},"loc":{"start":{"line":379,"column":56},"end":{"line":392,"column":1}},"line":379},"14":{"name":"(anonymous_14)","decl":{"start":{"line":395,"column":35},"end":{"line":395,"column":36}},"loc":{"start":{"line":395,"column":55},"end":{"line":441,"column":1}},"line":395},"15":{"name":"(anonymous_15)","decl":{"start":{"line":443,"column":35},"end":{"line":443,"column":36}},"loc":{"start":{"line":443,"column":55},"end":{"line":456,"column":1}},"line":443},"16":{"name":"(anonymous_16)","decl":{"start":{"line":459,"column":35},"end":{"line":459,"column":36}},"loc":{"start":{"line":459,"column":55},"end":{"line":473,"column":1}},"line":459},"17":{"name":"(anonymous_17)","decl":{"start":{"line":476,"column":36},"end":{"line":476,"column":37}},"loc":{"start":{"line":476,"column":56},"end":{"line":543,"column":1}},"line":476},"18":{"name":"(anonymous_18)","decl":{"start":{"line":546,"column":46},"end":{"line":546,"column":47}},"loc":{"start":{"line":546,"column":66},"end":{"line":613,"column":1}},"line":546},"19":{"name":"(anonymous_19)","decl":{"start":{"line":583,"column":23},"end":{"line":583,"column":24}},"loc":{"start":{"line":583,"column":38},"end":{"line":604,"column":7}},"line":583}},"branchMap":{"0":{"loc":{"start":{"line":17,"column":4},"end":{"line":19,"column":5}},"type":"if","locations":[{"start":{"line":17,"column":4},"end":{"line":19,"column":5}},{"start":{},"end":{}}],"line":17},"1":{"loc":{"start":{"line":17,"column":8},"end":{"line":17,"column":83}},"type":"binary-expr","locations":[{"start":{"line":17,"column":8},"end":{"line":17,"column":18}},{"start":{"line":17,"column":22},"end":{"line":17,"column":39}},{"start":{"line":17,"column":43},"end":{"line":17,"column":59}},{"start":{"line":17,"column":63},"end":{"line":17,"column":72}},{"start":{"line":17,"column":76},"end":{"line":17,"column":83}}],"line":17},"2":{"loc":{"start":{"line":23,"column":4},"end":{"line":23,"column":102}},"type":"if","locations":[{"start":{"line":23,"column":4},"end":{"line":23,"column":102}},{"start":{},"end":{}}],"line":23},"3":{"loc":{"start":{"line":27,"column":4},"end":{"line":29,"column":5}},"type":"if","locations":[{"start":{"line":27,"column":4},"end":{"line":29,"column":5}},{"start":{},"end":{}}],"line":27},"4":{"loc":{"start":{"line":33,"column":4},"end":{"line":108,"column":5}},"type":"if","locations":[{"start":{"line":33,"column":4},"end":{"line":108,"column":5}},{"start":{},"end":{}}],"line":33},"5":{"loc":{"start":{"line":33,"column":8},"end":{"line":33,"column":34}},"type":"binary-expr","locations":[{"start":{"line":33,"column":8},"end":{"line":33,"column":17}},{"start":{"line":33,"column":21},"end":{"line":33,"column":34}}],"line":33},"6":{"loc":{"start":{"line":35,"column":6},"end":{"line":35,"column":80}},"type":"if","locations":[{"start":{"line":35,"column":6},"end":{"line":35,"column":80}},{"start":{},"end":{}}],"line":35},"7":{"loc":{"start":{"line":54,"column":6},"end":{"line":56,"column":7}},"type":"if","locations":[{"start":{"line":54,"column":6},"end":{"line":56,"column":7}},{"start":{},"end":{}}],"line":54},"8":{"loc":{"start":{"line":65,"column":6},"end":{"line":66,"column":70}},"type":"if","locations":[{"start":{"line":65,"column":6},"end":{"line":66,"column":70}},{"start":{},"end":{}}],"line":65},"9":{"loc":{"start":{"line":68,"column":6},"end":{"line":69,"column":77}},"type":"if","locations":[{"start":{"line":68,"column":6},"end":{"line":69,"column":77}},{"start":{},"end":{}}],"line":68},"10":{"loc":{"start":{"line":93,"column":6},"end":{"line":102,"column":7}},"type":"if","locations":[{"start":{"line":93,"column":6},"end":{"line":102,"column":7}},{"start":{"line":100,"column":13},"end":{"line":102,"column":7}}],"line":93},"11":{"loc":{"start":{"line":121,"column":4},"end":{"line":123,"column":5}},"type":"if","locations":[{"start":{"line":121,"column":4},"end":{"line":123,"column":5}},{"start":{},"end":{}}],"line":121},"12":{"loc":{"start":{"line":126,"column":4},"end":{"line":128,"column":5}},"type":"if","locations":[{"start":{"line":126,"column":4},"end":{"line":128,"column":5}},{"start":{},"end":{}}],"line":126},"13":{"loc":{"start":{"line":130,"column":4},"end":{"line":132,"column":5}},"type":"if","locations":[{"start":{"line":130,"column":4},"end":{"line":132,"column":5}},{"start":{},"end":{}}],"line":130},"14":{"loc":{"start":{"line":135,"column":4},"end":{"line":137,"column":5}},"type":"if","locations":[{"start":{"line":135,"column":4},"end":{"line":137,"column":5}},{"start":{},"end":{}}],"line":135},"15":{"loc":{"start":{"line":140,"column":4},"end":{"line":142,"column":42}},"type":"if","locations":[{"start":{"line":140,"column":4},"end":{"line":142,"column":42}},{"start":{"line":142,"column":11},"end":{"line":142,"column":42}}],"line":140},"16":{"loc":{"start":{"line":156,"column":4},"end":{"line":158,"column":5}},"type":"if","locations":[{"start":{"line":156,"column":4},"end":{"line":158,"column":5}},{"start":{},"end":{}}],"line":156},"17":{"loc":{"start":{"line":168,"column":4},"end":{"line":170,"column":5}},"type":"if","locations":[{"start":{"line":168,"column":4},"end":{"line":170,"column":5}},{"start":{},"end":{}}],"line":168},"18":{"loc":{"start":{"line":199,"column":4},"end":{"line":200,"column":71}},"type":"if","locations":[{"start":{"line":199,"column":4},"end":{"line":200,"column":71}},{"start":{},"end":{}}],"line":199},"19":{"loc":{"start":{"line":203,"column":4},"end":{"line":203,"column":88}},"type":"if","locations":[{"start":{"line":203,"column":4},"end":{"line":203,"column":88}},{"start":{},"end":{}}],"line":203},"20":{"loc":{"start":{"line":218,"column":4},"end":{"line":218,"column":95}},"type":"if","locations":[{"start":{"line":218,"column":4},"end":{"line":218,"column":95}},{"start":{},"end":{}}],"line":218},"21":{"loc":{"start":{"line":229,"column":23},"end":{"line":229,"column":42}},"type":"binary-expr","locations":[{"start":{"line":229,"column":23},"end":{"line":229,"column":37}},{"start":{"line":229,"column":41},"end":{"line":229,"column":42}}],"line":229},"22":{"loc":{"start":{"line":230,"column":24},"end":{"line":230,"column":45}},"type":"binary-expr","locations":[{"start":{"line":230,"column":24},"end":{"line":230,"column":39}},{"start":{"line":230,"column":43},"end":{"line":230,"column":45}}],"line":230},"23":{"loc":{"start":{"line":233,"column":4},"end":{"line":233,"column":48}},"type":"if","locations":[{"start":{"line":233,"column":4},"end":{"line":233,"column":48}},{"start":{},"end":{}}],"line":233},"24":{"loc":{"start":{"line":234,"column":4},"end":{"line":234,"column":48}},"type":"if","locations":[{"start":{"line":234,"column":4},"end":{"line":234,"column":48}},{"start":{},"end":{}}],"line":234},"25":{"loc":{"start":{"line":235,"column":4},"end":{"line":235,"column":57}},"type":"if","locations":[{"start":{"line":235,"column":4},"end":{"line":235,"column":57}},{"start":{},"end":{}}],"line":235},"26":{"loc":{"start":{"line":236,"column":4},"end":{"line":236,"column":39}},"type":"if","locations":[{"start":{"line":236,"column":4},"end":{"line":236,"column":39}},{"start":{},"end":{}}],"line":236},"27":{"loc":{"start":{"line":237,"column":4},"end":{"line":237,"column":54}},"type":"if","locations":[{"start":{"line":237,"column":4},"end":{"line":237,"column":54}},{"start":{},"end":{}}],"line":237},"28":{"loc":{"start":{"line":271,"column":4},"end":{"line":273,"column":5}},"type":"if","locations":[{"start":{"line":271,"column":4},"end":{"line":273,"column":5}},{"start":{},"end":{}}],"line":271},"29":{"loc":{"start":{"line":276,"column":4},"end":{"line":276,"column":54}},"type":"if","locations":[{"start":{"line":276,"column":4},"end":{"line":276,"column":54}},{"start":{},"end":{}}],"line":276},"30":{"loc":{"start":{"line":277,"column":4},"end":{"line":277,"column":39}},"type":"if","locations":[{"start":{"line":277,"column":4},"end":{"line":277,"column":39}},{"start":{},"end":{}}],"line":277},"31":{"loc":{"start":{"line":283,"column":4},"end":{"line":284,"column":88}},"type":"if","locations":[{"start":{"line":283,"column":4},"end":{"line":284,"column":88}},{"start":{},"end":{}}],"line":283},"32":{"loc":{"start":{"line":291,"column":8},"end":{"line":291,"column":61}},"type":"if","locations":[{"start":{"line":291,"column":8},"end":{"line":291,"column":61}},{"start":{},"end":{}}],"line":291},"33":{"loc":{"start":{"line":291,"column":12},"end":{"line":291,"column":48}},"type":"binary-expr","locations":[{"start":{"line":291,"column":12},"end":{"line":291,"column":15}},{"start":{"line":291,"column":19},"end":{"line":291,"column":30}},{"start":{"line":291,"column":34},"end":{"line":291,"column":48}}],"line":291},"34":{"loc":{"start":{"line":294,"column":8},"end":{"line":300,"column":9}},"type":"if","locations":[{"start":{"line":294,"column":8},"end":{"line":300,"column":9}},{"start":{"line":297,"column":15},"end":{"line":300,"column":9}}],"line":294},"35":{"loc":{"start":{"line":297,"column":15},"end":{"line":300,"column":9}},"type":"if","locations":[{"start":{"line":297,"column":15},"end":{"line":300,"column":9}},{"start":{},"end":{}}],"line":297},"36":{"loc":{"start":{"line":306,"column":26},"end":{"line":306,"column":39}},"type":"binary-expr","locations":[{"start":{"line":306,"column":26},"end":{"line":306,"column":31}},{"start":{"line":306,"column":35},"end":{"line":306,"column":39}}],"line":306},"37":{"loc":{"start":{"line":329,"column":4},"end":{"line":331,"column":5}},"type":"if","locations":[{"start":{"line":329,"column":4},"end":{"line":331,"column":5}},{"start":{},"end":{}}],"line":329},"38":{"loc":{"start":{"line":334,"column":4},"end":{"line":334,"column":54}},"type":"if","locations":[{"start":{"line":334,"column":4},"end":{"line":334,"column":54}},{"start":{},"end":{}}],"line":334},"39":{"loc":{"start":{"line":335,"column":4},"end":{"line":335,"column":39}},"type":"if","locations":[{"start":{"line":335,"column":4},"end":{"line":335,"column":39}},{"start":{},"end":{}}],"line":335},"40":{"loc":{"start":{"line":341,"column":4},"end":{"line":342,"column":89}},"type":"if","locations":[{"start":{"line":341,"column":4},"end":{"line":342,"column":89}},{"start":{},"end":{}}],"line":341},"41":{"loc":{"start":{"line":348,"column":8},"end":{"line":350,"column":9}},"type":"if","locations":[{"start":{"line":348,"column":8},"end":{"line":350,"column":9}},{"start":{},"end":{}}],"line":348},"42":{"loc":{"start":{"line":348,"column":12},"end":{"line":348,"column":48}},"type":"binary-expr","locations":[{"start":{"line":348,"column":12},"end":{"line":348,"column":15}},{"start":{"line":348,"column":19},"end":{"line":348,"column":30}},{"start":{"line":348,"column":34},"end":{"line":348,"column":48}}],"line":348},"43":{"loc":{"start":{"line":353,"column":8},"end":{"line":359,"column":9}},"type":"if","locations":[{"start":{"line":353,"column":8},"end":{"line":359,"column":9}},{"start":{"line":356,"column":15},"end":{"line":359,"column":9}}],"line":353},"44":{"loc":{"start":{"line":356,"column":15},"end":{"line":359,"column":9}},"type":"if","locations":[{"start":{"line":356,"column":15},"end":{"line":359,"column":9}},{"start":{},"end":{}}],"line":356},"45":{"loc":{"start":{"line":365,"column":26},"end":{"line":365,"column":39}},"type":"binary-expr","locations":[{"start":{"line":365,"column":26},"end":{"line":365,"column":31}},{"start":{"line":365,"column":35},"end":{"line":365,"column":39}}],"line":365},"46":{"loc":{"start":{"line":384,"column":4},"end":{"line":385,"column":72}},"type":"if","locations":[{"start":{"line":384,"column":4},"end":{"line":385,"column":72}},{"start":{},"end":{}}],"line":384},"47":{"loc":{"start":{"line":400,"column":4},"end":{"line":402,"column":5}},"type":"if","locations":[{"start":{"line":400,"column":4},"end":{"line":402,"column":5}},{"start":{},"end":{}}],"line":400},"48":{"loc":{"start":{"line":400,"column":8},"end":{"line":400,"column":100}},"type":"binary-expr","locations":[{"start":{"line":400,"column":8},"end":{"line":400,"column":18}},{"start":{"line":400,"column":22},"end":{"line":400,"column":39}},{"start":{"line":400,"column":43},"end":{"line":400,"column":56}},{"start":{"line":400,"column":60},"end":{"line":400,"column":76}},{"start":{"line":400,"column":80},"end":{"line":400,"column":89}},{"start":{"line":400,"column":93},"end":{"line":400,"column":100}}],"line":400},"49":{"loc":{"start":{"line":406,"column":4},"end":{"line":408,"column":5}},"type":"if","locations":[{"start":{"line":406,"column":4},"end":{"line":408,"column":5}},{"start":{},"end":{}}],"line":406},"50":{"loc":{"start":{"line":412,"column":4},"end":{"line":412,"column":87}},"type":"if","locations":[{"start":{"line":412,"column":4},"end":{"line":412,"column":87}},{"start":{},"end":{}}],"line":412},"51":{"loc":{"start":{"line":416,"column":4},"end":{"line":416,"column":84}},"type":"if","locations":[{"start":{"line":416,"column":4},"end":{"line":416,"column":84}},{"start":{},"end":{}}],"line":416},"52":{"loc":{"start":{"line":447,"column":4},"end":{"line":449,"column":5}},"type":"if","locations":[{"start":{"line":447,"column":4},"end":{"line":449,"column":5}},{"start":{},"end":{}}],"line":447},"53":{"loc":{"start":{"line":463,"column":4},"end":{"line":465,"column":5}},"type":"if","locations":[{"start":{"line":463,"column":4},"end":{"line":465,"column":5}},{"start":{},"end":{}}],"line":463},"54":{"loc":{"start":{"line":482,"column":4},"end":{"line":484,"column":5}},"type":"if","locations":[{"start":{"line":482,"column":4},"end":{"line":484,"column":5}},{"start":{},"end":{}}],"line":482},"55":{"loc":{"start":{"line":490,"column":4},"end":{"line":493,"column":5}},"type":"if","locations":[{"start":{"line":490,"column":4},"end":{"line":493,"column":5}},{"start":{},"end":{}}],"line":490},"56":{"loc":{"start":{"line":497,"column":4},"end":{"line":500,"column":5}},"type":"if","locations":[{"start":{"line":497,"column":4},"end":{"line":500,"column":5}},{"start":{},"end":{}}],"line":497},"57":{"loc":{"start":{"line":506,"column":4},"end":{"line":514,"column":5}},"type":"if","locations":[{"start":{"line":506,"column":4},"end":{"line":514,"column":5}},{"start":{},"end":{}}],"line":506},"58":{"loc":{"start":{"line":507,"column":6},"end":{"line":513,"column":7}},"type":"if","locations":[{"start":{"line":507,"column":6},"end":{"line":513,"column":7}},{"start":{"line":510,"column":13},"end":{"line":513,"column":7}}],"line":507},"59":{"loc":{"start":{"line":509,"column":22},"end":{"line":509,"column":54}},"type":"binary-expr","locations":[{"start":{"line":509,"column":22},"end":{"line":509,"column":39}},{"start":{"line":509,"column":43},"end":{"line":509,"column":54}}],"line":509},"60":{"loc":{"start":{"line":510,"column":13},"end":{"line":513,"column":7}},"type":"if","locations":[{"start":{"line":510,"column":13},"end":{"line":513,"column":7}},{"start":{},"end":{}}],"line":510},"61":{"loc":{"start":{"line":512,"column":22},"end":{"line":512,"column":46}},"type":"binary-expr","locations":[{"start":{"line":512,"column":22},"end":{"line":512,"column":31}},{"start":{"line":512,"column":35},"end":{"line":512,"column":46}}],"line":512},"62":{"loc":{"start":{"line":553,"column":4},"end":{"line":555,"column":5}},"type":"if","locations":[{"start":{"line":553,"column":4},"end":{"line":555,"column":5}},{"start":{},"end":{}}],"line":553},"63":{"loc":{"start":{"line":567,"column":4},"end":{"line":567,"column":39}},"type":"if","locations":[{"start":{"line":567,"column":4},"end":{"line":567,"column":39}},{"start":{},"end":{}}],"line":567},"64":{"loc":{"start":{"line":573,"column":4},"end":{"line":579,"column":5}},"type":"if","locations":[{"start":{"line":573,"column":4},"end":{"line":579,"column":5}},{"start":{},"end":{}}],"line":573},"65":{"loc":{"start":{"line":586,"column":8},"end":{"line":586,"column":72}},"type":"if","locations":[{"start":{"line":586,"column":8},"end":{"line":586,"column":72}},{"start":{},"end":{}}],"line":586},"66":{"loc":{"start":{"line":586,"column":12},"end":{"line":586,"column":48}},"type":"binary-expr","locations":[{"start":{"line":586,"column":12},"end":{"line":586,"column":15}},{"start":{"line":586,"column":19},"end":{"line":586,"column":30}},{"start":{"line":586,"column":34},"end":{"line":586,"column":48}}],"line":586},"67":{"loc":{"start":{"line":589,"column":8},"end":{"line":595,"column":9}},"type":"if","locations":[{"start":{"line":589,"column":8},"end":{"line":595,"column":9}},{"start":{"line":592,"column":15},"end":{"line":595,"column":9}}],"line":589},"68":{"loc":{"start":{"line":592,"column":15},"end":{"line":595,"column":9}},"type":"if","locations":[{"start":{"line":592,"column":15},"end":{"line":595,"column":9}},{"start":{},"end":{}}],"line":592},"69":{"loc":{"start":{"line":601,"column":26},"end":{"line":601,"column":39}},"type":"binary-expr","locations":[{"start":{"line":601,"column":26},"end":{"line":601,"column":31}},{"start":{"line":601,"column":35},"end":{"line":601,"column":39}}],"line":601}},"s":{"0":0,"1":0,"2":0,"3":0,"4":0,"5":0,"6":0,"7":0,"8":0,"9":0,"10":0,"11":0,"12":0,"13":0,"14":0,"15":0,"16":0,"17":0,"18":0,"19":0,"20":0,"21":0,"22":0,"23":0,"24":0,"25":0,"26":0,"27":0,"28":0,"29":0,"30":0,"31":0,"32":0,"33":0,"34":0,"35":0,"36":0,"37":0,"38":0,"39":0,"40":0,"41":0,"42":0,"43":0,"44":0,"45":0,"46":0,"47":0,"48":0,"49":0,"50":0,"51":0,"52":0,"53":0,"54":0,"55":0,"56":0,"57":0,"58":0,"59":0,"60":0,"61":0,"62":0,"63":0,"64":0,"65":0,"66":0,"67":0,"68":0,"69":0,"70":0,"71":0,"72":0,"73":0,"74":0,"75":0,"76":0,"77":0,"78":0,"79":0,"80":0,"81":0,"82":0,"83":0,"84":0,"85":0,"86":0,"87":0,"88":0,"89":0,"90":0,"91":0,"92":0,"93":0,"94":0,"95":0,"96":0,"97":0,"98":0,"99":0,"100":0,"101":0,"102":0,"103":0,"104":0,"105":0,"106":0,"107":0,"108":0,"109":0,"110":0,"111":0,"112":0,"113":0,"114":0,"115":0,"116":0,"117":0,"118":0,"119":0,"120":0,"121":0,"122":0,"123":0,"124":0,"125":0,"126":0,"127":0,"128":0,"129":0,"130":0,"131":0,"132":0,"133":0,"134":0,"135":0,"136":0,"137":0,"138":0,"139":0,"140":0,"141":0,"142":0,"143":0,"144":0,"145":0,"146":0,"147":0,"148":0,"149":0,"150":0,"151":0,"152":0,"153":0,"154":0,"155":0,"156":0,"157":0,"158":0,"159":0,"160":0,"161":0,"162":0,"163":0,"164":0,"165":0,"166":0,"167":0,"168":0,"169":0,"170":0,"171":0,"172":0,"173":0,"174":0,"175":0,"176":0,"177":0,"178":0,"179":0,"180":0,"181":0,"182":0,"183":0,"184":0,"185":0,"186":0,"187":0,"188":0,"189":0,"190":0,"191":0,"192":0,"193":0,"194":0,"195":0,"196":0,"197":0,"198":0,"199":0,"200":0,"201":0,"202":0,"203":0,"204":0,"205":0,"206":0,"207":0,"208":0,"209":0,"210":0,"211":0,"212":0,"213":0,"214":0,"215":0,"216":0,"217":0,"218":0,"219":0,"220":0,"221":0,"222":0,"223":0,"224":0,"225":0,"226":0,"227":0,"228":0,"229":0,"230":0,"231":0,"232":0,"233":0,"234":0,"235":0,"236":0,"237":0,"238":0,"239":0,"240":0,"241":0,"242":0,"243":0,"244":0,"245":0,"246":0,"247":0,"248":0,"249":0,"250":0,"251":0,"252":0,"253":0,"254":0,"255":0,"256":0,"257":0,"258":0,"259":0,"260":0,"261":0,"262":0,"263":0,"264":0,"265":0,"266":0,"267":0,"268":0,"269":0,"270":0,"271":0,"272":0,"273":0,"274":0,"275":0,"276":0,"277":0,"278":0,"279":0,"280":0,"281":0,"282":0,"283":0,"284":0,"285":0,"286":0,"287":0,"288":0,"289":0,"290":0,"291":0,"292":0,"293":0,"294":0,"295":0,"296":0,"297":0,"298":0},"f":{"0":0,"1":0,"2":0,"3":0,"4":0,"5":0,"6":0,"7":0,"8":0,"9":0,"10":0,"11":0,"12":0,"13":0,"14":0,"15":0,"16":0,"17":0,"18":0,"19":0},"b":{"0":[0,0],"1":[0,0,0,0,0],"2":[0,0],"3":[0,0],"4":[0,0],"5":[0,0],"6":[0,0],"7":[0,0],"8":[0,0],"9":[0,0],"10":[0,0],"11":[0,0],"12":[0,0],"13":[0,0],"14":[0,0],"15":[0,0],"16":[0,0],"17":[0,0],"18":[0,0],"19":[0,0],"20":[0,0],"21":[0,0],"22":[0,0],"23":[0,0],"24":[0,0],"25":[0,0],"26":[0,0],"27":[0,0],"28":[0,0],"29":[0,0],"30":[0,0],"31":[0,0],"32":[0,0],"33":[0,0,0],"34":[0,0],"35":[0,0],"36":[0,0],"37":[0,0],"38":[0,0],"39":[0,0],"40":[0,0],"41":[0,0],"42":[0,0,0],"43":[0,0],"44":[0,0],"45":[0,0],"46":[0,0],"47":[0,0],"48":[0,0,0,0,0,0],"49":[0,0],"50":[0,0],"51":[0,0],"52":[0,0],"53":[0,0],"54":[0,0],"55":[0,0],"56":[0,0],"57":[0,0],"58":[0,0],"59":[0,0],"60":[0,0],"61":[0,0],"62":[0,0],"63":[0,0],"64":[0,0],"65":[0,0],"66":[0,0,0],"67":[0,0],"68":[0,0],"69":[0,0]}}
,"D:\\WorkSpace\\Clinic-System-Backend\\src\\controllers\\chatbotController.js": {"path":"D:\\WorkSpace\\Clinic-System-Backend\\src\\controllers\\chatbotController.js","statementMap":{"0":{"start":{"line":2,"column":17},"end":{"line":2,"column":36}},"1":{"start":{"line":3,"column":20},"end":{"line":3,"column":52}},"2":{"start":{"line":4,"column":31},"end":{"line":4,"column":67}},"3":{"start":{"line":8,"column":2},"end":{"line":9,"column":85}},"4":{"start":{"line":14,"column":2},"end":{"line":14,"column":54}},"5":{"start":{"line":17,"column":0},"end":{"line":115,"column":2}},"6":{"start":{"line":18,"column":2},"end":{"line":114,"column":3}},"7":{"start":{"line":19,"column":40},"end":{"line":19,"column":54}},"8":{"start":{"line":20,"column":17},"end":{"line":20,"column":33}},"9":{"start":{"line":21,"column":22},"end":{"line":21,"column":38}},"10":{"start":{"line":23,"column":4},"end":{"line":25,"column":5}},"11":{"start":{"line":24,"column":6},"end":{"line":24,"column":86}},"12":{"start":{"line":28,"column":19},"end":{"line":28,"column":77}},"13":{"start":{"line":31,"column":24},"end":{"line":31,"column":42}},"14":{"start":{"line":32,"column":4},"end":{"line":38,"column":7}},"15":{"start":{"line":42,"column":24},"end":{"line":45,"column":13}},"16":{"start":{"line":48,"column":25},"end":{"line":48,"column":44}},"17":{"start":{"line":49,"column":26},"end":{"line":49,"column":123}},"18":{"start":{"line":49,"column":47},"end":{"line":49,"column":111}},"19":{"start":{"line":52,"column":19},"end":{"line":52,"column":102}},"20":{"start":{"line":56,"column":23},"end":{"line":56,"column":24}},"21":{"start":{"line":57,"column":4},"end":{"line":91,"column":5}},"22":{"start":{"line":57,"column":23},"end":{"line":57,"column":24}},"23":{"start":{"line":58,"column":6},"end":{"line":90,"column":7}},"24":{"start":{"line":59,"column":8},"end":{"line":59,"column":98}},"25":{"start":{"line":60,"column":8},"end":{"line":60,"column":14}},"26":{"start":{"line":62,"column":28},"end":{"line":62,"column":116}},"27":{"start":{"line":63,"column":8},"end":{"line":67,"column":9}},"28":{"start":{"line":64,"column":26},"end":{"line":64,"column":52}},"29":{"start":{"line":65,"column":10},"end":{"line":65,"column":57}},"30":{"start":{"line":65,"column":33},"end":{"line":65,"column":55}},"31":{"start":{"line":66,"column":10},"end":{"line":66,"column":19}},"32":{"start":{"line":69,"column":8},"end":{"line":69,"column":89}},"33":{"start":{"line":72,"column":8},"end":{"line":74,"column":9}},"34":{"start":{"line":73,"column":10},"end":{"line":73,"column":150}},"35":{"start":{"line":76,"column":8},"end":{"line":78,"column":9}},"36":{"start":{"line":77,"column":10},"end":{"line":77,"column":129}},"37":{"start":{"line":80,"column":8},"end":{"line":82,"column":9}},"38":{"start":{"line":81,"column":10},"end":{"line":81,"column":152}},"39":{"start":{"line":84,"column":8},"end":{"line":86,"column":9}},"40":{"start":{"line":85,"column":10},"end":{"line":85,"column":134}},"41":{"start":{"line":89,"column":8},"end":{"line":89,"column":85}},"42":{"start":{"line":93,"column":26},"end":{"line":93,"column":134}},"43":{"start":{"line":96,"column":4},"end":{"line":106,"column":7}},"44":{"start":{"line":109,"column":4},"end":{"line":109,"column":87}},"45":{"start":{"line":112,"column":4},"end":{"line":112,"column":97}},"46":{"start":{"line":113,"column":4},"end":{"line":113,"column":87}}},"fnMap":{"0":{"name":"buildSystemPrompt","decl":{"start":{"line":7,"column":9},"end":{"line":7,"column":26}},"loc":{"start":{"line":7,"column":29},"end":{"line":10,"column":1}},"line":7},"1":{"name":"redactPHI","decl":{"start":{"line":12,"column":9},"end":{"line":12,"column":18}},"loc":{"start":{"line":12,"column":25},"end":{"line":15,"co
[...]
column":81}},"7":{"start":{"line":12,"column":11},"end":{"line":12,"column":81}},"8":{"start":{"line":13,"column":9},"end":{"line":18,"column":3}},"9":{"start":{"line":14,"column":15},"end":{"line":16,"column":13}},"10":{"start":{"line":17,"column":4},"end":{"line":17,"column":86}},"11":{"start":{"line":17,"column":12},"end":{"line":17,"column":86}},"12":{"start":{"line":19,"column":2},"end":{"line":19,"column":14}},"13":{"start":{"line":23,"column":2},"end":{"line":23,"column":33}},"14":{"start":{"line":23,"column":21},"end":{"line":23,"column":33}},"15":{"start":{"line":24,"column":2},"end":{"line":35,"column":4}},"16":{"start":{"line":28,"column":42},"end":{"line":33,"column":9}},"17":{"start":{"line":39,"column":2},"end":{"line":39,"column":29}},"18":{"start":{"line":39,"column":17},"end":{"line":39,"column":29}},"19":{"start":{"line":40,"column":2},"end":{"line":51,"column":4}},"20":{"start":{"line":44,"column":38},"end":{"line":49,"column":9}},"21":{"start":{"line":55,"column":12},"end":{"line":55,"column":22}},"22":{"start":{"line":56,"column":19},"end":{"line":56,"column":122}},"23":{"start":{"line":57,"column":17},"end":{"line":57,"column":45}},"24":{"start":{"line":58,"column":2},"end":{"line":58,"column":37}},"25":{"start":{"line":62,"column":2},"end":{"line":62,"column":52}},"26":{"start":{"line":65,"column":0},"end":{"line":71,"column":2}}},"fnMap":{"0":{"name":"resolveOwnerDetail","decl":{"start":{"line":5,"column":15},"end":{"line":5,"column":33}},"loc":{"start":{"line":5,"column":49},"end":{"line":20,"column":1}},"line":5},"1":{"name":"formatPrescription","decl":{"start":{"line":22,"column":9},"end":{"line":22,"column":27}},"loc":{"start":{"line":22,"column":42},"end":{"line":36,"column":1}},"line":22},"2":{"name":"(anonymous_2)","decl":{"start":{"line":28,"column":31},"end":{"line":28,"column":32}},"loc":{"start":{"line":28,"column":42},"end":{"line":33,"column":9}},"line":28},"3":{"name":"formatLabOrder","decl":{"start":{"line":38,"column":9},"end":{"line":38,"column":23}},"loc":{"start":{"line":38,"column":34},"end":{"line":52,"column":1}},"line":38},"4":{"name":"(anonymous_4)","decl":{"start":{"line":44,"column":27},"end":{"line":44,"column":28}},"loc":{"start":{"line":44,"column":38},"end":{"line":49,"column":9}},"line":44},"5":{"name":"generateInvoiceNumber","decl":{"start":{"line":54,"column":9},"end":{"line":54,"column":30}},"loc":{"start":{"line":54,"column":33},"end":{"line":59,"column":1}},"line":54},"6":{"name":"isValidObjectId","decl":{"start":{"line":61,"column":9},"end":{"line":61,"column":24}},"loc":{"start":{"line":61,"column":29},"end":{"line":63,"column":1}},"line":61}},"branchMap":{"0":{"loc":{"start":{"line":6,"column":2},"end":{"line":6,"column":89}},"type":"if","locations":[{"start":{"line":6,"column":2},"end":{"line":6,"column":89}},{"start":{},"end":{}}],"line":6},"1":{"loc":{"start":{"line":6,"column":6},"end":{"line":6,"column":75}},"type":"binary-expr","locations":[{"start":{"line":6,"column":6},"end":{"line":6,"column":20}},{"start":{"line":6,"column":24},"end":{"line":6,"column":46}},{"start":{"line":6,"column":50},"end":{"line":6,"column":75}}],"line":6},"2":{"loc":{"start":{"line":8,"column":2},"end":{"line":18,"column":3}},"type":"if","locations":[{"start":{"line":8,"column":2},"end":{"line":18,"column":3}},{"start":{"line":13,"column":9},"end":{"line":18,"column":3}}],"line":8},"3":{"loc":{"start":{"line":12,"column":4},"end":{"line":12,"column":81}},"type":"if","locations":[{"start":{"line":12,"column":4},"end":{"line":12,"column":81}},{"start":{},"end":{}}],"line":12},"4":{"loc":{"start":{"line":13,"column":9},"end":{"line":18,"column":3}},"type":"if","locations":[{"start":{"line":13,"column":9},"end":{"line":18,"column":3}},{"start":{},"end":{}}],"line":13},"5":{"loc":{"start":{"line":17,"column":4},"end":{"line":17,"column":86}},"type":"if","locations":[{"start":{"line":17,"column":4},"end":{"line":17,"column":86}},{"start":{},"end":{}}],"line":17},"6":{"loc":{"start":{"line":23,"column":2},"end":{"line":23,"column":33}},"type":"if","locations":[{"start":{"line":23,"column":2},"end":{"line":23,"column":33}},{"start":{},"end":{}}],"line":23},"7":{"loc":{"start":{"line":26,"column":16},"end":{"line":26,"column":52}},"type":"binary-expr","locations":[{"start":{"line":26,"column":16},"end":{"line":26,"column":47}},{"start":{"line":26,"column":51},"end":{"line":26,"column":52}}],"line":26},"8":{"loc":{"start":{"line":27,"column":11},"end":{"line":34,"column":10}},"type":"cond-expr","locations":[{"start":{"line":28,"column":8},"end":{"line":33,"column":11}},{"start":{"line":34,"column":8},"end":{"line":34,"column":10}}],"line":27},"9":{"loc":{"start":{"line":30,"column":22},"end":{"line":30,"column":50}},"type":"binary-expr","locations":[{"start":{"line":30,"column":22},"end":{"line":30,"column":42}},{"start":{"line":30,"column":46},"end":{"line":30,"column":50}}],"line":30},"10":{"loc":{"start":{"line":31,"column":20},"end":{"line":31,"column":43}},"type":"binary-expr","locations":[{"start":{"line":31,"column":20},"end":{"line":31,"column":35}},{"start":{"line":31,"column":39},"end":{"line":31,"column":43}}],"line":31},"11":{"loc":{"start":{"line":39,"column":2},"end":{"line":39,"column":29}},"type":"if","locations":[{"start":{"line":39,"column":2},"end":{"line":39,"column":29}},{"start":{},"end":{}}],"line":39},"12":{"loc":{"start":{"line":42,"column":16},"end":{"line":42,"column":48}},"type":"binary-expr","locations":[{"start":{"line":42,"column":16},"end":{"line":42,"column":43}},{"start":{"line":42,"column":47},"end":{"line":42,"column":48}}],"line":42},"13":{"loc":{"start":{"line":43,"column":11},"end":{"line":50,"column":10}},"type":"cond-expr","locations":[{"start":{"line":44,"column":8},"end":{"line":49,"column":11}},{"start":{"line":50,"column":8},"end":{"line":50,"column":10}}],"line":43},"14":{"loc":{"start":{"line":47,"column":21},"end":{"line":47,"column":48}},"type":"binary-expr","locations":[{"start":{"line":47,"column":21},"end":{"line":47,"column":40}},{"start":{"line":47,"column":44},"end":{"line":47,"column":48}}],"line":47},"15":{"loc":{"start":{"line":48,"column":19},"end":{"line":48,"column":41}},"type":"binary-expr","locations":[{"start":{"line":48,"column":19},"end":{"line":48,"column":33}},{"start":{"line":48,"column":37},"end":{"line":48,"column":41}}],"line":48},"16":{"loc":{"start":{"line":62,"column":9},"end":{"line":62,"column":51}},"type":"binary-expr","locations":[{"start":{"line":62,"column":9},"end":{"line":62,"column":11}},{"start":{"line":62,"column":15},"end":{"line":62,"column":51}}],"line":62}},"s":{"0":0,"1":0,"2":0,"3":0,"4":0,"5":0,"6":0,"7":0,"8":0,"9":0,"10":0,"11":0,"12":0,"13":0,"14":0,"15":0,"16":0,"17":0,"18":0,"19":0,"20":0,"21":0,"22":0,"23":0,"24":0,"25":0,"26":0},"f":{"0":0,"1":0,"2":0,"3":0,"4":0,"5":0,"6":0},"b":{"0":[0,0],"1":[0,0,0],"2":[0,0],"3":[0,0],"4":[0,0],"5":[0,0],"6":[0,0],"7":[0,0],"8":[0,0],"9":[0,0],"10":[0,0],"11":[0,0],"12":[0,0],"13":[0,0],"14":[0,0],"15":[0,0],"16":[0,0]}}
,"D:\\WorkSpace\\Clinic-System-Backend\\src\\services\\vnpayService.js": {"path":"D:\\WorkSpace\\Clinic-System-Backend\\src\\services\\vnpayService.js","statementMap":{"0":{"start":{"line":1,"column":15},"end":{"line":1,"column":32}},"1":{"start":{"line":2,"column":20},"end":{"line":2,"column":33}},"2":{"start":{"line":3,"column":15},"end":{"line":3,"column":32}},"3":{"start":{"line":4,"column":20},"end":{"line":4,"column":49}},"4":{"start":{"line":10,"column":19},"end":{"line":10,"column":21}},"5":{"start":{"line":11,"column":17},"end":{"line":11,"column":40}},"6":{"start":{"line":12,"column":4},"end":{"line":14,"column":7}},"7":{"start":{"line":13,"column":8},"end":{"line":13,"column":72}},"8":{"start":{"line":15,"column":4},"end":{"line":15,"column":18}},"9":{"start":{"line":21,"column":0},"end":{"line":62,"column":2}},"10":{"start":{"line":30,"column":8},"end":{"line":30,"column":14}},"11":{"start":{"line":32,"column":17},"end":{"line":32,"column":27}},"12":{"start":{"line":33,"column":23},"end":{"line":33,"column":60}},"13":{"start":{"line":34,"column":23},"end":{"line":34,"column":79}},"14":{"start":{"line":36,"column":21},"end":{"line":50,"column":5}},"15":{"start":{"line":52,"column":4},"end":{"line":52,"column":40}},"16":{"start":{"line":54,"column":21},"end":{"line":54,"column":73}},"17":{"start":{"line":55,"column":17},"end":{"line":55,"column":72}},"18":{"start":{"line":56,"column":19},"end":{"line":56,"column":76}},"19":{"start":{"line":57,"column":4},"end":{"line":57,"column":42}},"20":{"start":{"line":59,"column":23},"end":{"line":59,"column":103}},"21":{"start":{"line":61,"column":4},"end":{"line":61,"column":22}},"22":{"start":{"line":67,"column":0},"end":{"line":82,"column":2}},"23":{"start":{"line":68,"column":23},"end":{"line":68,"column":51}},"24":{"start":{"line":71,"column":27},"end":{"line":71,"column":44}},"25":{"start":{"line":72,"column":4},"end":{"line":72,"column":44}},"26":{"start":{"line":73,"column":4},"end":{"line":73,"column":48}},"27":{"start":{"line":75,"column":25},"end":{"line":75,"column":51}},"28":{"start":{"line":76,"column":21},"end":{"line":76,"column":75}},"29":{"start":{"line":78,"column":17},"end":{"line":78,"column":72}},"30":{"start":{"line":79,"column":19},"end":{"line":79,"column":76}},"31":{"start":{"line":81,"column":4},"end":{"line":81,"column":33}},"32":{"start":{"line":85,"column":0},"end":{"line":103,"column":2}},"33":{"start":{"line":86,"column":21},"end":{"line":100,"column":5}},"34":{"start":{"line":102,"column":4},"end":{"line":102,"column":58}}},"fnMap":{"0":{"name":"sortObject","decl":{"start":{"line":9,"column":9},"end":{"line":9,"column":19}},"loc":{"start":{"line":9,"column":25},"end":{"line":16,"column":1}},"line":9},"1":{"name":"(anonymous_1)","decl":{"start":{"line":12,"column":17},"end":{"line":12,"column":18}},"loc":{"start":{"line":12,"column":24},"end":{"line":14,"column":5}},"line":12},"2":{"name":"(anonymous_2)","decl":{"start":{"line":21,"column":26},"end":{"line":21,"column":27}},"loc":{"start":{"line":21,"column":38},"end":{"line":62,"column":1}},"line":21},"3":{"name":"(anonymous_3)","decl":{"start":{"line":67,"column":26},"end":{"line":67,"column":27}},"loc":{"start":{"line":67,"column":42},"end":{"line":82,"column":1}},"line":67},"4":{"name":"(anonymous_4)","decl":{"start":{"line":85,"column":29},"end":{"line":85,"column":30}},"loc":{"start":{"line":85,"column":47},"end":{"line":103,"column":1}},"line":85}},"branchMap":{"0":{"loc":{"start":{"line":26,"column":8},"end":{"line":26,"column":27}},"type":"default-arg","locations":[{"start":{"line":26,"column":20},"end":{"line":26,"column":27}}],"line":26},"1":{"loc":{"start":{"line":28,"column":8},"end":{"line":28,"column":21}},"type":"default-arg","locations":[{"start":{"line":28,"column":17},"end":{"line":28,"column":21}}],"line":28},"2":{"loc":{"start":{"line":46,"column":23},"end":{"line":46,"column":61}},"type":"binary-expr","locations":[{"start":{"line":46,"column":23},"end":{"line":46,"column":32}},{"start":{"line":46,"column":36},"end":{"line":46,"column":61}}],"line":46},"3":{"loc":{"start":{"line":102,"column":11},"end":{"line":102,"column":57}},"type":"binary-expr","locations":[{"start":{"line":102,"column":11},"end":{"line":102,"column":33}},{"start":{"line":102,"column":37},"end":{"line":102,"column":57}}],"line":102}},"s":{"0":0,"1":0,"2":0,"3":0,"4":0,"5":0,"6":0,"7":0,"8":0,"9":0,"10":0,"11":0,"12":0,"13":0,"14":0,"15":0,"16":0,"17":0,"18":0,"19":0,"20":0,"21":0,"22":0,"23":0,"24":0,"25":0,"26":0,"27":0,"28":0,"29":0,"30":0,"31":0,"32":0,"33":0,"34":0},"f":{"0":0,"1":0,"2":0,"3":0,"4":0},"b":{"0":[0],"1":[0],"2":[0,0],"3":[0,0]}}
,"D:\\WorkSpace\\Clinic-System-Backend\\src\\validates\\accountValidate.js": {"path":"D:\\WorkSpace\\Clinic-System-Backend\\src\\validates\\accountValidate.js","statementMap":{"0":{"start":{"line":3,"column":16},"end":{"line":3,"column":44}},"1":{"start":{"line":4,"column":2},"end":{"line":4,"column":27}},"2":{"start":{"line":9,"column":2},"end":{"line":13,"column":5}},"3":{"start":{"line":10,"column":4},"end":{"line":12,"column":5}},"4":{"start":{"line":11,"column":6},"end":{"line":11,"column":33}},"5":{"start":{"line":16,"column":0},"end":{"line":40,"column":2}},"6":{"start":{"line":17,"column":2},"end":{"line":17,"column":58}},"7":{"start":{"line":19,"column":40},"end":{"line":19,"column":48}},"8":{"start":{"line":21,"column":2},"end":{"line":23,"column":3}},"9":{"start":{"line":22,"column":4},"end":{"line":22,"column":72}},"10":{"start":{"line":25,"column":2},"end":{"line":27,"column":3}},"11":{"start":{"line":26,"column":4},"end":{"line":26,"column":68}},"12":{"start":{"line":28,"column":2},"end":{"line":30,"column":3}},"13":{"start":{"line":29,"column":4},"end":{"line":29,"column":67}},"14":{"start":{"line":32,"column":2},"end":{"line":34,"column":3}},"15":{"start":{"line":33,"column":4},"end":{"line":33,"column":71}},"16":{"start":{"line":35,"column":2},"end":{"line":37,"column":3}},"17":{"start":{"line":36,"column":4},"end":{"line":36,"column":79}},"18":{"start":{"line":39,"column":2},"end":{"line":39,"column":9}},"19":{"start":{"line":42,"column":0},"end":{"line":59,"column":2}},"20":{"start":{"line":43,"column":2},"end":{"line":43,"column":46}},"21":{"start":{"line":45,"column":30},"end":{"line":45,"column":38}},"22":{"start":{"line":47,"column":2},"end":{"line":49,"column":3}},"23":{"start":{"line":48,"column":4},"end":{"line":48,"column":68}},"24":{"start":{"line":50,"column":2},"end":{"line":52,"column":3}},"25":{"start":{"line":51,"column":4},"end":{"line":51,"column":67}},"26":{"start":{"line":54,"column":2},"end":{"line":56,"column":3}},"27":{"start":{"line":55,"column":4},"end":{"line":55,"column":71}},"28":{"start":{"line":58,"column":2},"end":{"line":58,"column":9}},"29":{"start":{"line":61,"column":0},"end":{"line":74,"column":2}},"30":{"start":{"line":62,"column":2},"end":{"line":62,"column":34}},"31":{"start":{"line":64,"column":20},"end":{"line":64,"column":28}},"32":{"start":{"line":66,"column":2},"end":{"line":68,"column":3}},"33":{"start":{"line":67,"column":4},"end":{"line":67,"column":68}},"34":{"start":{"line":69,"column":2},"end":{"line":71,"column":3}},"35":{"start":{"line":70,"column":4},"end":{"line":70,"column":67}},"36":{"start":{"line":73,"column":2},"end":{"line":73,"column":9}},"37":{"start":{"line":76,"column":0},"end":{"line":98,"column":2}},"38":{"start":{"line":77,"column":2},"end":{"line":77,"column":59}},"39":{"start":{"line":79,"column":43},"end":{"line":79,"column":51}},"40":{"start":{"line":81,"column":2},"end":{"line":83,"column":3}},"41":{"start":{"line":82,"column":4},"end":{"line":82,"column":72}},"42":{"start":{"line":85,"column":2},"end":{"line":87,"column":3}},"43":{"start":{"line":86,"column":4},"end":{"line":86,"column":79}},"44":{"start":{"line":89,"column":2},"end":{"line":91,"column":3}},"45":{"start":{"line":90,"column":4},"end":{"line":90,"column":76}},"46":{"start":{"line":93,"column":2},"end":{"line":95,"column":3}},"47":{"start":{"line":94,"column":4},"end":{"line":94,"column":78}},"48":{"start":{"line":97,"column":2},"end":{"line":97,"column":9}}},"fnMap":{"0":{"name":"isValidEmail","decl":{"start":{"line":2,"column":9},"end":{"line":2,"column":21}},"loc":{"start":{"line":2,"column":29},"end":{"line":5,"column":1}},"line":2},"1":{"name":"trimFields","decl":{"start":{"line":8,"column":9},"end":{"line":8,"column":19}},"loc":{"start":{"line":8,"column":33},"end":{"line":14,"column":1}},"line":8},"2":{"name":"(anonymous_2)","decl":{"start":{"line":9,"column":17},"end":{"line":9,"column":18}},"loc":{"start":{"line":9,"column":24},"end":{"line":13,"column":3}},"line":9},"3":{"name":"(anonymous_3)","decl":{"start":{"line":16,"column":26},"end":{"line":16,"column":27}},"loc":{"start":{"line":16,"column":46},"end":{"line":40,"column":1}},"line":16},"4":{"name":"(anonymous_4)","decl":{"start":{"line":42,"column":23},"end":{"line":42,"column":24}},"loc":{"start":{"line":42,"column":43},"end":{"line":59,"column":1}},"line":42},"5":{"name":"(anonymous_5)","decl":{"start":{"line":61,"column":32},"end":{"line":61,"column":33}},"loc":{"start":{"line":61,"column":52},"end":{"line":74,"column":1}},"line":61},"6":{"name":"(anonymous_6)","decl":{"start":{"line":76,"column":31},"end":{"line":76,"column":32}},"loc":{"start":{"line":76,"column":51},"end":{"line":98,"column":1}},"line":76}},"branchMap":{"0":{"loc":{"start":{"line":10,"column":4},"end":{"line":12,"column":5}},"type":"if","locations":[{"start":{"line":10,"column":4},"end":{"line":12,"column":5}},{"start":{},"end":{}}],"line":10},"1":{"loc":{"start":{"line":21,"column":2},"end":{"line":23,"column":3}},"type":"if","locations":[{"start":{"line":21,"column":2},"end":{"line":23,"column":3}},{"start":{},"end":{}}],"line":21},"2":{"loc":{"start":{"line":25,"column":2},"end":{"line":27,"column":3}},"type":"if","locations":[{"start":{"line":25,"column":2},"end":{"line":27,"column":3}},{"start":{},"end":{}}],"line":25},"3":{"loc":{"start":{"line":28,"column":2},"end":{"line":30,"column":3}},"type":"if","locations":[{"start":{"line":28,"column":2},"end":{"line":30,"column":3}},{"start":{},"end":{}}],"line":28},"4":{"loc":{"start":{"line":32,"column":2},"end":{"line":34,"column":3}},"type":"if","locations":[{"start":{"line":32,"column":2},"end":{"line":34,"column":3}},{"start":{},"end":{}}],"line":32},"5":{"loc":{"start":{"line":35,"column":2},"end":{"line":37,"column":3}},"type":"if","locations":[{"start":{"line":35,"column":2},"end":{"line":37,"column":3}},{"start":{},"end":{}}],"line":35},"6":{"loc":{"start":{"line":47,"column":2},"end":{"line":49,"column":3}},"type":"if","locations":[{"start":{"line":47,"column":2},"end":{"line":49,"column":3}},{"start":{},"end":{}}],"line":47},"7":{"loc":{"start":{"line":50,"column":2},"end":{"line":52,"column":3}},"type":"if","locations":[{"start":{"line":50,"column":2},"end":{"line":52,"column":3}},{"start":{},"end":{}}],"line":50},"8":{"loc":{"start":{"line":54,"column":2},"end":{"line":56,"column":3}},"type":"if","locations":[{"start":{"line":54,"column":2},"end":{"line":56,"column":3}},{"start":{},"end":{}}],"line":54},"9":{"loc":{"start":{"line":66,"column":2},"end":{"line":68,"column":3}},"type":"if","locations":[{"start":{"line":66,"column":2},"end":{"line":68,"column":3}},{"start":{},"end":{}}],"line":66},"10":{"loc":{"start":{"line":69,"column":2},"end":{"line":71,"column":3}},"type":"if","locations":[{"start":{"line":69,"column":2},"end":{"line":71,"column":3}},{"start":{},"end":{}}],"line":69},"11":{"loc":{"start":{"line":81,"column":2},"end":{"line":83,"column":3}},"type":"if","locations":[{"start":{"line":81,"column":2},"end":{"line":83,"column":3}},{"start":{},"end":{}}],"line":81},"12":{"loc":{"start":{"line":85,"column":2},"end":{"line":87,"column":3}},"type":"if","locations":[{"start":{"line":85,"column":2},"end":{"line":87,"column":3}},{"start":{},"end":{}}],"line":85},"13":{"loc":{"start":{"line":89,"column":2},"end":{"line":91,"column":3}},"type":"if","locations":[{"start":{"line":89,"column":2},"end":{"line":91,"column":3}},{"start":{},"end":{}}],"line":89},"14":{"loc":{"start":{"line":93,"column":2},"end":{"line":95,"column":3}},"type":"if","locations":[{"start":{"line":93,"column":2},"end":{"line":95,"column":3}},{"start":{},"end":{}}],"line":93}},"s":{"0":11,"1":11,"2":14,"3":35,"4":35,"5":2,"6":7,"7":7,"8":7,"9":1,"10":6,"11":1,"12":5,"13":1,"14":4,"15":1,"16":3,"17":1,"18":2,"19":2,"20":7,"21":7,"22":7,"23":1,"24":6,"25":1,"26":5,"27":1,"28":4,"29":2,"30":0,"31":0,"32":0,"33":0,"34":0,"35":0,"36":0,"37":2,"38":0,"39":0,"40":0,"41":0,"42":0,"43":0,"44":0,"45":0,"46":0,"47":0,"48":0},"f":{"0":11,"1":14,"2":35,"3":7,"4":7,"5":0,"6":0},"b":{"0":[35,0],"1":[1,6],"2":[1,5],"3":[1,4],"4":[1,3],"5":[1,2],"6":[1,6],"7":[1,5],"8":[1,4],"9":[0,0],"10":[0,0],"11":[0,0],"12":[0,0],"13":[0,0],"14":[0,0]},"_coverageSchema":"1a1c01bbd47fc00a2c39e90264f33305004495a9","hash":"eb01ba59f46ed8b58a344f1880682fdc272ea900"}
}
