TN:
SF:src\controllers\accountController.js
FN:11,(anonymous_0)
FN:81,(anonymous_1)
FN:124,(anonymous_2)
FN:134,(anonymous_3)
FN:160,(anonymous_4)
FN:193,(anonymous_5)
FN:231,(anonymous_6)
FN:239,(anonymous_7)
FN:254,(anonymous_8)
FN:277,(anonymous_9)
FN:293,(anonymous_10)
FN:327,(anonymous_11)
FNF:12
FNH:2
FNDA:2,(anonymous_0)
FNDA:4,(anonymous_1)
FNDA:0,(anonymous_2)
FNDA:0,(anonymous_3)
FNDA:0,(anonymous_4)
FNDA:0,(anonymous_5)
FNDA:0,(anonymous_6)
FNDA:0,(anonymous_7)
FNDA:0,(anonymous_8)
FNDA:0,(anonymous_9)
FNDA:0,(anonymous_10)
FNDA:0,(anonymous_11)
DA:1,2
DA:2,2
DA:3,2
DA:4,2
DA:5,2
DA:6,2
DA:7,2
DA:8,2
DA:11,2
DA:12,2
DA:13,2
DA:16,2
DA:17,2
DA:18,1
DA:22,1
DA:23,1
DA:24,0
DA:28,1
DA:29,1
DA:34,1
DA:37,1
DA:45,1
DA:46,1
DA:49,0
DA:52,0
DA:53,0
DA:54,0
DA:55,0
DA:57,0
DA:58,0
DA:60,0
DA:63,0
DA:67,1
DA:68,1
DA:73,1
DA:75,0
DA:81,2
DA:82,4
DA:83,4
DA:84,4
DA:85,0
DA:87,4
DA:88,1
DA:90,3
DA:91,3
DA:92,1
DA:95,2
DA:96,2
DA:97,1
DA:100,1
DA:101,0
DA:104,1
DA:105,1
DA:110,1
DA:119,0
DA:124,2
DA:125,0
DA:126,0
DA:127,0
DA:129,0
DA:134,2
DA:135,0
DA:136,0
DA:137,0
DA:138,0
DA:139,0
DA:142,0
DA:143,0
DA:145,0
DA:146,0
DA:148,0
DA:149,0
DA:150,0
DA:152,0
DA:154,0
DA:160,2
DA:161,0
DA:162,0
DA:164,0
DA:165,0
DA:166,0
DA:170,0
DA:171,0
DA:172,0
DA:175,0
DA:176,0
DA:177,0
DA:180,0
DA:181,0
DA:186,0
DA:188,0
DA:193,2
DA:194,0
DA:195,0
DA:196,0
DA:197,0
DA:200,0
DA:201,0
DA:203,0
DA:204,0
DA:206,0
DA:210,0
DA:211,0
DA:214,0
DA:215,0
DA:218,0
DA:219,0
DA:222,0
DA:224,0
DA:226,0
DA:231,2
DA:232,0
DA:233,0
DA:239,0
DA:240,0
DA:241,0
DA:243,0
DA:246,0
DA:248,0
DA:249,0
DA:254,2
DA:255,0
DA:256,0
DA:257,0
DA:261,0
DA:262,0
DA:265,0
DA:266,0
DA:269,0
DA:271,0
DA:272,0
DA:277,2
DA:278,0
DA:279,0
DA:280,0
DA:281,0
DA:286,0
DA:287,0
DA:289,0
DA:293,2
DA:294,0
DA:295,0
DA:297,0
DA:298,0
DA:299,0
DA:301,0
DA:303,0
DA:305,0
DA:307,0
DA:308,0
DA:310,0
DA:311,0
DA:312,0
DA:314,0
DA:315,0
DA:316,0
DA:318,0
DA:319,0
DA:320,0
DA:322,0
DA:327,2
DA:328,0
DA:329,0
DA:330,0
DA:331,0
DA:332,0
DA:334,0
LF:167
LH:50
BRDA:17,0,0,1
BRDA:17,0,1,1
BRDA:23,1,0,0
BRDA:23,1,1,1
BRDA:52,2,0,0
BRDA:52,2,1,0
BRDA:52,3,0,0
BRDA:52,3,1,0
BRDA:53,4,0,0
BRDA:53,4,1,0
BRDA:54,5,0,0
BRDA:54,5,1,0
BRDA:57,6,0,0
BRDA:57,6,1,0
BRDA:60,7,0,0
BRDA:60,7,1,0
BRDA:84,8,0,0
BRDA:84,8,1,4
BRDA:84,9,0,4
BRDA:84,9,1,4
BRDA:87,10,0,1
BRDA:87,10,1,3
BRDA:87,11,0,4
BRDA:87,11,1,4
BRDA:91,12,0,1
BRDA:91,12,1,2
BRDA:96,13,0,1
BRDA:96,13,1,1
BRDA:100,14,0,0
BRDA:100,14,1,1
BRDA:138,15,0,0
BRDA:138,15,1,0
BRDA:165,16,0,0
BRDA:165,16,1,0
BRDA:170,17,0,0
BRDA:170,17,1,0
BRDA:176,18,0,0
BRDA:176,18,1,0
BRDA:197,19,0,0
BRDA:197,19,1,0
BRDA:203,20,0,0
BRDA:203,20,1,0
BRDA:210,21,0,0
BRDA:210,21,1,0
BRDA:210,22,0,0
BRDA:210,22,1,0
BRDA:214,23,0,0
BRDA:214,23,1,0
BRDA:214,24,0,0
BRDA:214,24,1,0
BRDA:240,25,0,0
BRDA:240,25,1,0
BRDA:241,26,0,0
BRDA:241,26,1,0
BRDA:261,27,0,0
BRDA:261,27,1,0
BRDA:265,28,0,0
BRDA:265,28,1,0
BRDA:266,29,0,0
BRDA:266,29,1,0
BRDA:286,30,0,0
BRDA:286,30,1,0
BRDA:301,31,0,0
BRDA:301,31,1,0
BRDA:305,32,0,0
BRDA:305,32,1,0
BRDA:310,33,0,0
BRDA:310,33,1,0
BRDA:314,34,0,0
BRDA:314,34,1,0
BRDA:319,35,0,0
BRDA:319,35,1,0
BRDA:331,36,0,0
BRDA:331,36,1,0
BRF:74
BRH:15
end_of_record
TN:
SF:src\controllers\adminController.js
FN:9,(anonymous_0)
FN:23,(anonymous_1)
FN:43,(anonymous_2)
FN:59,(anonymous_3)
FN:90,(anonymous_4)
FN:115,(anonymous_5)
FNF:6
FNH:0
FNDA:0,(anonymous_0)
FNDA:0,(anonymous_1)
FNDA:0,(anonymous_2)
FNDA:0,(anonymous_3)
FNDA:0,(anonymous_4)
FNDA:0,(anonymous_5)
DA:1,0
DA:2,0
DA:3,0
DA:4,0
DA:5,0
DA:7,0
DA:10,0
DA:11,0
DA:12,0
DA:14,0
DA:15,0
DA:24,0
DA:25,0
DA:27,0
DA:28,0
DA:31,0
DA:33,0
DA:34,0
DA:37,0
DA:39,0
DA:44,0
DA:45,0
DA:46,0
DA:47,0
DA:49,0
DA:50,0
DA:51,0
DA:53,0
DA:55,0
DA:60,0
DA:61,0
DA:62,0
DA:63,0
DA:66,0
DA:67,0
DA:68,0
DA:70,0
DA:75,0
DA:76,0
DA:81,0
DA:83,0
DA:85,0
DA:91,0
DA:92,0
DA:94,0
DA:95,0
DA:98,0
DA:104,0
DA:105,0
DA:108,0
DA:110,0
DA:116,0
DA:117,0
DA:119,0
DA:120,0
DA:123,0
DA:125,0
DA:126,0
DA:129,0
DA:131,0
LF:60
LH:0
BRDA:27,0,0,0
BRDA:27,0,1,0
BRDA:33,1,0,0
BRDA:33,1,1,0
BRDA:46,2,0,0
BRDA:46,2,1,0
BRDA:50,3,0,0
BRDA:50,3,1,0
BRDA:62,4,0,0
BRDA:62,4,1,0
BRDA:62,5,0,0
BRDA:62,5,1,0
BRDA:62,5,2,0
BRDA:67,6,0,0
BRDA:67,6,1,0
BRDA:94,7,0,0
BRDA:94,7,1,0
BRDA:104,8,0,0
BRDA:104,8,1,0
BRDA:119,9,0,0
BRDA:119,9,1,0
BRDA:125,10,0,0
BRDA:125,10,1,0
BRF:23
BRH:0
end_of_record
TN:
SF:src\controllers\appointmentController.js
FN:12,(anonymous_0)
FN:59,(anonymous_1)
FN:63,(anonymous_2)
FN:117,(anonymous_3)
FN:159,(anonymous_4)
FN:164,(anonymous_5)
FN:193,(anonymous_6)
FN:213,(anonymous_7)
FN:226,(anonymous_8)
FN:264,(anonymous_9)
FN:288,(anonymous_10)
FN:322,(anonymous_11)
FN:345,(anonymous_12)
FN:379,(anonymous_13)
FN:395,(anonymous_14)
FN:443,(anonymous_15)
FN:459,(anonymous_16)
FN:476,(anonymous_17)
FN:546,(anonymous_18)
FN:583,(anonymous_19)
FNF:20
FNH:0
FNDA:0,(anonymous_0)
FNDA:0,(anonymous_1)
FNDA:0,(anonymous_2)
FNDA:0,(anonymous_3)
FNDA:0,(anonymous_4)
FNDA:0,(anonymous_5)
FNDA:0,(anonymous_6)
FNDA:0,(anonymous_7)
FNDA:0,(anonymous_8)
FNDA:0,(anonymous_9)
FNDA:0,(anonymous_10)
FNDA:0,(anonymous_11)
FNDA:0,(anonymous_12)
FNDA:0,(anonymous_13)
FNDA:0,(anonymous_14)
FNDA:0,(anonymous_15)
FNDA:0,(anonymous_16)
FNDA:0,(anonymous_17)
FNDA:0,(anonymous_18)
FNDA:0,(anonymous_19)
DA:1,0
DA:2,0
DA:3,0
DA:4,0
DA:5,0
DA:6,0
DA:7,0
DA:8,0
DA:9,0
DA:12,0
DA:13,0
DA:14,0
DA:17,0
DA:18,0
DA:22,0
DA:23,0
DA:26,0
DA:27,0
DA:28,0
DA:33,0
DA:34,0
DA:35,0
DA:38,0
DA:41,0
DA:43,0
DA:44,0
DA:46,0
DA:47,0
DA:49,0
DA:54,0
DA:55,0
DA:59,0
DA:60,0
DA:62,0
DA:63,0
DA:65,0
DA:66,0
DA:68,0
DA:69,0
DA:72,0
DA:83,0
DA:86,0
DA:93,0
DA:94,0
DA:99,0
DA:101,0
DA:104,0
DA:111,0
DA:112,0
DA:117,0
DA:118,0
DA:119,0
DA:120,0
DA:121,0
DA:122,0
DA:125,0
DA:126,0
DA:127,0
DA:130,0
DA:131,0
DA:134,0
DA:135,0
DA:136,0
DA:140,0
DA:141,0
DA:142,0
DA:145,0
DA:146,0
DA:148,0
DA:149,0
DA:151,0
DA:156,0
DA:157,0
DA:159,0
DA:160,0
DA:163,0
DA:164,0
DA:167,0
DA:168,0
DA:169,0
DA:173,0
DA:174,0
DA:175,0
DA:177,0
DA:178,0
DA:179,0
DA:181,0
DA:186,0
DA:187,0
DA:193,0
DA:194,0
DA:195,0
DA:196,0
DA:198,0
DA:199,0
DA:200,0
DA:202,0
DA:203,0
DA:205,0
DA:207,0
DA:208,0
DA:213,0
DA:214,0
DA:215,0
DA:216,0
DA:217,0
DA:218,0
DA:219,0
DA:221,0
DA:222,0
DA:226,0
DA:227,0
DA:228,0
DA:229,0
DA:230,0
DA:232,0
DA:233,0
DA:234,0
DA:235,0
DA:236,0
DA:237,0
DA:239,0
DA:248,0
DA:258,0
DA:259,0
DA:264,0
DA:265,0
DA:266,0
DA:267,0
DA:270,0
DA:271,0
DA:272,0
DA:275,0
DA:276,0
DA:277,0
DA:279,0
DA:283,0
DA:284,0
DA:287,0
DA:289,0
DA:291,0
DA:294,0
DA:295,0
DA:297,0
DA:298,0
DA:302,0
DA:312,0
DA:315,0
DA:316,0
DA:322,0
DA:323,0
DA:324,0
DA:325,0
DA:328,0
DA:329,0
DA:330,0
DA:333,0
DA:334,0
DA:335,0
DA:337,0
DA:341,0
DA:342,0
DA:344,0
DA:346,0
DA:348,0
DA:349,0
DA:353,0
DA:354,0
DA:356,0
DA:357,0
DA:361,0
DA:371,0
DA:373,0
DA:374,0
DA:379,0
DA:380,0
DA:381,0
DA:384,0
DA:385,0
DA:387,0
DA:389,0
DA:390,0
DA:395,0
DA:396,0
DA:397,0
DA:400,0
DA:401,0
DA:405,0
DA:406,0
DA:407,0
DA:411,0
DA:412,0
DA:415,0
DA:416,0
DA:419,0
DA:430,0
DA:432,0
DA:438,0
DA:439,0
DA:443,0
DA:444,0
DA:445,0
DA:446,0
DA:447,0
DA:448,0
DA:451,0
DA:453,0
DA:454,0
DA:459,0
DA:460,0
DA:461,0
DA:462,0
DA:463,0
DA:464,0
DA:466,0
DA:467,0
DA:468,0
DA:470,0
DA:471,0
DA:476,0
DA:477,0
DA:478,0
DA:479,0
DA:482,0
DA:483,0
DA:485,0
DA:486,0
DA:489,0
DA:490,0
DA:491,0
DA:492,0
DA:495,0
DA:496,0
DA:497,0
DA:498,0
DA:499,0
DA:503,0
DA:505,0
DA:506,0
DA:507,0
DA:508,0
DA:509,0
DA:510,0
DA:511,0
DA:512,0
DA:517,0
DA:521,0
DA:522,0
DA:536,0
DA:538,0
DA:540,0
DA:541,0
DA:546,0
DA:547,0
DA:548,0
DA:549,0
DA:552,0
DA:553,0
DA:554,0
DA:558,0
DA:559,0
DA:560,0
DA:561,0
DA:563,0
DA:567,0
DA:569,0
DA:573,0
DA:574,0
DA:582,0
DA:584,0
DA:586,0
DA:589,0
DA:590,0
DA:592,0
DA:593,0
DA:597,0
DA:607,0
DA:610,0
DA:611,0
LF:279
LH:0
BRDA:17,0,0,0
BRDA:17,0,1,0
BRDA:17,1,0,0
BRDA:17,1,1,0
BRDA:17,1,2,0
BRDA:17,1,3,0
BRDA:17,1,4,0
BRDA:23,2,0,0
BRDA:23,2,1,0
BRDA:27,3,0,0
BRDA:27,3,1,0
BRDA:33,4,0,0
BRDA:33,4,1,0
BRDA:33,5,0,0
BRDA:33,5,1,0
BRDA:35,6,0,0
BRDA:35,6,1,0
BRDA:54,7,0,0
BRDA:54,7,1,0
BRDA:65,8,0,0
BRDA:65,8,1,0
BRDA:68,9,0,0
BRDA:68,9,1,0
BRDA:93,10,0,0
BRDA:93,10,1,0
BRDA:121,11,0,0
BRDA:121,11,1,0
BRDA:126,12,0,0
BRDA:126,12,1,0
BRDA:130,13,0,0
BRDA:130,13,1,0
BRDA:135,14,0,0
BRDA:135,14,1,0
BRDA:140,15,0,0
BRDA:140,15,1,0
BRDA:156,16,0,0
BRDA:156,16,1,0
BRDA:168,17,0,0
BRDA:168,17,1,0
BRDA:199,18,0,0
BRDA:199,18,1,0
BRDA:203,19,0,0
BRDA:203,19,1,0
BRDA:218,20,0,0
BRDA:218,20,1,0
BRDA:229,21,0,0
BRDA:229,21,1,0
BRDA:230,22,0,0
BRDA:230,22,1,0
BRDA:233,23,0,0
BRDA:233,23,1,0
BRDA:234,24,0,0
BRDA:234,24,1,0
BRDA:235,25,0,0
BRDA:235,25,1,0
BRDA:236,26,0,0
BRDA:236,26,1,0
BRDA:237,27,0,0
BRDA:237,27,1,0
BRDA:271,28,0,0
BRDA:271,28,1,0
BRDA:276,29,0,0
BRDA:276,29,1,0
BRDA:277,30,0,0
BRDA:277,30,1,0
BRDA:283,31,0,0
BRDA:283,31,1,0
BRDA:291,32,0,0
BRDA:291,32,1,0
BRDA:291,33,0,0
BRDA:291,33,1,0
BRDA:291,33,2,0
BRDA:294,34,0,0
BRDA:294,34,1,0
BRDA:297,35,0,0
BRDA:297,35,1,0
BRDA:306,36,0,0
BRDA:306,36,1,0
BRDA:329,37,0,0
BRDA:329,37,1,0
BRDA:334,38,0,0
BRDA:334,38,1,0
BRDA:335,39,0,0
BRDA:335,39,1,0
BRDA:341,40,0,0
BRDA:341,40,1,0
BRDA:348,41,0,0
BRDA:348,41,1,0
BRDA:348,42,0,0
BRDA:348,42,1,0
BRDA:348,42,2,0
BRDA:353,43,0,0
BRDA:353,43,1,0
BRDA:356,44,0,0
BRDA:356,44,1,0
BRDA:365,45,0,0
BRDA:365,45,1,0
BRDA:384,46,0,0
BRDA:384,46,1,0
BRDA:400,47,0,0
BRDA:400,47,1,0
BRDA:400,48,0,0
BRDA:400,48,1,0
BRDA:400,48,2,0
BRDA:400,48,3,0
BRDA:400,48,4,0
BRDA:400,48,5,0
BRDA:406,49,0,0
BRDA:406,49,1,0
BRDA:412,50,0,0
BRDA:412,50,1,0
BRDA:416,51,0,0
BRDA:416,51,1,0
BRDA:447,52,0,0
BRDA:447,52,1,0
BRDA:463,53,0,0
BRDA:463,53,1,0
BRDA:482,54,0,0
BRDA:482,54,1,0
BRDA:490,55,0,0
BRDA:490,55,1,0
BRDA:497,56,0,0
BRDA:497,56,1,0
BRDA:506,57,0,0
BRDA:506,57,1,0
BRDA:507,58,0,0
BRDA:507,58,1,0
BRDA:509,59,0,0
BRDA:509,59,1,0
BRDA:510,60,0,0
BRDA:510,60,1,0
BRDA:512,61,0,0
BRDA:512,61,1,0
BRDA:553,62,0,0
BRDA:553,62,1,0
BRDA:567,63,0,0
BRDA:567,63,1,0
BRDA:573,64,0,0
BRDA:573,64,1,0
BRDA:586,65,0,0
BRDA:586,65,1,0
BRDA:586,66,0,0
BRDA:586,66,1,0
BRDA:586,66,2,0
BRDA:589,67,0,0
BRDA:589,67,1,0
BRDA:592,68,0,0
BRDA:592,68,1,0
BRDA:601,69,0,0
BRDA:601,69,1,0
BRF:150
BRH:0
end_of_record
TN:
SF:src\controllers\chatbotController.js
FN:7,buildSystemPrompt
FN:12,redactPHI
FN:17,(anonymous_2)
FN:49,(anonymous_3)
FN:65,(anonymous_4)
FNF:5
FNH:0
FNDA:0,buildSystemPrompt
FNDA:0,redactPHI
FNDA:0,(anonymous_2)
FNDA:0,(anonymous_3)
FNDA:0,(anonymous_4)
DA:2,0
DA:3,0
DA:4,0
DA:8,0
DA:14,0
DA:17,0
DA:18,0
DA:19,0
DA:20,0
DA:21,0
DA:23,0
DA:24,0
DA:28,0
DA:31,0
DA:32,0
DA:42,0
DA:48,0
DA:49,0
DA:52,0
DA:56,0
DA:57,0
DA:58,0
DA:59,0
DA:60,0
DA:62,0
DA:63,0
DA:64,0
DA:65,0
DA:66,0
DA:69,0
DA:72,0
DA:73,0
DA:76,0
DA:77,0
DA:80,0
DA:81,0
DA:84,0
DA:85,0
DA:89,0
DA:93,0
DA:96,0
DA:109,0
DA:112,0
DA:113,0
LF:44
LH:0
BRDA:19,0,0,0
BRDA:19,0,1,0
BRDA:20,1,0,0
BRDA:20,1,1,0
BRDA:21,2,0,0
BRDA:21,2,1,0
BRDA:23,3,0,0
BRDA:23,3,1,0
BRDA:23,4,0,0
BRDA:23,4,1,0
BRDA:23,4,2,0
BRDA:28,5,0,0
BRDA:28,5,1,0
BRDA:49,6,0,0
BRDA:49,6,1,0
BRDA:62,7,0,0
BRDA:62,7,1,0
BRDA:62,7,2,0
BRDA:63,8,0,0
BRDA:63,8,1,0
BRDA:63,9,0,0
BRDA:63,9,1,0
BRDA:69,10,0,0
BRDA:69,10,1,0
BRDA:69,10,2,0
BRDA:72,11,0,0
BRDA:72,11,1,0
BRDA:72,12,0,0
BRDA:72,12,1,0
BRDA:72,12,2,0
BRDA:76,13,0,0
BRDA:76,13,1,0
BRDA:76,14,0,0
BRDA:76,14,1,0
BRDA:80,15,0,0
BRDA:80,15,1,0
BRDA:80,16,0,0
BRDA:80,16,1,0
BRDA:84,17,0,0
BRDA:84,17,1,0
BRDA:84,18,0,0
BRDA:84,18,1,0
BRDA:84,18,2,0
BRDA:93,19,0,0
BRDA:93,19,1,0
BRDA:93,20,0,0
BRDA:93,20,1,0
BRDA:112,21,0,0
BRDA:112,21,1,0
BRDA:112,21,2,0
BRF:50
BRH:0
end_of_record
TN:
SF:src\controllers\doctorController.js
FN:11,(anonymous_0)
FN:88,(anonymous_1)
FN:127,(anonymous_2)
FN:151,(anonymous_3)
FN:168,(anonymous_4)
FN:213,(anonymous_5)
FN:236,(anonymous_6)
FN:255,(anonymous_7)
FN:305,(anonymous_8)
FN:329,(anonymous_9)
FNF:10
FNH:0
FNDA:0,(anonymous_0)
FNDA:0,(anonymous_1)
FNDA:0,(anonymous_2)
FNDA:0,(anonymous_3)
FNDA:0,(anonymous_4)
FNDA:0,(anonymous_5)
FNDA:0,(anonymous_6)
FNDA:0,(anonymous_7)
FNDA:0,(anonymous_8)
FNDA:0,(anonymous_9)
DA:2,0
DA:3,0
DA:4,0
DA:5,0
DA:6,0
DA:7,0
DA:8,0
DA:9,0
DA:11,0
DA:12,0
DA:13,0
DA:14,0
DA:15,0
DA:17,0
DA:18,0
DA:24,0
DA:25,0
DA:26,0
DA:29,0
DA:30,0
DA:31,0
DA:35,0
DA:36,0
DA:37,0
DA:41,0
DA:43,0
DA:44,0
DA:45,0
DA:46,0
DA:49,0
DA:55,0
DA:58,0
DA:66,0
DA:69,0
DA:70,0
DA:72,0
DA:78,0
DA:79,0
DA:80,0
DA:81,0
DA:88,0
DA:89,0
DA:90,0
DA:91,0
DA:93,0
DA:94,0
DA:96,0
DA:97,0
DA:99,0
DA:108,0
DA:119,0
DA:127,0
DA:128,0
DA:129,0
DA:130,0
DA:134,0
DA:135,0
DA:138,0
DA:140,0
DA:145,0
DA:151,0
DA:152,0
DA:153,0
DA:154,0
DA:155,0
DA:158,0
DA:162,0
DA:164,0
DA:168,0
DA:169,0
DA:170,0
DA:171,0
DA:174,0
DA:175,0
DA:176,0
DA:177,0
DA:179,0
DA:180,0
DA:184,0
DA:189,0
DA:190,0
DA:193,0
DA:194,0
DA:195,0
DA:197,0
DA:201,0
DA:206,0
DA:213,0
DA:214,0
DA:215,0
DA:216,0
DA:217,0
DA:218,0
DA:221,0
DA:222,0
DA:224,0
DA:228,0
DA:236,0
DA:237,0
DA:238,0
DA:239,0
DA:243,0
DA:249,0
DA:255,0
DA:256,0
DA:257,0
DA:259,0
DA:260,0
DA:265,0
DA:266,0
DA:275,0
DA:276,0
DA:278,0
DA:285,0
DA:297,0
DA:298,0
DA:305,0
DA:306,0
DA:307,0
DA:308,0
DA:312,0
DA:313,0
DA:315,0
DA:321,0
DA:329,0
DA:330,0
DA:331,0
DA:332,0
DA:333,0
DA:334,0
DA:336,0
DA:341,0
DA:342,0
DA:344,0
DA:349,0
LF:135
LH:0
BRDA:17,0,0,0
BRDA:17,0,1,0
BRDA:17,1,0,0
BRDA:17,1,1,0
BRDA:17,1,2,0
BRDA:17,1,3,0
BRDA:25,2,0,0
BRDA:25,2,1,0
BRDA:30,3,0,0
BRDA:30,3,1,0
BRDA:36,4,0,0
BRDA:36,4,1,0
BRDA:44,5,0,0
BRDA:44,5,1,0
BRDA:90,6,0,0
BRDA:90,7,0,0
BRDA:93,8,0,0
BRDA:93,8,1,0
BRDA:94,9,0,0
BRDA:94,9,1,0
BRDA:134,10,0,0
BRDA:134,10,1,0
BRDA:154,11,0,0
BRDA:154,11,1,0
BRDA:154,12,0,0
BRDA:154,12,1,0
BRDA:174,13,0,0
BRDA:174,13,1,0
BRDA:189,14,0,0
BRDA:189,14,1,0
BRDA:193,15,0,0
BRDA:193,15,1,0
BRDA:193,16,0,0
BRDA:193,16,1,0
BRDA:197,17,0,0
BRDA:197,17,1,0
BRDA:217,18,0,0
BRDA:217,18,1,0
BRDA:257,19,0,0
BRDA:257,20,0,0
BRDA:259,21,0,0
BRDA:259,21,1,0
BRDA:275,22,0,0
BRDA:275,22,1,0
BRDA:276,23,0,0
BRDA:276,23,1,0
BRDA:312,24,0,0
BRDA:312,24,1,0
BRDA:333,25,0,0
BRDA:333,25,1,0
BRDA:341,26,0,0
BRDA:341,26,1,0
BRF:52
BRH:0
end_of_record
TN:
SF:src\controllers\familyMemberController.js
FN:9,(anonymous_0)
FN:40,(anonymous_1)
FN:60,(anonymous_2)
FN:80,(anonymous_3)
FNF:4
FNH:0
FNDA:0,(anonymous_0)
FNDA:0,(anonymous_1)
FNDA:0,(anonymous_2)
FNDA:0,(anonymous_3)
DA:1,0
DA:2,0
DA:9,0
DA:10,0
DA:11,0
DA:13,0
DA:14,0
DA:16,0
DA:17,0
DA:20,0
DA:28,0
DA:29,0
DA:31,0
DA:32,0
DA:40,0
DA:41,0
DA:42,0
DA:44,0
DA:45,0
DA:48,0
DA:49,0
DA:51,0
DA:52,0
DA:60,0
DA:61,0
DA:62,0
DA:63,0
DA:65,0
DA:66,0
DA:69,0
DA:70,0
DA:72,0
DA:74,0
DA:75,0
DA:80,0
DA:81,0
DA:82,0
DA:83,0
DA:84,0
DA:86,0
DA:87,0
DA:88,0
DA:90,0
DA:91,0
LF:44
LH:0
BRDA:13,0,0,0
BRDA:13,0,1,0
BRDA:16,1,0,0
BRDA:16,1,1,0
BRDA:16,2,0,0
BRDA:16,2,1,0
BRDA:24,3,0,0
BRDA:24,3,1,0
BRDA:44,4,0,0
BRDA:44,4,1,0
BRDA:65,5,0,0
BRDA:65,5,1,0
BRDA:70,6,0,0
BRDA:70,6,1,0
BRDA:83,7,0,0
BRDA:83,7,1,0
BRDA:87,8,0,0
BRDA:87,8,1,0
BRF:18
BRH:0
end_of_record
TN:
SF:src\controllers\healthProfileController.js
FN:5,normalizeOwnerModel
FN:14,(anonymous_1)
FN:30,(anonymous_2)
FN:65,(anonymous_3)
FN:84,(anonymous_4)
FN:89,(anonymous_5)
FN:90,(anonymous_6)
FN:101,(anonymous_7)
FN:102,(anonymous_8)
FN:113,(anonymous_9)
FN:130,(anonymous_10)
FNF:11
FNH:0
FNDA:0,normalizeOwnerModel
FNDA:0,(anonymous_1)
FNDA:0,(anonymous_2)
FNDA:0,(anonymous_3)
FNDA:0,(anonymous_4)
FNDA:0,(anonymous_5)
FNDA:0,(anonymous_6)
FNDA:0,(anonymous_7)
FNDA:0,(anonymous_8)
FNDA:0,(anonymous_9)
FNDA:0,(anonymous_10)
DA:1,0
DA:2,0
DA:3,0
DA:6,0
DA:7,0
DA:8,0
DA:9,0
DA:10,0
DA:14,0
DA:15,0
DA:16,0
DA:19,0
DA:20,0
DA:22,0
DA:24,0
DA:30,0
DA:31,0
DA:32,0
DA:33,0
DA:34,0
DA:35,0
DA:37,0
DA:38,0
DA:40,0
DA:41,0
DA:42,0
DA:45,0
DA:56,0
DA:57,0
DA:59,0
DA:60,0
DA:65,0
DA:66,0
DA:67,0
DA:69,0
DA:70,0
DA:74,0
DA:77,0
DA:83,0
DA:84,0
DA:89,0
DA:90,0
DA:91,0
DA:100,0
DA:101,0
DA:102,0
DA:105,0
DA:107,0
DA:108,0
DA:113,0
DA:114,0
DA:115,0
DA:116,0
DA:118,0
DA:119,0
DA:120,0
DA:122,0
DA:124,0
DA:125,0
DA:130,0
DA:131,0
DA:132,0
DA:133,0
DA:134,0
DA:135,0
DA:136,0
DA:138,0
DA:139,0
LF:68
LH:0
BRDA:6,0,0,0
BRDA:6,0,1,0
BRDA:8,1,0,0
BRDA:8,1,1,0
BRDA:9,2,0,0
BRDA:9,2,1,0
BRDA:9,3,0,0
BRDA:9,3,1,0
BRDA:9,3,2,0
BRDA:19,4,0,0
BRDA:19,4,1,0
BRDA:34,5,0,0
BRDA:34,5,1,0
BRDA:35,6,0,0
BRDA:35,6,1,0
BRDA:38,7,0,0
BRDA:38,7,1,0
BRDA:41,8,0,0
BRDA:41,8,1,0
BRDA:41,9,0,0
BRDA:41,9,1,0
BRDA:69,10,0,0
BRDA:69,10,1,0
BRDA:116,11,0,0
BRDA:116,11,1,0
BRDA:120,12,0,0
BRDA:120,12,1,0
BRDA:133,13,0,0
BRDA:133,13,1,0
BRDA:135,14,0,0
BRDA:135,14,1,0
BRF:31
BRH:0
end_of_record
TN:
SF:src\controllers\invoiceController.js
FN:16,isValidObjectId
FN:20,resolveOwnerDetail
FN:32,formatPrescription
FN:38,(anonymous_3)
FN:48,formatLabOrder
FN:54,(anonymous_5)
FN:68,(anonymous_6)
FN:110,(anonymous_7)
FN:111,(anonymous_8)
FN:122,(anonymous_9)
FN:148,(anonymous_10)
FN:179,(anonymous_11)
FN:226,(anonymous_12)
FN:261,(anonymous_13)
FN:319,(anonymous_14)
FN:425,(anonymous_15)
FN:461,(anonymous_16)
FN:502,(anonymous_17)
FN:529,(anonymous_18)
FN:536,(anonymous_19)
FN:558,(anonymous_20)
FN:585,(anonymous_21)
FN:593,(anonymous_22)
FN:612,(anonymous_23)
FN:622,(anonymous_24)
FN:626,(anonymous_25)
FNF:26
FNH:0
FNDA:0,isValidObjectId
FNDA:0,resolveOwnerDetail
FNDA:0,formatPrescription
FNDA:0,(anonymous_3)
FNDA:0,formatLabOrder
FNDA:0,(anonymous_5)
FNDA:0,(anonymous_6)
FNDA:0,(anonymous_7)
FNDA:0,(anonymous_8)
FNDA:0,(anonymous_9)
FNDA:0,(anonymous_10)
FNDA:0,(anonymous_11)
FNDA:0,(anonymous_12)
FNDA:0,(anonymous_13)
FNDA:0,(anonymous_14)
FNDA:0,(anonymous_15)
FNDA:0,(anonymous_16)
FNDA:0,(anonymous_17)
FNDA:0,(anonymous_18)
FNDA:0,(anonymous_19)
FNDA:0,(anonymous_20)
FNDA:0,(anonymous_21)
FNDA:0,(anonymous_22)
FNDA:0,(anonymous_23)
FNDA:0,(anonymous_24)
FNDA:0,(anonymous_25)
DA:2,0
DA:3,0
DA:4,0
DA:5,0
DA:6,0
DA:7,0
DA:8,0
DA:9,0
DA:10,0
DA:11,0
DA:12,0
DA:17,0
DA:21,0
DA:22,0
DA:23,0
DA:24,0
DA:25,0
DA:26,0
DA:27,0
DA:29,0
DA:33,0
DA:34,0
DA:38,0
DA:49,0
DA:50,0
DA:54,0
DA:68,0
DA:69,0
DA:70,0
DA:71,0
DA:79,0
DA:100,0
DA:103,0
DA:104,0
DA:105,0
DA:110,0
DA:111,0
DA:113,0
DA:122,0
DA:123,0
DA:129,0
DA:145,0
DA:147,0
DA:149,0
DA:150,0
DA:152,0
DA:169,0
DA:171,0
DA:172,0
DA:179,0
DA:180,0
DA:181,0
DA:182,0
DA:184,0
DA:197,0
DA:199,0
DA:200,0
DA:202,0
DA:217,0
DA:218,0
DA:226,0
DA:227,0
DA:228,0
DA:229,0
DA:231,0
DA:233,0
DA:234,0
DA:235,0
DA:237,0
DA:238,0
DA:240,0
DA:252,0
DA:253,0
DA:261,0
DA:262,0
DA:263,0
DA:264,0
DA:266,0
DA:267,0
DA:269,0
DA:270,0
DA:273,0
DA:274,0
DA:276,0
DA:277,0
DA:280,0
DA:281,0
DA:282,0
DA:285,0
DA:295,0
DA:297,0
DA:299,0
DA:310,0
DA:311,0
DA:319,0
DA:320,0
DA:321,0
DA:323,0
DA:324,0
DA:328,0
DA:337,0
DA:338,0
DA:342,0
DA:343,0
DA:344,0
DA:348,0
DA:349,0
DA:353,0
DA:354,0
DA:355,0
DA:358,0
DA:359,0
DA:363,0
DA:364,0
DA:365,0
DA:369,0
DA:370,0
DA:374,0
DA:377,0
DA:388,0
DA:393,0
DA:398,0
DA:408,0
DA:410,0
DA:416,0
DA:417,0
DA:425,0
DA:426,0
DA:427,0
DA:429,0
DA:430,0
DA:433,0
DA:434,0
DA:436,0
DA:437,0
DA:438,0
DA:439,0
DA:442,0
DA:443,0
DA:444,0
DA:445,0
DA:448,0
DA:452,0
DA:453,0
DA:454,0
DA:455,0
DA:458,0
DA:461,0
DA:463,0
DA:464,0
DA:465,0
DA:466,0
DA:467,0
DA:475,0
DA:476,0
DA:479,0
DA:481,0
DA:485,0
DA:486,0
DA:487,0
DA:489,0
DA:492,0
DA:493,0
DA:494,0
DA:502,0
DA:503,0
DA:504,0
DA:506,0
DA:507,0
DA:510,0
DA:512,0
DA:513,0
DA:514,0
DA:517,0
DA:520,0
DA:524,0
DA:525,0
DA:529,0
DA:531,0
DA:532,0
DA:536,0
DA:538,0
DA:539,0
DA:540,0
DA:541,0
DA:543,0
DA:544,0
DA:547,0
DA:550,0
DA:553,0
DA:554,0
DA:558,0
DA:559,0
DA:560,0
DA:561,0
DA:563,0
DA:577,0
DA:578,0
DA:580,0
DA:581,0
DA:585,0
DA:586,0
DA:587,0
DA:588,0
DA:590,0
DA:591,0
DA:593,0
DA:594,0
DA:596,0
DA:597,0
DA:598,0
DA:600,0
DA:601,0
DA:603,0
DA:604,0
DA:612,0
DA:613,0
DA:614,0
DA:617,0
DA:618,0
DA:621,0
DA:622,0
DA:625,0
DA:626,0
DA:629,0
DA:635,0
DA:637,0
DA:638,0
LF:228
LH:0
BRDA:17,0,0,0
BRDA:17,0,1,0
BRDA:21,1,0,0
BRDA:21,1,1,0
BRDA:21,2,0,0
BRDA:21,2,1,0
BRDA:21,2,2,0
BRDA:22,3,0,0
BRDA:22,3,1,0
BRDA:24,4,0,0
BRDA:24,4,1,0
BRDA:25,5,0,0
BRDA:25,5,1,0
BRDA:27,6,0,0
BRDA:27,6,1,0
BRDA:33,7,0,0
BRDA:33,7,1,0
BRDA:36,8,0,0
BRDA:36,8,1,0
BRDA:37,9,0,0
BRDA:37,9,1,0
BRDA:40,10,0,0
BRDA:40,10,1,0
BRDA:41,11,0,0
BRDA:41,11,1,0
BRDA:49,12,0,0
BRDA:49,12,1,0
BRDA:52,13,0,0
BRDA:52,13,1,0
BRDA:53,14,0,0
BRDA:53,14,1,0
BRDA:57,15,0,0
BRDA:57,15,1,0
BRDA:58,16,0,0
BRDA:58,16,1,0
BRDA:80,17,0,0
BRDA:80,17,1,0
BRDA:80,17,2,0
BRDA:81,18,0,0
BRDA:81,18,1,0
BRDA:81,18,2,0
BRDA:84,19,0,0
BRDA:84,19,1,0
BRDA:84,19,2,0
BRDA:88,20,0,0
BRDA:88,20,1,0
BRDA:88,21,0,0
BRDA:88,21,1,0
BRDA:91,22,0,0
BRDA:91,22,1,0
BRDA:92,23,0,0
BRDA:92,23,1,0
BRDA:96,24,0,0
BRDA:96,24,1,0
BRDA:97,25,0,0
BRDA:97,25,1,0
BRDA:103,26,0,0
BRDA:103,26,1,0
BRDA:103,27,0,0
BRDA:103,27,1,0
BRDA:125,28,0,0
BRDA:125,28,1,0
BRDA:149,29,0,0
BRDA:149,29,1,0
BRDA:149,29,2,0
BRDA:149,29,3,0
BRDA:156,30,0,0
BRDA:156,30,1,0
BRDA:157,31,0,0
BRDA:157,31,1,0
BRDA:159,32,0,0
BRDA:159,32,1,0
BRDA:159,32,2,0
BRDA:160,33,0,0
BRDA:160,33,1,0
BRDA:162,34,0,0
BRDA:162,34,1,0
BRDA:182,35,0,0
BRDA:182,35,1,0
BRDA:182,36,0,0
BRDA:182,36,1,0
BRDA:197,37,0,0
BRDA:197,37,1,0
BRDA:199,38,0,0
BRDA:199,38,1,0
BRDA:199,38,2,0
BRDA:199,38,3,0
BRDA:206,39,0,0
BRDA:206,39,1,0
BRDA:207,40,0,0
BRDA:207,40,1,0
BRDA:209,41,0,0
BRDA:209,41,1,0
BRDA:209,41,2,0
BRDA:210,42,0,0
BRDA:210,42,1,0
BRDA:212,43,0,0
BRDA:212,43,1,0
BRDA:231,44,0,0
BRDA:231,44,1,0
BRDA:231,45,0,0
BRDA:231,45,1,0
BRDA:234,46,0,0
BRDA:234,46,1,0
BRDA:234,47,0,0
BRDA:234,47,1,0
BRDA:238,48,0,0
BRDA:238,48,1,0
BRDA:245,49,0,0
BRDA:245,49,1,0
BRDA:247,50,0,0
BRDA:247,50,1,0
BRDA:248,51,0,0
BRDA:248,51,1,0
BRDA:249,52,0,0
BRDA:249,52,1,0
BRDA:266,53,0,0
BRDA:266,53,1,0
BRDA:266,54,0,0
BRDA:266,54,1,0
BRDA:270,55,0,0
BRDA:270,55,1,0
BRDA:273,56,0,0
BRDA:273,56,1,0
BRDA:276,57,0,0
BRDA:276,57,1,0
BRDA:280,58,0,0
BRDA:280,58,1,0
BRDA:281,59,0,0
BRDA:281,59,1,0
BRDA:291,60,0,0
BRDA:291,60,1,0
BRDA:323,61,0,0
BRDA:323,61,1,0
BRDA:323,62,0,0
BRDA:323,62,1,0
BRDA:337,63,0,0
BRDA:337,63,1,0
BRDA:343,64,0,0
BRDA:343,64,1,0
BRDA:348,65,0,0
BRDA:348,65,1,0
BRDA:354,66,0,0
BRDA:354,66,1,0
BRDA:358,67,0,0
BRDA:358,67,1,0
BRDA:364,68,0,0
BRDA:364,68,1,0
BRDA:369,69,0,0
BRDA:369,69,1,0
BRDA:393,70,0,0
BRDA:393,70,1,0
BRDA:393,70,2,0
BRDA:393,70,3,0
BRDA:393,70,4,0
BRDA:401,71,0,0
BRDA:401,71,1,0
BRDA:436,72,0,0
BRDA:436,72,1,0
BRDA:452,73,0,0
BRDA:452,73,1,0
BRDA:463,74,0,0
BRDA:463,74,1,0
BRDA:464,75,0,0
BRDA:464,75,1,0
BRDA:475,76,0,0
BRDA:475,76,1,0
BRDA:486,77,0,0
BRDA:486,77,1,0
BRDA:512,78,0,0
BRDA:512,78,1,0
BRDA:524,79,0,0
BRDA:524,79,1,0
BRDA:531,80,0,0
BRDA:531,80,1,0
BRDA:531,81,0,0
BRDA:531,81,1,0
BRDA:538,82,0,0
BRDA:538,82,1,0
BRDA:539,83,0,0
BRDA:539,83,1,0
BRDA:543,84,0,0
BRDA:543,84,1,0
BRDA:561,85,0,0
BRDA:561,85,1,0
BRDA:561,86,0,0
BRDA:561,86,1,0
BRDA:572,87,0,0
BRDA:572,87,1,0
BRDA:588,88,0,0
BRDA:588,88,1,0
BRDA:588,89,0,0
BRDA:588,89,1,0
BRDA:591,90,0,0
BRDA:591,90,1,0
BRDA:593,91,0,0
BRDA:593,91,1,0
BRDA:594,92,0,0
BRDA:594,92,1,0
BRDA:601,93,0,0
BRDA:601,93,1,0
BRDA:618,94,0,0
BRDA:618,94,1,0
BRDA:635,95,0,0
BRDA:635,95,1,0
BRF:205
BRH:0
end_of_record
TN:
SF:src\controllers\labOrderController.js
FN:10,(anonymous_0)
FN:79,(anonymous_1)
FN:100,(anonymous_2)
FN:100,(anonymous_3)
FN:121,(anonymous_4)
FN:164,(anonymous_5)
FN:164,(anonymous_6)
FN:184,(anonymous_7)
FN:204,(anonymous_8)
FN:213,(anonymous_9)
FN:215,(anonymous_10)
FN:216,(anonymous_11)
FN:219,(anonymous_12)
FN:220,(anonymous_13)
FN:223,(anonymous_14)
FNF:15
FNH:0
FNDA:0,(anonymous_0)
FNDA:0,(anonymous_1)
FNDA:0,(anonymous_2)
FNDA:0,(anonymous_3)
FNDA:0,(anonymous_4)
FNDA:0,(anonymous_5)
FNDA:0,(anonymous_6)
FNDA:0,(anonymous_7)
FNDA:0,(anonymous_8)
FNDA:0,(anonymous_9)
FNDA:0,(anonymous_10)
FNDA:0,(anonymous_11)
FNDA:0,(anonymous_12)
FNDA:0,(anonymous_13)
FNDA:0,(anonymous_14)
DA:1,0
DA:2,0
DA:3,0
DA:4,0
DA:5,0
DA:6,0
DA:7,0
DA:10,0
DA:11,0
DA:12,0
DA:13,0
DA:16,0
DA:37,0
DA:41,0
DA:44,0
DA:58,0
DA:59,0
DA:60,0
DA:70,0
DA:71,0
DA:73,0
DA:79,0
DA:80,0
DA:81,0
DA:83,0
DA:85,0
DA:86,0
DA:87,0
DA:88,0
DA:89,0
DA:90,0
DA:94,0
DA:100,0
DA:114,0
DA:116,0
DA:121,0
DA:122,0
DA:123,0
DA:124,0
DA:125,0
DA:128,0
DA:141,0
DA:142,0
DA:146,0
DA:147,0
DA:148,0
DA:149,0
DA:150,0
DA:151,0
DA:152,0
DA:153,0
DA:154,0
DA:158,0
DA:164,0
DA:177,0
DA:179,0
DA:184,0
DA:185,0
DA:186,0
DA:187,0
DA:188,0
DA:191,0
DA:192,0
DA:194,0
DA:195,0
DA:199,0
DA:200,0
DA:202,0
DA:203,0
DA:204,0
DA:205,0
DA:207,0
DA:208,0
DA:213,0
DA:214,0
DA:215,0
DA:216,0
DA:217,0
DA:219,0
DA:220,0
DA:223,0
DA:230,0
DA:236,0
DA:239,0
DA:244,0
DA:245,0
DA:248,0
DA:250,0
LF:88
LH:0
BRDA:17,0,0,0
BRDA:17,0,1,0
BRDA:17,0,2,0
BRDA:18,1,0,0
BRDA:18,1,1,0
BRDA:18,2,0,0
BRDA:18,2,1,0
BRDA:21,3,0,0
BRDA:21,3,1,0
BRDA:22,4,0,0
BRDA:22,4,1,0
BRDA:26,5,0,0
BRDA:26,5,1,0
BRDA:26,6,0,0
BRDA:26,6,1,0
BRDA:29,7,0,0
BRDA:29,7,1,0
BRDA:30,8,0,0
BRDA:30,8,1,0
BRDA:37,9,0,0
BRDA:37,9,1,0
BRDA:37,10,0,0
BRDA:37,10,1,0
BRDA:58,11,0,0
BRDA:58,11,1,0
BRDA:58,12,0,0
BRDA:58,12,1,0
BRDA:83,13,0,0
BRDA:83,13,1,0
BRDA:83,14,0,0
BRDA:83,14,1,0
BRDA:83,14,2,0
BRDA:85,15,0,0
BRDA:85,15,1,0
BRDA:87,16,0,0
BRDA:87,16,1,0
BRDA:88,17,0,0
BRDA:88,17,1,0
BRDA:90,18,0,0
BRDA:90,18,1,0
BRDA:98,19,0,0
BRDA:98,19,1,0
BRDA:100,20,0,0
BRDA:100,20,1,0
BRDA:100,21,0,0
BRDA:100,21,1,0
BRDA:103,22,0,0
BRDA:103,22,1,0
BRDA:104,23,0,0
BRDA:104,23,1,0
BRDA:124,24,0,0
BRDA:124,24,1,0
BRDA:141,25,0,0
BRDA:141,25,1,0
BRDA:148,26,0,0
BRDA:148,26,1,0
BRDA:148,27,0,0
BRDA:148,27,1,0
BRDA:148,27,2,0
BRDA:149,28,0,0
BRDA:149,28,1,0
BRDA:151,29,0,0
BRDA:151,29,1,0
BRDA:152,30,0,0
BRDA:152,30,1,0
BRDA:154,31,0,0
BRDA:154,31,1,0
BRDA:162,32,0,0
BRDA:162,32,1,0
BRDA:164,33,0,0
BRDA:164,33,1,0
BRDA:164,34,0,0
BRDA:164,34,1,0
BRDA:167,35,0,0
BRDA:167,35,1,0
BRDA:168,36,0,0
BRDA:168,36,1,0
BRDA:186,37,0,0
BRDA:187,38,0,0
BRDA:187,38,1,0
BRDA:187,39,0,0
BRDA:187,39,1,0
BRDA:191,40,0,0
BRDA:191,40,1,0
BRDA:194,41,0,0
BRDA:194,41,1,0
BRDA:200,42,0,0
BRDA:200,42,1,0
BRDA:204,43,0,0
BRDA:204,43,1,0
BRDA:204,44,0,0
BRDA:204,44,1,0
BRDA:207,45,0,0
BRDA:207,45,1,0
BRDA:216,46,0,0
BRDA:216,46,1,0
BRDA:219,47,0,0
BRDA:219,47,1,0
BRDA:220,48,0,0
BRDA:220,48,1,0
BRDA:226,49,0,0
BRDA:226,49,1,0
BRDA:244,50,0,0
BRDA:244,50,1,0
BRDA:244,51,0,0
BRDA:244,51,1,0
BRF:106
BRH:0
end_of_record
TN:
SF:src\controllers\medicalRecordController.js
FN:6,(anonymous_0)
FN:37,(anonymous_1)
FNF:2
FNH:0
FNDA:0,(anonymous_0)
FNDA:0,(anonymous_1)
DA:1,0
DA:2,0
DA:3,0
DA:6,0
DA:7,0
DA:8,0
DA:10,0
DA:11,0
DA:14,0
DA:15,0
DA:17,0
DA:18,0
DA:19,0
DA:22,0
DA:28,0
DA:29,0
DA:31,0
DA:32,0
DA:37,0
DA:38,0
DA:39,0
DA:41,0
DA:51,0
DA:53,0
DA:55,0
DA:56,0
LF:26
LH:0
BRDA:10,0,0,0
BRDA:10,0,1,0
BRDA:15,1,0,0
BRDA:15,1,1,0
BRDA:18,2,0,0
BRDA:18,2,1,0
BRDA:51,3,0,0
BRDA:51,3,1,0
BRF:8
BRH:0
end_of_record
TN:
SF:src\controllers\medicineController.js
FN:6,(anonymous_0)
FN:22,(anonymous_1)
FN:41,(anonymous_2)
FN:56,(anonymous_3)
FN:81,(anonymous_4)
FNF:5
FNH:0
FNDA:0,(anonymous_0)
FNDA:0,(anonymous_1)
FNDA:0,(anonymous_2)
FNDA:0,(anonymous_3)
FNDA:0,(anonymous_4)
DA:1,0
DA:2,0
DA:3,0
DA:6,0
DA:7,0
DA:8,0
DA:9,0
DA:10,0
DA:12,0
DA:13,0
DA:14,0
DA:15,0
DA:17,0
DA:22,0
DA:23,0
DA:24,0
DA:33,0
DA:34,0
DA:36,0
DA:41,0
DA:42,0
DA:43,0
DA:44,0
DA:45,0
DA:47,0
DA:48,0
DA:49,0
DA:51,0
DA:56,0
DA:57,0
DA:58,0
DA:59,0
DA:60,0
DA:62,0
DA:63,0
DA:65,0
DA:66,0
DA:67,0
DA:68,0
DA:69,0
DA:70,0
DA:71,0
DA:73,0
DA:74,0
DA:76,0
DA:81,0
DA:82,0
DA:83,0
DA:84,0
DA:85,0
DA:87,0
DA:88,0
DA:89,0
DA:91,0
LF:54
LH:0
BRDA:10,0,0,0
BRDA:10,0,1,0
BRDA:44,1,0,0
BRDA:44,1,1,0
BRDA:48,2,0,0
BRDA:48,2,1,0
BRDA:59,3,0,0
BRDA:59,3,1,0
BRDA:63,4,0,0
BRDA:63,4,1,0
BRDA:65,5,0,0
BRDA:65,5,1,0
BRDA:66,6,0,0
BRDA:66,6,1,0
BRDA:67,7,0,0
BRDA:67,7,1,0
BRDA:68,8,0,0
BRDA:68,8,1,0
BRDA:69,9,0,0
BRDA:69,9,1,0
BRDA:70,10,0,0
BRDA:70,10,1,0
BRDA:71,11,0,0
BRDA:71,11,1,0
BRDA:84,12,0,0
BRDA:84,12,1,0
BRDA:88,13,0,0
BRDA:88,13,1,0
BRF:28
BRH:0
end_of_record
TN:
SF:src\controllers\patientController.js
FN:13,(anonymous_0)
FN:96,(anonymous_1)
FN:135,(anonymous_2)
FN:152,(anonymous_3)
FN:171,(anonymous_4)
FN:192,(anonymous_5)
FNF:6
FNH:0
FNDA:0,(anonymous_0)
FNDA:0,(anonymous_1)
FNDA:0,(anonymous_2)
FNDA:0,(anonymous_3)
FNDA:0,(anonymous_4)
FNDA:0,(anonymous_5)
DA:1,2
DA:2,2
DA:3,2
DA:4,2
DA:5,2
DA:6,2
DA:13,2
DA:14,0
DA:15,0
DA:16,0
DA:17,0
DA:19,0
DA:20,0
DA:26,0
DA:27,0
DA:28,0
DA:32,0
DA:33,0
DA:34,0
DA:37,0
DA:38,0
DA:39,0
DA:43,0
DA:44,0
DA:48,0
DA:50,0
DA:51,0
DA:52,0
DA:53,0
DA:56,0
DA:62,0
DA:65,0
DA:73,0
DA:76,0
DA:77,0
DA:79,0
DA:85,0
DA:86,0
DA:87,0
DA:88,0
DA:96,2
DA:97,0
DA:98,0
DA:99,0
DA:100,0
DA:102,0
DA:103,0
DA:104,0
DA:105,0
DA:106,0
DA:109,0
DA:117,0
DA:129,0
DA:130,0
DA:135,2
DA:136,0
DA:137,0
DA:138,0
DA:140,0
DA:141,0
DA:143,0
DA:145,0
DA:146,0
DA:152,2
DA:153,0
DA:154,0
DA:155,0
DA:157,0
DA:158,0
DA:160,0
DA:161,0
DA:162,0
DA:164,0
DA:166,0
DA:167,0
DA:171,2
DA:172,0
DA:173,0
DA:174,0
DA:175,0
DA:178,0
DA:179,0
DA:180,0
DA:182,0
DA:184,0
DA:185,0
DA:187,0
DA:192,2
DA:193,0
DA:194,0
DA:195,0
DA:196,0
DA:199,0
DA:200,0
DA:204,0
DA:205,0
DA:206,0
DA:207,0
DA:211,0
DA:212,0
DA:216,0
DA:217,0
DA:218,0
DA:221,0
DA:222,0
DA:224,0
DA:226,0
LF:107
LH:12
BRDA:19,0,0,0
BRDA:19,0,1,0
BRDA:19,1,0,0
BRDA:19,1,1,0
BRDA:19,1,2,0
BRDA:19,1,3,0
BRDA:27,2,0,0
BRDA:27,2,1,0
BRDA:33,3,0,0
BRDA:33,3,1,0
BRDA:38,4,0,0
BRDA:38,4,1,0
BRDA:43,5,0,0
BRDA:43,5,1,0
BRDA:43,6,0,0
BRDA:43,6,1,0
BRDA:51,7,0,0
BRDA:51,7,1,0
BRDA:98,8,0,0
BRDA:98,9,0,0
BRDA:99,10,0,0
BRDA:99,10,1,0
BRDA:100,11,0,0
BRDA:100,11,1,0
BRDA:103,12,0,0
BRDA:103,12,1,0
BRDA:104,13,0,0
BRDA:104,13,1,0
BRDA:138,14,0,0
BRDA:138,14,1,0
BRDA:141,15,0,0
BRDA:141,15,1,0
BRDA:155,16,0,0
BRDA:155,16,1,0
BRDA:158,17,0,0
BRDA:158,17,1,0
BRDA:174,18,0,0
BRDA:174,18,1,0
BRDA:179,19,0,0
BRDA:179,19,1,0
BRDA:184,20,0,0
BRDA:184,20,1,0
BRDA:195,21,0,0
BRDA:195,21,1,0
BRDA:199,22,0,0
BRDA:199,22,1,0
BRDA:207,23,0,0
BRDA:207,23,1,0
BRDA:211,24,0,0
BRDA:211,24,1,0
BRDA:211,25,0,0
BRDA:211,25,1,0
BRDA:216,26,0,0
BRDA:216,26,1,0
BRDA:218,27,0,0
BRDA:218,27,1,0
BRDA:222,28,0,0
BRDA:222,28,1,0
BRF:58
BRH:0
end_of_record
TN:
SF:src\controllers\prescriptionController.js
FN:11,(anonymous_0)
FN:43,(anonymous_1)
FN:98,(anonymous_2)
FN:104,(anonymous_3)
FN:130,(anonymous_4)
FN:172,(anonymous_5)
FN:198,(anonymous_6)
FN:230,(anonymous_7)
FN:248,(anonymous_8)
FN:250,(anonymous_9)
FN:257,(anonymous_10)
FN:270,(anonymous_11)
FN:272,(anonymous_12)
FN:279,(anonymous_13)
FN:323,(anonymous_14)
FNF:15
FNH:0
FNDA:0,(anonymous_0)
FNDA:0,(anonymous_1)
FNDA:0,(anonymous_2)
FNDA:0,(anonymous_3)
FNDA:0,(anonymous_4)
FNDA:0,(anonymous_5)
FNDA:0,(anonymous_6)
FNDA:0,(anonymous_7)
FNDA:0,(anonymous_8)
FNDA:0,(anonymous_9)
FNDA:0,(anonymous_10)
FNDA:0,(anonymous_11)
FNDA:0,(anonymous_12)
FNDA:0,(anonymous_13)
FNDA:0,(anonymous_14)
DA:1,0
DA:2,0
DA:3,0
DA:4,0
DA:5,0
DA:6,0
DA:7,0
DA:8,0
DA:11,0
DA:12,0
DA:13,0
DA:14,0
DA:17,0
DA:28,0
DA:29,0
DA:32,0
DA:33,0
DA:36,0
DA:43,0
DA:46,0
DA:56,0
DA:71,0
DA:77,0
DA:78,0
DA:79,0
DA:80,0
DA:86,0
DA:87,0
DA:88,0
DA:98,0
DA:104,0
DA:122,0
DA:124,0
DA:125,0
DA:130,0
DA:131,0
DA:132,0
DA:133,0
DA:134,0
DA:137,0
DA:149,0
DA:150,0
DA:154,0
DA:155,0
DA:156,0
DA:157,0
DA:158,0
DA:159,0
DA:160,0
DA:161,0
DA:162,0
DA:166,0
DA:172,0
DA:190,0
DA:192,0
DA:193,0
DA:198,0
DA:199,0
DA:200,0
DA:202,0
DA:203,0
DA:206,0
DA:207,0
DA:208,0
DA:209,0
DA:213,0
DA:214,0
DA:215,0
DA:216,0
DA:220,0
DA:221,0
DA:222,0
DA:223,0
DA:224,0
DA:228,0
DA:229,0
DA:230,0
DA:231,0
DA:232,0
DA:233,0
DA:235,0
DA:236,0
DA:237,0
DA:238,0
DA:240,0
DA:241,0
DA:242,0
DA:243,0
DA:248,0
DA:249,0
DA:250,0
DA:251,0
DA:252,0
DA:253,0
DA:257,0
DA:258,0
DA:259,0
DA:260,0
DA:261,0
DA:262,0
DA:263,0
DA:270,0
DA:271,0
DA:273,0
DA:274,0
DA:279,0
DA:289,0
DA:295,0
DA:298,0
DA:299,0
DA:300,0
DA:301,0
DA:309,0
DA:310,0
DA:313,0
DA:318,0
DA:323,0
DA:341,0
DA:343,0
DA:344,0
DA:345,0
DA:346,0
LF:122
LH:0
BRDA:18,0,0,0
BRDA:18,0,1,0
BRDA:18,0,2,0
BRDA:19,1,0,0
BRDA:19,1,1,0
BRDA:19,1,2,0
BRDA:20,2,0,0
BRDA:20,2,1,0
BRDA:20,3,0,0
BRDA:20,3,1,0
BRDA:22,4,0,0
BRDA:22,4,1,0
BRDA:23,5,0,0
BRDA:23,5,1,0
BRDA:32,6,0,0
BRDA:32,6,1,0
BRDA:78,7,0,0
BRDA:78,7,1,0
BRDA:80,8,0,0
BRDA:80,8,1,0
BRDA:86,9,0,0
BRDA:86,9,1,0
BRDA:88,10,0,0
BRDA:88,10,1,0
BRDA:101,11,0,0
BRDA:101,11,1,0
BRDA:102,12,0,0
BRDA:102,12,1,0
BRDA:103,13,0,0
BRDA:103,13,1,0
BRDA:104,14,0,0
BRDA:104,14,1,0
BRDA:110,15,0,0
BRDA:110,15,1,0
BRDA:111,16,0,0
BRDA:111,16,1,0
BRDA:133,17,0,0
BRDA:133,17,1,0
BRDA:149,18,0,0
BRDA:149,18,1,0
BRDA:156,19,0,0
BRDA:156,19,1,0
BRDA:156,20,0,0
BRDA:156,20,1,0
BRDA:156,20,2,0
BRDA:157,21,0,0
BRDA:157,21,1,0
BRDA:159,22,0,0
BRDA:159,22,1,0
BRDA:160,23,0,0
BRDA:160,23,1,0
BRDA:162,24,0,0
BRDA:162,24,1,0
BRDA:169,25,0,0
BRDA:169,25,1,0
BRDA:171,26,0,0
BRDA:171,26,1,0
BRDA:172,27,0,0
BRDA:172,27,1,0
BRDA:178,28,0,0
BRDA:178,28,1,0
BRDA:179,29,0,0
BRDA:179,29,1,0
BRDA:203,30,0,0
BRDA:206,31,0,0
BRDA:206,31,1,0
BRDA:206,32,0,0
BRDA:206,32,1,0
BRDA:213,33,0,0
BRDA:213,33,1,0
BRDA:221,34,0,0
BRDA:221,34,1,0
BRDA:230,35,0,0
BRDA:230,35,1,0
BRDA:230,36,0,0
BRDA:230,36,1,0
BRDA:235,37,0,0
BRDA:235,37,1,0
BRDA:240,38,0,0
BRDA:240,38,1,0
BRDA:250,39,0,0
BRDA:250,39,1,0
BRDA:260,40,0,0
BRDA:260,40,1,0
BRDA:260,41,0,0
BRDA:260,41,1,0
BRDA:264,42,0,0
BRDA:264,42,1,0
BRDA:264,43,0,0
BRDA:264,43,1,0
BRDA:270,44,0,0
BRDA:270,44,1,0
BRDA:273,45,0,0
BRDA:273,45,1,0
BRDA:323,46,0,0
BRDA:323,46,1,0
BRDA:329,47,0,0
BRDA:329,47,1,0
BRDA:330,48,0,0
BRDA:330,48,1,0
BRF:100
BRH:0
end_of_record
TN:
SF:src\controllers\receptionistController.js
FN:8,(anonymous_0)
FN:20,(anonymous_1)
FN:41,(anonymous_2)
FN:99,(anonymous_3)
FN:124,(anonymous_4)
FN:158,(anonymous_5)
FNF:6
FNH:0
FNDA:0,(anonymous_0)
FNDA:0,(anonymous_1)
FNDA:0,(anonymous_2)
FNDA:0,(anonymous_3)
FNDA:0,(anonymous_4)
FNDA:0,(anonymous_5)
DA:1,0
DA:2,0
DA:3,0
DA:4,0
DA:5,0
DA:8,0
DA:9,0
DA:10,0
DA:11,0
DA:13,0
DA:20,0
DA:21,0
DA:22,0
DA:24,0
DA:25,0
DA:28,0
DA:29,0
DA:30,0
DA:32,0
DA:34,0
DA:41,0
DA:42,0
DA:43,0
DA:45,0
DA:46,0
DA:52,0
DA:53,0
DA:54,0
DA:58,0
DA:59,0
DA:60,0
DA:66,0
DA:69,0
DA:75,0
DA:78,0
DA:84,0
DA:86,0
DA:91,0
DA:99,0
DA:100,0
DA:101,0
DA:103,0
DA:104,0
DA:107,0
DA:113,0
DA:114,0
DA:117,0
DA:119,0
DA:124,0
DA:125,0
DA:126,0
DA:128,0
DA:129,0
DA:132,0
DA:133,0
DA:134,0
DA:136,0
DA:138,0
DA:139,0
DA:142,0
DA:144,0
DA:145,0
DA:146,0
DA:148,0
DA:149,0
DA:151,0
DA:153,0
DA:158,0
DA:159,0
DA:160,0
DA:162,0
DA:163,0
DA:166,0
DA:168,0
DA:169,0
DA:172,0
DA:174,0
LF:77
LH:0
BRDA:24,0,0,0
BRDA:24,0,1,0
BRDA:29,1,0,0
BRDA:29,1,1,0
BRDA:45,2,0,0
BRDA:45,2,1,0
BRDA:45,3,0,0
BRDA:45,3,1,0
BRDA:45,3,2,0
BRDA:45,3,3,0
BRDA:53,4,0,0
BRDA:53,4,1,0
BRDA:59,5,0,0
BRDA:59,5,1,0
BRDA:103,6,0,0
BRDA:103,6,1,0
BRDA:113,7,0,0
BRDA:113,7,1,0
BRDA:128,8,0,0
BRDA:128,8,1,0
BRDA:138,9,0,0
BRDA:138,9,1,0
BRDA:162,10,0,0
BRDA:162,10,1,0
BRDA:168,11,0,0
BRDA:168,11,1,0
BRF:26
BRH:0
end_of_record
TN:
SF:src\controllers\roleController.js
FN:4,(anonymous_0)
FN:36,(anonymous_1)
FN:64,(anonymous_2)
FN:87,(anonymous_3)
FN:107,(anonymous_4)
FN:127,(anonymous_5)
FNF:6
FNH:0
FNDA:0,(anonymous_0)
FNDA:0,(anonymous_1)
FNDA:0,(anonymous_2)
FNDA:0,(anonymous_3)
FNDA:0,(anonymous_4)
FNDA:0,(anonymous_5)
DA:1,0
DA:4,0
DA:5,0
DA:7,0
DA:29,0
DA:31,0
DA:36,0
DA:37,0
DA:38,0
DA:41,0
DA:42,0
DA:43,0
DA:46,0
DA:52,0
DA:54,0
DA:59,0
DA:64,0
DA:65,0
DA:66,0
DA:67,0
DA:69,0
DA:70,0
DA:71,0
DA:74,0
DA:75,0
DA:76,0
DA:78,0
DA:80,0
DA:82,0
DA:87,0
DA:88,0
DA:89,0
DA:90,0
DA:92,0
DA:93,0
DA:94,0
DA:97,0
DA:98,0
DA:100,0
DA:102,0
DA:107,0
DA:108,0
DA:109,0
DA:111,0
DA:112,0
DA:113,0
DA:116,0
DA:117,0
DA:118,0
DA:120,0
DA:122,0
DA:127,0
DA:128,0
DA:129,0
DA:130,0
DA:132,0
DA:133,0
DA:136,0
DA:141,0
LF:59
LH:0
BRDA:42,0,0,0
BRDA:42,0,1,0
BRDA:49,1,0,0
BRDA:49,1,1,0
BRDA:70,2,0,0
BRDA:70,2,1,0
BRDA:74,3,0,0
BRDA:74,3,1,0
BRDA:75,4,0,0
BRDA:75,4,1,0
BRDA:76,5,0,0
BRDA:76,5,1,0
BRDA:93,6,0,0
BRDA:93,6,1,0
BRDA:112,7,0,0
BRDA:112,7,1,0
BRDA:132,8,0,0
BRDA:132,8,1,0
BRF:18
BRH:0
end_of_record
TN:
SF:src\controllers\scheduleController.js
FN:5,(anonymous_0)
FN:18,(anonymous_1)
FN:37,(anonymous_2)
FN:38,(anonymous_3)
FN:50,(anonymous_4)
FN:51,(anonymous_5)
FN:52,(anonymous_6)
FN:56,(anonymous_7)
FN:67,(anonymous_8)
FN:78,(anonymous_9)
FN:80,(anonymous_10)
FN:98,(anonymous_11)
FN:99,(anonymous_12)
FN:113,(anonymous_13)
FN:126,(anonymous_14)
FN:133,(anonymous_15)
FN:138,(anonymous_16)
FN:141,(anonymous_17)
FN:145,(anonymous_18)
FN:146,(anonymous_19)
FN:158,(anonymous_20)
FN:202,(anonymous_21)
FN:256,(anonymous_22)
FN:311,(anonymous_23)
FNF:24
FNH:0
FNDA:0,(anonymous_0)
FNDA:0,(anonymous_1)
FNDA:0,(anonymous_2)
FNDA:0,(anonymous_3)
FNDA:0,(anonymous_4)
FNDA:0,(anonymous_5)
FNDA:0,(anonymous_6)
FNDA:0,(anonymous_7)
FNDA:0,(anonymous_8)
FNDA:0,(anonymous_9)
FNDA:0,(anonymous_10)
FNDA:0,(anonymous_11)
FNDA:0,(anonymous_12)
FNDA:0,(anonymous_13)
FNDA:0,(anonymous_14)
FNDA:0,(anonymous_15)
FNDA:0,(anonymous_16)
FNDA:0,(anonymous_17)
FNDA:0,(anonymous_18)
FNDA:0,(anonymous_19)
FNDA:0,(anonymous_20)
FNDA:0,(anonymous_21)
FNDA:0,(anonymous_22)
FNDA:0,(anonymous_23)
DA:1,0
DA:2,0
DA:5,0
DA:6,0
DA:7,0
DA:8,0
DA:9,0
DA:10,0
DA:12,0
DA:18,0
DA:19,0
DA:20,0
DA:21,0
DA:23,0
DA:24,0
DA:25,0
DA:27,0
DA:32,0
DA:33,0
DA:35,0
DA:37,0
DA:38,0
DA:39,0
DA:40,0
DA:49,0
DA:50,0
DA:51,0
DA:52,0
DA:56,0
DA:58,0
DA:61,0
DA:62,0
DA:67,0
DA:68,0
DA:69,0
DA:71,0
DA:73,0
DA:74,0
DA:78,0
DA:80,0
DA:82,0
DA:83,0
DA:84,0
DA:87,0
DA:92,0
DA:93,0
DA:96,0
DA:98,0
DA:99,0
DA:100,0
DA:101,0
DA:110,0
DA:113,0
DA:114,0
DA:115,0
DA:116,0
DA:122,0
DA:126,0
DA:127,0
DA:130,0
DA:133,0
DA:135,0
DA:137,0
DA:138,0
DA:140,0
DA:141,0
DA:145,0
DA:146,0
DA:149,0
DA:152,0
DA:153,0
DA:158,0
DA:159,0
DA:160,0
DA:162,0
DA:163,0
DA:167,0
DA:168,0
DA:169,0
DA:171,0
DA:172,0
DA:178,0
DA:179,0
DA:180,0
DA:185,0
DA:191,0
DA:197,0
DA:202,0
DA:203,0
DA:204,0
DA:205,0
DA:208,0
DA:209,0
DA:215,0
DA:219,0
DA:220,0
DA:226,0
DA:227,0
DA:228,0
DA:233,0
DA:234,0
DA:236,0
DA:247,0
DA:248,0
DA:256,0
DA:257,0
DA:258,0
DA:259,0
DA:262,0
DA:263,0
DA:267,0
DA:268,0
DA:269,0
DA:273,0
DA:274,0
DA:275,0
DA:277,0
DA:278,0
DA:279,0
DA:284,0
DA:288,0
DA:289,0
DA:293,0
DA:294,0
DA:296,0
DA:302,0
DA:303,0
DA:311,0
DA:312,0
DA:313,0
DA:316,0
DA:317,0
DA:321,0
DA:323,0
DA:324,0
DA:327,0
DA:337,0
DA:338,0
LF:138
LH:0
BRDA:8,0,0,0
BRDA:8,0,1,0
BRDA:32,1,0,0
BRDA:32,1,1,0
BRDA:39,2,0,0
BRDA:39,2,1,0
BRDA:49,3,0,0
BRDA:49,3,1,0
BRDA:51,4,0,0
BRDA:51,4,1,0
BRDA:52,5,0,0
BRDA:52,5,1,0
BRDA:73,6,0,0
BRDA:73,6,1,0
BRDA:92,7,0,0
BRDA:92,7,1,0
BRDA:100,8,0,0
BRDA:100,8,1,0
BRDA:115,9,0,0
BRDA:115,9,1,0
BRDA:137,10,0,0
BRDA:137,10,1,0
BRDA:140,11,0,0
BRDA:140,11,1,0
BRDA:146,12,0,0
BRDA:146,12,1,0
BRDA:162,13,0,0
BRDA:162,13,1,0
BRDA:162,14,0,0
BRDA:162,14,1,0
BRDA:162,14,2,0
BRDA:162,14,3,0
BRDA:171,15,0,0
BRDA:171,15,1,0
BRDA:179,16,0,0
BRDA:179,16,1,0
BRDA:208,17,0,0
BRDA:208,17,1,0
BRDA:219,18,0,0
BRDA:219,18,1,0
BRDA:227,19,0,0
BRDA:227,19,1,0
BRDA:262,20,0,0
BRDA:262,20,1,0
BRDA:268,21,0,0
BRDA:268,21,1,0
BRDA:274,22,0,0
BRDA:274,22,1,0
BRDA:275,23,0,0
BRDA:275,23,1,0
BRDA:275,24,0,0
BRDA:275,24,1,0
BRDA:278,25,0,0
BRDA:278,25,1,0
BRDA:278,26,0,0
BRDA:278,26,1,0
BRDA:288,27,0,0
BRDA:288,27,1,0
BRDA:316,28,0,0
BRDA:316,28,1,0
BRDA:323,29,0,0
BRDA:323,29,1,0
BRF:62
BRH:0
end_of_record
TN:
SF:src\controllers\serviceController.js
FN:6,(anonymous_0)
FN:34,(anonymous_1)
FN:50,(anonymous_2)
FN:65,(anonymous_3)
FN:86,(anonymous_4)
FNF:5
FNH:0
FNDA:0,(anonymous_0)
FNDA:0,(anonymous_1)
FNDA:0,(anonymous_2)
FNDA:0,(anonymous_3)
FNDA:0,(anonymous_4)
DA:1,0
DA:2,0
DA:3,0
DA:6,0
DA:7,0
DA:8,0
DA:10,0
DA:11,0
DA:12,0
DA:14,0
DA:15,0
DA:18,0
DA:19,0
DA:20,0
DA:21,0
DA:24,0
DA:25,0
DA:26,0
DA:27,0
DA:29,0
DA:34,0
DA:35,0
DA:36,0
DA:42,0
DA:43,0
DA:45,0
DA:50,0
DA:51,0
DA:52,0
DA:53,0
DA:54,0
DA:56,0
DA:57,0
DA:58,0
DA:60,0
DA:65,0
DA:66,0
DA:67,0
DA:68,0
DA:69,0
DA:71,0
DA:72,0
DA:74,0
DA:75,0
DA:76,0
DA:78,0
DA:79,0
DA:81,0
DA:86,0
DA:87,0
DA:88,0
DA:89,0
DA:90,0
DA:92,0
DA:93,0
DA:94,0
DA:96,0
LF:57
LH:0
BRDA:12,0,0,0
BRDA:12,0,1,0
BRDA:14,1,0,0
BRDA:14,1,1,0
BRDA:14,2,0,0
BRDA:14,2,1,0
BRDA:18,3,0,0
BRDA:18,3,1,0
BRDA:18,4,0,0
BRDA:18,4,1,0
BRDA:20,5,0,0
BRDA:20,5,1,0
BRDA:21,6,0,0
BRDA:21,6,1,0
BRDA:53,7,0,0
BRDA:53,7,1,0
BRDA:57,8,0,0
BRDA:57,8,1,0
BRDA:68,9,0,0
BRDA:68,9,1,0
BRDA:72,10,0,0
BRDA:72,10,1,0
BRDA:74,11,0,0
BRDA:74,11,1,0
BRDA:75,12,0,0
BRDA:75,12,1,0
BRDA:76,13,0,0
BRDA:76,13,1,0
BRDA:89,14,0,0
BRDA:89,14,1,0
BRDA:93,15,0,0
BRDA:93,15,1,0
BRF:32
BRH:0
end_of_record
TN:
SF:src\controllers\specialtyController.js
FN:5,(anonymous_0)
FN:51,(anonymous_1)
FN:67,(anonymous_2)
FN:92,(anonymous_3)
FN:118,(anonymous_4)
FNF:5
FNH:0
FNDA:0,(anonymous_0)
FNDA:0,(anonymous_1)
FNDA:0,(anonymous_2)
FNDA:0,(anonymous_3)
FNDA:0,(anonymous_4)
DA:1,0
DA:2,0
DA:5,0
DA:6,0
DA:7,0
DA:8,0
DA:9,0
DA:11,0
DA:12,0
DA:13,0
DA:14,0
DA:17,0
DA:18,0
DA:19,0
DA:20,0
DA:23,0
DA:31,0
DA:38,0
DA:41,0
DA:42,0
DA:51,0
DA:52,0
DA:53,0
DA:55,0
DA:56,0
DA:58,0
DA:59,0
DA:60,0
DA:62,0
DA:67,0
DA:68,0
DA:69,0
DA:71,0
DA:72,0
DA:76,0
DA:77,0
DA:78,0
DA:81,0
DA:82,0
DA:84,0
DA:86,0
DA:87,0
DA:92,0
DA:93,0
DA:94,0
DA:95,0
DA:97,0
DA:98,0
DA:101,0
DA:102,0
DA:103,0
DA:105,0
DA:106,0
DA:107,0
DA:110,0
DA:112,0
DA:113,0
DA:118,0
DA:119,0
DA:120,0
DA:122,0
DA:123,0
DA:126,0
DA:127,0
DA:128,0
DA:131,0
DA:133,0
DA:134,0
LF:68
LH:0
BRDA:7,0,0,0
BRDA:7,1,0,0
BRDA:7,2,0,0
BRDA:12,3,0,0
BRDA:12,3,1,0
BRDA:18,4,0,0
BRDA:18,4,1,0
BRDA:20,5,0,0
BRDA:20,5,1,0
BRDA:55,6,0,0
BRDA:55,6,1,0
BRDA:59,7,0,0
BRDA:59,7,1,0
BRDA:71,8,0,0
BRDA:71,8,1,0
BRDA:77,9,0,0
BRDA:77,9,1,0
BRDA:97,10,0,0
BRDA:97,10,1,0
BRDA:102,11,0,0
BRDA:102,11,1,0
BRDA:103,12,0,0
BRDA:103,12,1,0
BRDA:106,13,0,0
BRDA:106,13,1,0
BRDA:122,14,0,0
BRDA:122,14,1,0
BRDA:127,15,0,0
BRDA:127,15,1,0
BRF:29
BRH:0
end_of_record
TN:
SF:src\controllers\statsController.js
FN:6,(anonymous_0)
FN:38,(anonymous_1)
FN:67,(anonymous_2)
FN:84,(anonymous_3)
FN:105,(anonymous_4)
FN:115,(anonymous_5)
FN:149,(anonymous_6)
FNF:7
FNH:0
FNDA:0,(anonymous_0)
FNDA:0,(anonymous_1)
FNDA:0,(anonymous_2)
FNDA:0,(anonymous_3)
FNDA:0,(anonymous_4)
FNDA:0,(anonymous_5)
FNDA:0,(anonymous_6)
DA:1,0
DA:2,0
DA:3,0
DA:4,0
DA:6,0
DA:7,0
DA:8,0
DA:31,0
DA:33,0
DA:38,0
DA:39,0
DA:40,0
DA:61,0
DA:63,0
DA:67,0
DA:68,0
DA:69,0
DA:78,0
DA:80,0
DA:84,0
DA:85,0
DA:86,0
DA:96,0
DA:101,0
DA:105,0
DA:106,0
DA:107,0
DA:108,0
DA:111,0
DA:115,0
DA:116,0
DA:117,0
DA:143,0
DA:145,0
DA:149,0
DA:150,0
DA:151,0
DA:177,0
DA:179,0
LF:39
LH:0
BRDA:97,0,0,0
BRDA:97,0,1,0
BRF:2
BRH:0
end_of_record
TN:
SF:src\controllers\treatmentController.js
FN:19,(anonymous_0)
FN:137,(anonymous_1)
FN:193,(anonymous_2)
FN:261,(anonymous_3)
FN:299,(anonymous_4)
FN:324,(anonymous_5)
FN:365,(anonymous_6)
FN:414,(anonymous_7)
FN:450,(anonymous_8)
FN:482,(anonymous_9)
FN:536,(anonymous_10)
FNF:11
FNH:0
FNDA:0,(anonymous_0)
FNDA:0,(anonymous_1)
FNDA:0,(anonymous_2)
FNDA:0,(anonymous_3)
FNDA:0,(anonymous_4)
FNDA:0,(anonymous_5)
FNDA:0,(anonymous_6)
FNDA:0,(anonymous_7)
FNDA:0,(anonymous_8)
FNDA:0,(anonymous_9)
FNDA:0,(anonymous_10)
DA:1,0
DA:2,0
DA:3,0
DA:4,0
DA:5,0
DA:6,0
DA:7,0
DA:8,0
DA:9,0
DA:15,0
DA:20,0
DA:33,0
DA:35,0
DA:36,0
DA:39,0
DA:40,0
DA:42,0
DA:43,0
DA:45,0
DA:47,0
DA:48,0
DA:49,0
DA:50,0
DA:53,0
DA:54,0
DA:55,0
DA:56,0
DA:59,0
DA:61,0
DA:62,0
DA:65,0
DA:80,0
DA:86,0
DA:87,0
DA:89,0
DA:90,0
DA:92,0
DA:98,0
DA:99,0
DA:100,0
DA:101,0
DA:104,0
DA:105,0
DA:107,0
DA:118,0
DA:120,0
DA:124,0
DA:131,0
DA:132,0
DA:138,0
DA:139,0
DA:140,0
DA:142,0
DA:143,0
DA:144,0
DA:145,0
DA:148,0
DA:149,0
DA:150,0
DA:158,0
DA:159,0
DA:161,0
DA:172,0
DA:184,0
DA:185,0
DA:194,0
DA:195,0
DA:198,0
DA:229,0
DA:230,0
DA:234,0
DA:235,0
DA:237,0
DA:238,0
DA:239,0
DA:240,0
DA:241,0
DA:245,0
DA:246,0
DA:252,0
DA:255,0
DA:256,0
DA:262,0
DA:263,0
DA:264,0
DA:267,0
DA:268,0
DA:269,0
DA:271,0
DA:279,0
DA:280,0
DA:285,0
DA:290,0
DA:291,0
DA:300,0
DA:301,0
DA:302,0
DA:304,0
DA:305,0
DA:310,0
DA:315,0
DA:316,0
DA:325,0
DA:326,0
DA:327,0
DA:329,0
DA:330,0
DA:332,0
DA:333,0
DA:343,0
DA:356,0
DA:357,0
DA:366,0
DA:367,0
DA:368,0
DA:370,0
DA:372,0
DA:373,0
DA:379,0
DA:380,0
DA:382,0
DA:392,0
DA:405,0
DA:406,0
DA:415,0
DA:416,0
DA:417,0
DA:418,0
DA:419,0
DA:421,0
DA:425,0
DA:430,0
DA:442,0
DA:443,0
DA:451,0
DA:452,0
DA:455,0
DA:456,0
DA:457,0
DA:461,0
DA:469,0
DA:470,0
DA:471,0
DA:472,0
DA:473,0
DA:477,0
DA:479,0
DA:480,0
DA:482,0
DA:485,0
DA:520,0
DA:523,0
DA:531,0
DA:532,0
DA:535,0
DA:537,0
DA:538,0
DA:540,0
DA:541,0
DA:542,0
DA:543,0
DA:544,0
DA:548,0
DA:549,0
DA:555,0
DA:560,0
DA:566,0
DA:567,0
DA:572,0
LF:169
LH:0
BRDA:35,0,0,0
BRDA:35,0,1,0
BRDA:35,1,0,0
BRDA:35,1,1,0
BRDA:35,1,2,0
BRDA:35,1,3,0
BRDA:40,2,0,0
BRDA:40,2,1,0
BRDA:43,3,0,0
BRDA:43,3,1,0
BRDA:47,4,0,0
BRDA:47,4,1,0
BRDA:49,5,0,0
BRDA:49,5,1,0
BRDA:50,6,0,0
BRDA:50,6,1,0
BRDA:53,7,0,0
BRDA:53,7,1,0
BRDA:55,8,0,0
BRDA:55,8,1,0
BRDA:56,9,0,0
BRDA:56,9,1,0
BRDA:61,10,0,0
BRDA:61,10,1,0
BRDA:89,11,0,0
BRDA:89,11,1,0
BRDA:99,12,0,0
BRDA:99,12,1,0
BRDA:99,13,0,0
BRDA:99,13,1,0
BRDA:114,14,0,0
BRDA:114,14,1,0
BRDA:115,15,0,0
BRDA:115,15,1,0
BRDA:127,16,0,0
BRDA:127,16,1,0
BRDA:139,17,0,0
BRDA:139,18,0,0
BRDA:142,19,0,0
BRDA:142,19,1,0
BRDA:143,20,0,0
BRDA:143,20,1,0
BRDA:144,21,0,0
BRDA:144,21,1,0
BRDA:145,22,0,0
BRDA:145,22,1,0
BRDA:148,23,0,0
BRDA:148,23,1,0
BRDA:158,24,0,0
BRDA:158,24,1,0
BRDA:159,25,0,0
BRDA:159,25,1,0
BRDA:229,26,0,0
BRDA:229,26,1,0
BRDA:237,27,0,0
BRDA:237,27,1,0
BRDA:237,28,0,0
BRDA:237,28,1,0
BRDA:238,29,0,0
BRDA:238,29,1,0
BRDA:240,30,0,0
BRDA:240,30,1,0
BRDA:247,31,0,0
BRDA:247,31,1,0
BRDA:248,32,0,0
BRDA:248,32,1,0
BRDA:279,33,0,0
BRDA:279,33,1,0
BRDA:304,34,0,0
BRDA:304,34,1,0
BRDA:327,35,0,0
BRDA:327,36,0,0
BRDA:329,37,0,0
BRDA:329,37,1,0
BRDA:330,38,0,0
BRDA:330,38,1,0
BRDA:368,39,0,0
BRDA:368,40,0,0
BRDA:372,41,0,0
BRDA:372,41,1,0
BRDA:372,42,0,0
BRDA:372,42,1,0
BRDA:379,43,0,0
BRDA:379,43,1,0
BRDA:380,44,0,0
BRDA:380,44,1,0
BRDA:437,45,0,0
BRDA:437,45,1,0
BRDA:456,46,0,0
BRDA:456,46,1,0
BRDA:470,47,0,0
BRDA:470,47,1,0
BRDA:470,48,0,0
BRDA:470,48,1,0
BRDA:472,49,0,0
BRDA:472,49,1,0
BRDA:473,50,0,0
BRDA:473,50,1,0
BRDA:479,51,0,0
BRDA:479,51,1,0
BRDA:531,52,0,0
BRDA:531,52,1,0
BRDA:540,53,0,0
BRDA:540,53,1,0
BRDA:540,54,0,0
BRDA:540,54,1,0
BRDA:541,55,0,0
BRDA:541,55,1,0
BRDA:543,56,0,0
BRDA:543,56,1,0
BRDA:550,57,0,0
BRDA:550,57,1,0
BRDA:551,58,0,0
BRDA:551,58,1,0
BRDA:552,59,0,0
BRDA:552,59,1,0
BRF:116
BRH:0
end_of_record
TN:
SF:src\helpers\chatbot.js
FN:10,(anonymous_0)
FN:11,(anonymous_1)
FN:16,getChatReply
FNF:3
FNH:0
FNDA:0,(anonymous_0)
FNDA:0,(anonymous_1)
FNDA:0,getChatReply
DA:1,0
DA:2,0
DA:4,0
DA:5,0
DA:6,0
DA:8,0
DA:10,0
DA:12,0
DA:17,0
DA:18,0
DA:20,0
DA:21,0
DA:25,0
DA:30,0
DA:31,0
DA:32,0
DA:33,0
DA:34,0
DA:36,0
DA:37,0
DA:41,0
LF:21
LH:0
BRDA:4,0,0,0
BRDA:4,0,1,0
BRDA:4,1,0,0
BRDA:4,1,1,0
BRDA:12,2,0,0
BRDA:12,2,1,0
BRDA:18,3,0,0
BRDA:18,3,1,0
BRF:8
BRH:0
end_of_record
TN:
SF:src\helpers\generate.js
FN:4,(anonymous_0)
FN:19,(anonymous_1)
FNF:2
FNH:1
FNDA:2,(anonymous_0)
FNDA:0,(anonymous_1)
DA:2,2
DA:4,2
DA:5,2
DA:12,2
DA:19,2
DA:20,0
DA:21,0
DA:22,0
DA:23,0
DA:25,0
LF:10
LH:5
BRDA:4,0,0,2
BRF:1
BRH:1
end_of_record
TN:
SF:src\helpers\query.js
FN:14,clamp
FN:16,parseNumber
FN:22,parseSort
FN:25,(anonymous_3)
FN:37,getPagingParams
FN:46,applyPagingAndSortingToQuery
FN:54,buildPipelineStages
FN:63,buildMeta
FN:69,buildSearchFilter
FN:75,(anonymous_9)
FNF:10
FNH:0
FNDA:0,clamp
FNDA:0,parseNumber
FNDA:0,parseSort
FNDA:0,(anonymous_3)
FNDA:0,getPagingParams
FNDA:0,applyPagingAndSortingToQuery
FNDA:0,buildPipelineStages
FNDA:0,buildMeta
FNDA:0,buildSearchFilter
FNDA:0,(anonymous_9)
DA:14,0
DA:17,0
DA:18,0
DA:23,0
DA:24,0
DA:25,0
DA:26,0
DA:29,0
DA:30,0
DA:31,0
DA:32,0
DA:34,0
DA:38,0
DA:39,0
DA:40,0
DA:41,0
DA:42,0
DA:43,0
DA:47,0
DA:48,0
DA:49,0
DA:50,0
DA:51,0
DA:55,0
DA:56,0
DA:57,0
DA:58,0
DA:59,0
DA:60,0
DA:64,0
DA:65,0
DA:70,0
DA:71,0
DA:72,0
DA:73,0
DA:74,0
DA:75,0
DA:79,0
LF:38
LH:0
BRDA:18,0,0,0
BRDA:18,0,1,0
BRDA:22,1,0,0
BRDA:22,2,0,0
BRDA:24,3,0,0
BRDA:24,3,1,0
BRDA:24,4,0,0
BRDA:24,4,1,0
BRDA:26,5,0,0
BRDA:26,5,1,0
BRDA:29,6,0,0
BRDA:29,6,1,0
BRDA:30,7,0,0
BRDA:30,7,1,0
BRDA:31,8,0,0
BRDA:31,8,1,0
BRDA:31,9,0,0
BRDA:31,9,1,0
BRDA:32,10,0,0
BRDA:32,10,1,0
BRDA:37,11,0,0
BRDA:38,12,0,0
BRDA:38,13,0,0
BRDA:38,14,0,0
BRDA:38,15,0,0
BRDA:38,16,0,0
BRDA:48,17,0,0
BRDA:48,17,1,0
BRDA:48,18,0,0
BRDA:48,18,1,0
BRDA:49,19,0,0
BRDA:49,19,1,0
BRDA:50,20,0,0
BRDA:50,20,1,0
BRDA:57,21,0,0
BRDA:57,21,1,0
BRDA:57,22,0,0
BRDA:57,22,1,0
BRDA:58,23,0,0
BRDA:58,23,1,0
BRDA:58,24,0,0
BRDA:58,24,1,0
BRDA:59,25,0,0
BRDA:59,25,1,0
BRDA:64,26,0,0
BRDA:64,26,1,0
BRDA:64,27,0,0
BRDA:64,27,1,0
BRDA:69,28,0,0
BRDA:69,29,0,0
BRDA:70,30,0,0
BRDA:70,30,1,0
BRDA:72,31,0,0
BRDA:72,31,1,0
BRDA:72,32,0,0
BRDA:72,32,1,0
BRF:56
BRH:0
end_of_record
TN:
SF:src\helpers\sendMail.js
FN:3,(anonymous_0)
FNF:1
FNH:0
FNDA:0,(anonymous_0)
DA:1,2
DA:3,2
DA:4,0
DA:5,0
DA:13,0
DA:20,0
DA:21,0
DA:23,0
LF:8
LH:2
BRF:0
BRH:0
end_of_record
TN:
SF:src\middlewares\authenticate.js
FN:3,(anonymous_0)
FNF:1
FNH:0
FNDA:0,(anonymous_0)
DA:1,0
DA:3,0
DA:4,0
DA:5,0
DA:7,0
DA:8,0
DA:9,0
DA:10,0
DA:12,0
LF:9
LH:0
BRDA:5,0,0,0
BRDA:5,0,1,0
BRF:2
BRH:0
end_of_record
TN:
SF:src\middlewares\authorize.js
FN:11,(anonymous_0)
FN:12,(anonymous_1)
FN:27,(anonymous_2)
FNF:3
FNH:0
FNDA:0,(anonymous_0)
FNDA:0,(anonymous_1)
FNDA:0,(anonymous_2)
DA:1,0
DA:3,0
DA:11,0
DA:12,0
DA:13,0
DA:14,0
DA:15,0
DA:18,0
DA:19,0
DA:20,0
DA:23,0
DA:24,0
DA:26,0
DA:27,0
DA:30,0
DA:31,0
DA:34,0
DA:36,0
DA:37,0
LF:19
LH:0
BRDA:14,0,0,0
BRDA:14,0,1,0
BRDA:14,1,0,0
BRDA:14,1,1,0
BRDA:19,2,0,0
BRDA:19,2,1,0
BRDA:19,3,0,0
BRDA:19,3,1,0
BRDA:24,4,0,0
BRDA:24,4,1,0
BRDA:27,5,0,0
BRDA:27,5,1,0
BRDA:30,6,0,0
BRDA:30,6,1,0
BRF:14
BRH:0
end_of_record
TN:
SF:src\middlewares\rateLimit.js
FNF:0
FNH:0
DA:2,0
DA:4,0
LF:2
LH:0
BRF:0
BRH:0
end_of_record
TN:
SF:src\middlewares\uploadCloudinary.js
FN:11,(anonymous_0)
FN:12,(anonymous_1)
FN:13,(anonymous_2)
FN:21,(anonymous_3)
FNF:4
FNH:0
FNDA:0,(anonymous_0)
FNDA:0,(anonymous_1)
FNDA:0,(anonymous_2)
FNDA:0,(anonymous_3)
DA:1,2
DA:2,2
DA:3,2
DA:5,2
DA:11,2
DA:12,0
DA:13,0
DA:14,0
DA:15,0
DA:17,0
DA:21,2
DA:22,0
LF:12
LH:6
BRDA:14,0,0,0
BRDA:14,0,1,0
BRF:2
BRH:0
end_of_record
TN:
SF:src\middlewares\uploadMemory.js
FNF:0
FNH:0
DA:1,0
DA:2,0
DA:3,0
DA:4,0
LF:4
LH:0
BRF:0
BRH:0
end_of_record
TN:
SF:src\middlewares\user_middleware.js
FN:4,(anonymous_0)
FNF:1
FNH:0
FNDA:0,(anonymous_0)
DA:1,0
DA:2,0
DA:4,0
DA:5,0
DA:6,0
DA:8,0
DA:9,0
DA:13,0
DA:16,0
DA:22,0
DA:23,0
DA:27,0
DA:28,0
DA:29,0
DA:30,0
DA:34,0
LF:16
LH:0
BRDA:8,0,0,0
BRDA:8,0,1,0
BRDA:22,1,0,0
BRDA:22,1,1,0
BRDA:27,2,0,0
BRDA:27,2,1,0
BRDA:29,3,0,0
BRDA:29,3,1,0
BRF:8
BRH:0
end_of_record
TN:
SF:src\models\account.js
FNF:0
FNH:0
DA:2,2
DA:3,2
DA:5,2
DA:23,2
LF:4
LH:4
BRF:0
BRH:0
end_of_record
TN:
SF:src\models\admin.js
FNF:0
FNH:0
DA:1,0
DA:3,0
DA:9,0
LF:3
LH:0
BRF:0
BRH:0
end_of_record
TN:
SF:src\models\appointment.js
FNF:0
FNH:0
DA:1,0
DA:3,0
DA:46,0
LF:3
LH:0
BRF:0
BRH:0
end_of_record
TN:
SF:src\models\chatMessage.js
FNF:0
FNH:0
DA:2,0
DA:4,0
DA:43,0
LF:3
LH:0
BRF:0
BRH:0
end_of_record
TN:
SF:src\models\doctor.js
FNF:0
FNH:0
DA:1,0
DA:3,0
DA:15,0
LF:3
LH:0
BRF:0
BRH:0
end_of_record
TN:
SF:src\models\familyMember.js
FNF:0
FNH:0
DA:1,0
DA:3,0
DA:12,0
LF:3
LH:0
BRF:0
BRH:0
end_of_record
TN:
SF:src\models\forgotPassword.js
FN:15,(anonymous_0)
FNF:1
FNH:0
FNDA:0,(anonymous_0)
DA:1,2
DA:3,2
DA:15,0
DA:22,2
LF:4
LH:3
BRF:0
BRH:0
end_of_record
TN:
SF:src\models\healthProfile.js
FNF:0
FNH:0
DA:1,0
DA:3,0
DA:21,0
LF:3
LH:0
BRF:0
BRH:0
end_of_record
TN:
SF:src\models\invoice.js
FNF:0
FNH:0
DA:1,0
DA:3,0
DA:59,0
LF:3
LH:0
BRF:0
BRH:0
end_of_record
TN:
SF:src\models\labOrder.js
FNF:0
FNH:0
DA:1,0
DA:2,0
DA:4,0
DA:35,0
LF:4
LH:0
BRF:0
BRH:0
end_of_record
TN:
SF:src\models\medicalRecord.js
FNF:0
FNH:0
DA:1,0
DA:3,0
DA:20,0
LF:3
LH:0
BRF:0
BRH:0
end_of_record
TN:
SF:src\models\medicine.js
FNF:0
FNH:0
DA:1,0
DA:3,0
DA:38,0
LF:3
LH:0
BRF:0
BRH:0
end_of_record
TN:
SF:src\models\patient.js
FNF:0
FNH:0
DA:1,2
DA:3,2
DA:13,2
LF:3
LH:3
BRF:0
BRH:0
end_of_record
TN:
SF:src\models\prescription.js
FNF:0
FNH:0
DA:1,0
DA:3,0
DA:46,0
LF:3
LH:0
BRF:0
BRH:0
end_of_record
TN:
SF:src\models\receptionist.js
FNF:0
FNH:0
DA:1,0
DA:3,0
DA:9,0
LF:3
LH:0
BRF:0
BRH:0
end_of_record
TN:
SF:src\models\role.js
FNF:0
FNH:0
DA:2,2
DA:4,2
DA:21,2
LF:3
LH:3
BRF:0
BRH:0
end_of_record
TN:
SF:src\models\schedule.js
FNF:0
FNH:0
DA:1,0
DA:3,0
DA:28,0
DA:30,0
LF:4
LH:0
BRF:0
BRH:0
end_of_record
TN:
SF:src\models\service.js
FNF:0
FNH:0
DA:1,0
DA:3,0
DA:22,0
LF:3
LH:0
BRF:0
BRH:0
end_of_record
TN:
SF:src\models\specialty.js
FNF:0
FNH:0
DA:1,0
DA:3,0
DA:8,0
LF:3
LH:0
BRF:0
BRH:0
end_of_record
TN:
SF:src\models\treatment.js
FNF:0
FNH:0
DA:1,0
DA:3,0
DA:37,0
LF:3
LH:0
BRF:0
BRH:0
end_of_record
TN:
SF:src\routes\accountRoutes.js
FNF:0
FNH:0
DA:1,2
DA:2,2
DA:3,2
DA:4,2
DA:5,2
DA:7,2
DA:10,2
DA:13,2
DA:16,2
DA:19,2
DA:22,2
DA:25,2
DA:27,2
DA:29,2
DA:31,2
DA:33,2
DA:34,2
LF:17
LH:17
BRF:0
BRH:0
end_of_record
TN:
SF:src\routes\adminRoutes.js
FNF:0
FNH:0
DA:1,0
DA:2,0
DA:3,0
DA:5,0
DA:8,0
DA:10,0
DA:12,0
DA:14,0
DA:16,0
DA:18,0
DA:20,0
LF:11
LH:0
BRF:0
BRH:0
end_of_record
TN:
SF:src\routes\appointmentRoutes.js
FNF:0
FNH:0
DA:1,0
DA:2,0
DA:4,0
DA:7,0
DA:8,0
DA:9,0
DA:10,0
DA:11,0
DA:12,0
DA:13,0
DA:14,0
DA:15,0
DA:16,0
DA:17,0
DA:18,0
DA:19,0
DA:21,0
LF:17
LH:0
BRF:0
BRH:0
end_of_record
TN:
SF:src\routes\chatbotRoutes.js
FN:6,(anonymous_0)
FNF:1
FNH:0
FNDA:0,(anonymous_0)
DA:1,0
DA:2,0
DA:3,0
DA:4,0
DA:6,0
DA:7,0
DA:8,0
DA:10,0
DA:15,0
DA:16,0
DA:19,0
DA:21,0
LF:12
LH:0
BRF:0
BRH:0
end_of_record
TN:
SF:src\routes\doctorRoutes.js
FNF:0
FNH:0
DA:1,0
DA:2,0
DA:3,0
DA:4,0
DA:6,0
DA:9,0
DA:12,0
DA:15,0
DA:19,0
DA:21,0
DA:24,0
DA:27,0
DA:30,0
DA:33,0
DA:35,0
LF:15
LH:0
BRF:0
BRH:0
end_of_record
TN:
SF:src\routes\familyMemberRoutes.js
FNF:0
FNH:0
DA:1,0
DA:2,0
DA:3,0
DA:5,0
DA:8,0
DA:11,0
DA:12,0
DA:14,0
LF:8
LH:0
BRF:0
BRH:0
end_of_record
TN:
SF:src\routes\healthProfileRoutes.js
FNF:0
FNH:0
DA:1,0
DA:2,0
DA:3,0
DA:6,0
DA:7,0
DA:9,0
DA:10,0
DA:11,0
LF:8
LH:0
BRF:0
BRH:0
end_of_record
TN:
SF:src\routes\indexRoutes.js
FN:24,(anonymous_0)
FNF:1
FNH:0
FNDA:0,(anonymous_0)
DA:1,0
DA:2,0
DA:3,0
DA:4,0
DA:5,0
DA:6,0
DA:7,0
DA:8,0
DA:9,0
DA:10,0
DA:11,0
DA:12,0
DA:13,0
DA:14,0
DA:15,0
DA:16,0
DA:17,0
DA:18,0
DA:19,0
DA:20,0
DA:21,0
DA:22,0
DA:24,0
DA:25,0
DA:26,0
DA:27,0
DA:28,0
DA:29,0
DA:30,0
DA:31,0
DA:33,0
DA:34,0
DA:35,0
DA:36,0
DA:37,0
DA:38,0
DA:39,0
DA:40,0
DA:41,0
DA:42,0
DA:43,0
DA:44,0
DA:45,0
LF:43
LH:0
BRF:0
BRH:0
end_of_record
TN:
SF:src\routes\invoiceRoutes.js
FNF:0
FNH:0
DA:1,0
DA:2,0
DA:3,0
DA:7,0
DA:10,0
DA:13,0
DA:14,0
DA:17,0
DA:18,0
DA:22,0
DA:23,0
DA:24,0
DA:25,0
DA:26,0
LF:14
LH:0
BRF:0
BRH:0
end_of_record
TN:
SF:src\routes\labOrderRoutes.js
FNF:0
FNH:0
DA:1,0
DA:2,0
DA:3,0
DA:5,0
DA:6,0
DA:7,0
DA:9,0
LF:7
LH:0
BRF:0
BRH:0
end_of_record
TN:
SF:src\routes\medicalRecordRoutes.js
FNF:0
FNH:0
DA:1,0
DA:2,0
DA:3,0
DA:5,0
DA:6,0
DA:8,0
LF:6
LH:0
BRF:0
BRH:0
end_of_record
TN:
SF:src\routes\medicineRoutes.js
FNF:0
FNH:0
DA:1,0
DA:2,0
DA:3,0
DA:5,0
DA:6,0
DA:7,0
DA:8,0
DA:9,0
DA:11,0
LF:9
LH:0
BRF:0
BRH:0
end_of_record
TN:
SF:src\routes\patientRoutes.js
FNF:0
FNH:0
DA:1,2
DA:2,2
DA:3,2
DA:6,2
DA:8,2
DA:10,2
DA:12,2
DA:14,2
DA:16,2
DA:18,2
LF:10
LH:10
BRF:0
BRH:0
end_of_record
TN:
SF:src\routes\prescriptionRoutes.js
FNF:0
FNH:0
DA:1,0
DA:2,0
DA:3,0
DA:6,0
DA:7,0
DA:8,0
DA:10,0
LF:7
LH:0
BRF:0
BRH:0
end_of_record
TN:
SF:src\routes\receptionistRoutes.js
FNF:0
FNH:0
DA:1,0
DA:2,0
DA:3,0
DA:6,0
DA:7,0
DA:8,0
DA:9,0
DA:10,0
DA:11,0
DA:13,0
LF:10
LH:0
BRF:0
BRH:0
end_of_record
TN:
SF:src\routes\roleRoutes.js
FNF:0
FNH:0
DA:1,0
DA:2,0
DA:3,0
DA:5,0
DA:7,0
DA:8,0
DA:9,0
DA:10,0
DA:12,0
LF:9
LH:0
BRF:0
BRH:0
end_of_record
TN:
SF:src\routes\scheduleRoutes.js
FNF:0
FNH:0
DA:1,0
DA:2,0
DA:3,0
DA:5,0
DA:7,0
DA:8,0
DA:10,0
DA:13,0
DA:16,0
DA:19,0
DA:21,0
LF:11
LH:0
BRF:0
BRH:0
end_of_record
TN:
SF:src\routes\serviceRoutes.js
FNF:0
FNH:0
DA:1,0
DA:2,0
DA:3,0
DA:6,0
DA:8,0
DA:10,0
DA:12,0
DA:14,0
DA:16,0
LF:9
LH:0
BRF:0
BRH:0
end_of_record
TN:
SF:src\routes\specialtyRoutes.js
FNF:0
FNH:0
DA:1,0
DA:2,0
DA:3,0
DA:6,0
DA:7,0
DA:8,0
DA:9,0
DA:10,0
DA:12,0
LF:9
LH:0
BRF:0
BRH:0
end_of_record
TN:
SF:src\routes\statsRoutes.js
FNF:0
FNH:0
DA:1,0
DA:2,0
DA:4,0
DA:6,0
DA:7,0
DA:8,0
DA:9,0
DA:10,0
DA:11,0
DA:12,0
DA:14,0
LF:11
LH:0
BRF:0
BRH:0
end_of_record
TN:
SF:src\routes\treatmentRoutes.js
FNF:0
FNH:0
DA:1,0
DA:2,0
DA:4,0
DA:7,0
DA:10,0
DA:13,0
DA:16,0
DA:19,0
DA:22,0
DA:25,0
DA:28,0
DA:30,0
DA:32,0
LF:13
LH:0
BRF:0
BRH:0
end_of_record
TN:
SF:src\routes\vnpayRoutes.js
FNF:0
FNH:0
DA:1,0
DA:2,0
DA:3,0
DA:5,0
DA:6,0
DA:8,0
LF:6
LH:0
BRF:0
BRH:0
end_of_record
TN:
SF:src\services\geminiService.js
FN:5,(anonymous_0)
FNF:1
FNH:0
FNDA:0,(anonymous_0)
DA:2,0
DA:3,0
DA:5,0
DA:6,0
DA:7,0
DA:8,0
DA:9,0
DA:12,0
DA:20,0
DA:22,0
DA:23,0
DA:24,0
DA:26,0
DA:28,0
DA:31,0
DA:32,0
DA:33,0
DA:34,0
DA:35,0
DA:38,0
DA:39,0
DA:40,0
DA:41,0
DA:42,0
DA:46,0
DA:47,0
DA:48,0
DA:49,0
DA:50,0
LF:29
LH:0
BRDA:3,0,0,0
BRDA:3,0,1,0
BRDA:5,1,0,0
BRDA:6,2,0,0
BRDA:6,2,1,0
BRDA:15,3,0,0
BRDA:15,3,1,0
BRDA:16,4,0,0
BRDA:16,4,1,0
BRDA:28,5,0,0
BRDA:28,5,1,0
BRDA:31,6,0,0
BRDA:31,6,1,0
BRDA:31,7,0,0
BRDA:31,7,1,0
BRDA:38,8,0,0
BRDA:38,8,1,0
BRDA:46,9,0,0
BRDA:46,9,1,0
BRF:19
BRH:0
end_of_record
TN:
SF:src\services\invoiceService.js
FN:5,resolveOwnerDetail
FN:22,formatPrescription
FN:28,(anonymous_2)
FN:38,formatLabOrder
FN:44,(anonymous_4)
FN:54,generateInvoiceNumber
FN:61,isValidObjectId
FNF:7
FNH:0
FNDA:0,resolveOwnerDetail
FNDA:0,formatPrescription
FNDA:0,(anonymous_2)
FNDA:0,formatLabOrder
FNDA:0,(anonymous_4)
FNDA:0,generateInvoiceNumber
FNDA:0,isValidObjectId
DA:2,0
DA:3,0
DA:6,0
DA:8,0
DA:9,0
DA:12,0
DA:13,0
DA:14,0
DA:17,0
DA:19,0
DA:23,0
DA:24,0
DA:28,0
DA:39,0
DA:40,0
DA:44,0
DA:55,0
DA:56,0
DA:57,0
DA:58,0
DA:62,0
DA:65,0
LF:22
LH:0
BRDA:6,0,0,0
BRDA:6,0,1,0
BRDA:6,1,0,0
BRDA:6,1,1,0
BRDA:6,1,2,0
BRDA:8,2,0,0
BRDA:8,2,1,0
BRDA:12,3,0,0
BRDA:12,3,1,0
BRDA:13,4,0,0
BRDA:13,4,1,0
BRDA:17,5,0,0
BRDA:17,5,1,0
BRDA:23,6,0,0
BRDA:23,6,1,0
BRDA:26,7,0,0
BRDA:26,7,1,0
BRDA:27,8,0,0
BRDA:27,8,1,0
BRDA:30,9,0,0
BRDA:30,9,1,0
BRDA:31,10,0,0
BRDA:31,10,1,0
BRDA:39,11,0,0
BRDA:39,11,1,0
BRDA:42,12,0,0
BRDA:42,12,1,0
BRDA:43,13,0,0
BRDA:43,13,1,0
BRDA:47,14,0,0
BRDA:47,14,1,0
BRDA:48,15,0,0
BRDA:48,15,1,0
BRDA:62,16,0,0
BRDA:62,16,1,0
BRF:35
BRH:0
end_of_record
TN:
SF:src\services\vnpayService.js
FN:9,sortObject
FN:12,(anonymous_1)
FN:21,(anonymous_2)
FN:67,(anonymous_3)
FN:85,(anonymous_4)
FNF:5
FNH:0
FNDA:0,sortObject
FNDA:0,(anonymous_1)
FNDA:0,(anonymous_2)
FNDA:0,(anonymous_3)
FNDA:0,(anonymous_4)
DA:1,0
DA:2,0
DA:3,0
DA:4,0
DA:10,0
DA:11,0
DA:12,0
DA:13,0
DA:15,0
DA:21,0
DA:30,0
DA:32,0
DA:33,0
DA:34,0
DA:36,0
DA:52,0
DA:54,0
DA:55,0
DA:56,0
DA:57,0
DA:59,0
DA:61,0
DA:67,0
DA:68,0
DA:71,0
DA:72,0
DA:73,0
DA:75,0
DA:76,0
DA:78,0
DA:79,0
DA:81,0
DA:85,0
DA:86,0
DA:102,0
LF:35
LH:0
BRDA:26,0,0,0
BRDA:28,1,0,0
BRDA:46,2,0,0
BRDA:46,2,1,0
BRDA:102,3,0,0
BRDA:102,3,1,0
BRF:6
BRH:0
end_of_record
TN:
SF:src\validates\accountValidate.js
FN:2,isValidEmail
FN:8,trimFields
FN:9,(anonymous_2)
FN:16,(anonymous_3)
FN:42,(anonymous_4)
FN:61,(anonymous_5)
FN:76,(anonymous_6)
FNF:7
FNH:5
FNDA:11,isValidEmail
FNDA:14,trimFields
FNDA:35,(anonymous_2)
FNDA:7,(anonymous_3)
FNDA:7,(anonymous_4)
FNDA:0,(anonymous_5)
FNDA:0,(anonymous_6)
DA:3,11
DA:4,11
DA:9,14
DA:10,35
DA:11,35
DA:16,2
DA:17,7
DA:19,7
DA:21,7
DA:22,1
DA:25,6
DA:26,1
DA:28,5
DA:29,1
DA:32,4
DA:33,1
DA:35,3
DA:36,1
DA:39,2
DA:42,2
DA:43,7
DA:45,7
DA:47,7
DA:48,1
DA:50,6
DA:51,1
DA:54,5
DA:55,1
DA:58,4
DA:61,2
DA:62,0
DA:64,0
DA:66,0
DA:67,0
DA:69,0
DA:70,0
DA:73,0
DA:76,2
DA:77,0
DA:79,0
DA:81,0
DA:82,0
DA:85,0
DA:86,0
DA:89,0
DA:90,0
DA:93,0
DA:94,0
DA:97,0
LF:49
LH:31
BRDA:10,0,0,35
BRDA:10,0,1,0
BRDA:21,1,0,1
BRDA:21,1,1,6
BRDA:25,2,0,1
BRDA:25,2,1,5
BRDA:28,3,0,1
BRDA:28,3,1,4
BRDA:32,4,0,1
BRDA:32,4,1,3
BRDA:35,5,0,1
BRDA:35,5,1,2
BRDA:47,6,0,1
BRDA:47,6,1,6
BRDA:50,7,0,1
BRDA:50,7,1,5
BRDA:54,8,0,1
BRDA:54,8,1,4
BRDA:66,9,0,0
BRDA:66,9,1,0
BRDA:69,10,0,0
BRDA:69,10,1,0
BRDA:81,11,0,0
BRDA:81,11,1,0
BRDA:85,12,0,0
BRDA:85,12,1,0
BRDA:89,13,0,0
BRDA:89,13,1,0
BRDA:93,14,0,0
BRDA:93,14,1,0
BRF:30
BRH:17
end_of_record
